<?xml version="1.0" encoding="UTF-8"?>
<coverage generated="1715067151271" clover="3.2.0">
  <project timestamp="1715067151271" name="All files">
    <metrics statements="496" coveredstatements="363" conditionals="163" coveredconditionals="92" methods="143" coveredmethods="103" elements="802" coveredelements="558" complexity="0" loc="496" ncloc="496" packages="10" files="14" classes="14"/>
    <package name="src.core">
      <metrics statements="147" coveredstatements="117" conditionals="47" coveredconditionals="30" methods="38" coveredmethods="25"/>
      <file name="index.ts" path="/Users/xg-a06/g/rex/src/core/index.ts">
        <metrics statements="122" coveredstatements="93" conditionals="46" coveredconditionals="29" methods="27" coveredmethods="15"/>
        <line num="1" count="6" type="stmt"/>
        <line num="2" count="6" type="stmt"/>
        <line num="4" count="6" type="stmt"/>
        <line num="7" count="6" type="stmt"/>
        <line num="8" count="6" type="stmt"/>
        <line num="9" count="6" type="stmt"/>
        <line num="13" count="6" type="stmt"/>
        <line num="14" count="6" type="stmt"/>
        <line num="15" count="6" type="stmt"/>
        <line num="19" count="6" type="stmt"/>
        <line num="20" count="6" type="stmt"/>
        <line num="21" count="12" type="stmt"/>
        <line num="26" count="54" type="stmt"/>
        <line num="30" count="12" type="stmt"/>
        <line num="31" count="12" type="stmt"/>
        <line num="32" count="72" type="stmt"/>
        <line num="33" count="72" type="stmt"/>
        <line num="34" count="72" type="cond" truecount="1" falsecount="0"/>
        <line num="35" count="36" type="stmt"/>
        <line num="36" count="36" type="stmt"/>
        <line num="37" count="36" type="stmt"/>
        <line num="43" count="0" type="stmt"/>
        <line num="44" count="0" type="cond" truecount="0" falsecount="1"/>
        <line num="45" count="0" type="stmt"/>
        <line num="46" count="0" type="stmt"/>
        <line num="47" count="0" type="stmt"/>
        <line num="48" count="0" type="stmt"/>
        <line num="54" count="17" type="cond" truecount="1" falsecount="0"/>
        <line num="55" count="9" type="stmt"/>
        <line num="57" count="0" type="stmt"/>
        <line num="65" count="15" type="cond" truecount="0" falsecount="1"/>
        <line num="66" count="0" type="stmt"/>
        <line num="68" count="15" type="stmt"/>
        <line num="70" count="15" type="stmt"/>
        <line num="71" count="15" type="cond" truecount="1" falsecount="0"/>
        <line num="72" count="7" type="stmt"/>
        <line num="75" count="8" type="stmt"/>
        <line num="77" count="39" type="cond" truecount="1" falsecount="1"/>
        <line num="78" count="0" type="stmt"/>
        <line num="79" count="39" type="cond" truecount="1" falsecount="1"/>
        <line num="80" count="0" type="stmt"/>
        <line num="81" count="39" type="cond" truecount="1" falsecount="1"/>
        <line num="82" count="0" type="stmt"/>
        <line num="83" count="39" type="cond" truecount="1" falsecount="0"/>
        <line num="84" count="8" type="stmt"/>
        <line num="86" count="31" type="stmt"/>
        <line num="87" count="31" type="cond" truecount="1" falsecount="0"/>
        <line num="88" count="9" type="stmt"/>
        <line num="89" count="9" type="stmt"/>
        <line num="91" count="22" type="stmt"/>
        <line num="94" count="25" type="cond" truecount="0" falsecount="1"/>
        <line num="95" count="0" type="stmt"/>
        <line num="97" count="25" type="stmt"/>
        <line num="98" count="25" type="cond" truecount="1" falsecount="0"/>
        <line num="99" count="3" type="stmt"/>
        <line num="101" count="22" type="stmt"/>
        <line num="102" count="22" type="stmt"/>
        <line num="105" count="0" type="stmt"/>
        <line num="106" count="0" type="stmt"/>
        <line num="109" count="5" type="stmt"/>
        <line num="110" count="5" type="stmt"/>
        <line num="113" count="8" type="stmt"/>
        <line num="115" count="8" type="cond" truecount="1" falsecount="0"/>
        <line num="116" count="6" type="stmt"/>
        <line num="119" count="8" type="stmt"/>
        <line num="120" count="8" type="stmt"/>
        <line num="122" count="8" type="stmt"/>
        <line num="127" count="20" type="cond" truecount="0" falsecount="1"/>
        <line num="128" count="0" type="stmt"/>
        <line num="131" count="20" type="stmt"/>
        <line num="133" count="20" type="cond" truecount="1" falsecount="0"/>
        <line num="134" count="14" type="stmt"/>
        <line num="135" count="14" type="cond" truecount="3" falsecount="1"/>
        <line num="136" count="14" type="cond" truecount="1" falsecount="0"/>
        <line num="137" count="11" type="stmt"/>
        <line num="141" count="9" type="stmt"/>
        <line num="143" count="77" type="cond" truecount="1" falsecount="1"/>
        <line num="144" count="0" type="stmt"/>
        <line num="145" count="77" type="cond" truecount="1" falsecount="1"/>
        <line num="146" count="0" type="stmt"/>
        <line num="147" count="77" type="cond" truecount="1" falsecount="1"/>
        <line num="148" count="0" type="stmt"/>
        <line num="149" count="77" type="cond" truecount="2" falsecount="0"/>
        <line num="150" count="8" type="stmt"/>
        <line num="151" count="8" type="stmt"/>
        <line num="152" count="69" type="cond" truecount="1" falsecount="0"/>
        <line num="153" count="8" type="stmt"/>
        <line num="154" count="8" type="cond" truecount="0" falsecount="1"/>
        <line num="155" count="0" type="stmt"/>
        <line num="157" count="8" type="stmt"/>
        <line num="160" count="61" type="stmt"/>
        <line num="162" count="61" type="cond" truecount="1" falsecount="0"/>
        <line num="163" count="14" type="stmt"/>
        <line num="164" count="14" type="stmt"/>
        <line num="166" count="47" type="stmt"/>
        <line num="169" count="0" type="stmt"/>
        <line num="172" count="6" type="stmt"/>
        <line num="173" count="6" type="cond" truecount="3" falsecount="1"/>
        <line num="174" count="6" type="stmt"/>
        <line num="175" count="6" type="stmt"/>
        <line num="178" count="0" type="stmt"/>
        <line num="181" count="9" type="stmt"/>
        <line num="183" count="9" type="cond" truecount="1" falsecount="0"/>
        <line num="184" count="6" type="stmt"/>
        <line num="187" count="9" type="stmt"/>
        <line num="188" count="9" type="cond" truecount="2" falsecount="0"/>
        <line num="189" count="9" type="stmt"/>
        <line num="190" count="9" type="stmt"/>
        <line num="191" count="9" type="stmt"/>
        <line num="193" count="9" type="stmt"/>
        <line num="197" count="0" type="stmt"/>
        <line num="199" count="0" type="stmt"/>
        <line num="201" count="0" type="stmt"/>
        <line num="202" count="0" type="stmt"/>
        <line num="205" count="0" type="stmt"/>
        <line num="209" count="6" type="stmt"/>
        <line num="210" count="0" type="cond" truecount="0" falsecount="4"/>
        <line num="213" count="6" type="stmt"/>
        <line num="214" count="0" type="stmt"/>
        <line num="217" count="6" type="stmt"/>
        <line num="218" count="0" type="stmt"/>
        <line num="221" count="6" type="stmt"/>
      </file>
      <file name="plugins.ts" path="/Users/xg-a06/g/rex/src/core/plugins.ts">
        <metrics statements="25" coveredstatements="24" conditionals="1" coveredconditionals="1" methods="11" coveredmethods="10"/>
        <line num="45" count="6" type="stmt"/>
        <line num="46" count="6" type="stmt"/>
        <line num="47" count="61" type="stmt"/>
        <line num="49" count="6" type="stmt"/>
        <line num="50" count="22" type="stmt"/>
        <line num="52" count="6" type="stmt"/>
        <line num="53" count="14" type="stmt"/>
        <line num="55" count="6" type="stmt"/>
        <line num="56" count="5" type="stmt"/>
        <line num="58" count="6" type="stmt"/>
        <line num="59" count="0" type="stmt"/>
        <line num="61" count="6" type="stmt"/>
        <line num="62" count="8" type="stmt"/>
        <line num="65" count="6" type="stmt"/>
        <line num="75" count="6" type="stmt"/>
        <line num="76" count="110" type="stmt"/>
        <line num="78" count="295" type="stmt"/>
        <line num="79" count="295" type="cond" truecount="1" falsecount="0"/>
        <line num="80" count="295" type="stmt"/>
        <line num="83" count="185" type="stmt"/>
        <line num="89" count="110" type="stmt"/>
        <line num="91" count="110" type="stmt"/>
        <line num="92" count="110" type="stmt"/>
        <line num="93" count="110" type="stmt"/>
        <line num="104" count="6" type="stmt"/>
      </file>
    </package>
    <package name="src.hooks">
      <metrics statements="153" coveredstatements="81" conditionals="38" coveredconditionals="13" methods="35" coveredmethods="16"/>
      <file name="tools.ts" path="/Users/xg-a06/g/rex/src/hooks/tools.ts">
        <metrics statements="16" coveredstatements="9" conditionals="0" coveredconditionals="0" methods="6" coveredmethods="3"/>
        <line num="2" count="6" type="stmt"/>
        <line num="3" count="6" type="stmt"/>
        <line num="6" count="6" type="stmt"/>
        <line num="7" count="0" type="stmt"/>
        <line num="8" count="0" type="stmt"/>
        <line num="9" count="0" type="stmt"/>
        <line num="12" count="6" type="stmt"/>
        <line num="13" count="0" type="stmt"/>
        <line num="14" count="0" type="stmt"/>
        <line num="15" count="0" type="stmt"/>
        <line num="17" count="0" type="stmt"/>
        <line num="20" count="6" type="stmt"/>
        <line num="21" count="21" type="stmt"/>
        <line num="22" count="6" type="stmt"/>
        <line num="23" count="6" type="stmt"/>
        <line num="29" count="6" type="stmt"/>
      </file>
      <file name="useReactive.ts" path="/Users/xg-a06/g/rex/src/hooks/useReactive.ts">
        <metrics statements="102" coveredstatements="63" conditionals="27" coveredconditionals="13" methods="21" coveredmethods="13"/>
        <line num="3" count="6" type="stmt"/>
        <line num="4" count="6" type="stmt"/>
        <line num="5" count="6" type="stmt"/>
        <line num="6" count="6" type="stmt"/>
        <line num="7" count="6" type="stmt"/>
        <line num="8" count="6" type="stmt"/>
        <line num="17" count="6" type="stmt"/>
        <line num="18" count="29" type="stmt"/>
        <line num="19" count="21" type="stmt"/>
        <line num="21" count="21" type="stmt"/>
        <line num="22" count="6" type="stmt"/>
        <line num="23" count="6" type="stmt"/>
        <line num="24" count="6" type="stmt"/>
        <line num="28" count="21" type="stmt"/>
        <line num="29" count="29" type="cond" truecount="1" falsecount="0"/>
        <line num="30" count="29" type="stmt"/>
        <line num="35" count="6" type="stmt"/>
        <line num="36" count="27" type="cond" truecount="1" falsecount="0"/>
        <line num="37" count="6" type="stmt"/>
        <line num="39" count="21" type="stmt"/>
        <line num="40" count="21" type="stmt"/>
        <line num="41" count="21" type="cond" truecount="1" falsecount="0"/>
        <line num="42" count="21" type="stmt"/>
        <line num="43" count="32" type="stmt"/>
        <line num="44" count="75" type="stmt"/>
        <line num="45" count="75" type="stmt"/>
        <line num="46" count="75" type="cond" truecount="3" falsecount="1"/>
        <line num="49" count="21" type="stmt"/>
        <line num="53" count="6" type="stmt"/>
        <line num="54" count="0" type="stmt"/>
        <line num="55" count="0" type="stmt"/>
        <line num="56" count="0" type="cond" truecount="0" falsecount="1"/>
        <line num="57" count="0" type="stmt"/>
        <line num="58" count="0" type="stmt"/>
        <line num="59" count="0" type="stmt"/>
        <line num="64" count="6" type="stmt"/>
        <line num="65" count="6" type="cond" truecount="2" falsecount="1"/>
        <line num="66" count="0" type="cond" truecount="0" falsecount="3"/>
        <line num="67" count="0" type="stmt"/>
        <line num="69" count="0" type="stmt"/>
        <line num="70" count="0" type="stmt"/>
        <line num="72" count="0" type="stmt"/>
        <line num="74" count="6" type="stmt"/>
        <line num="75" count="6" type="cond" truecount="0" falsecount="1"/>
        <line num="76" count="0" type="cond" truecount="0" falsecount="1"/>
        <line num="77" count="0" type="stmt"/>
        <line num="78" count="0" type="stmt"/>
        <line num="80" count="0" type="stmt"/>
        <line num="82" count="6" type="cond" truecount="1" falsecount="0"/>
        <line num="83" count="6" type="stmt"/>
        <line num="84" count="6" type="stmt"/>
        <line num="85" count="6" type="stmt"/>
        <line num="87" count="6" type="stmt"/>
        <line num="88" count="6" type="stmt"/>
        <line num="89" count="6" type="stmt"/>
        <line num="90" count="6" type="stmt"/>
        <line num="91" count="6" type="stmt"/>
        <line num="93" count="6" type="stmt"/>
        <line num="94" count="6" type="stmt"/>
        <line num="95" count="6" type="stmt"/>
        <line num="98" count="6" type="cond" truecount="0" falsecount="1"/>
        <line num="99" count="21" type="stmt"/>
        <line num="100" count="21" type="stmt"/>
        <line num="101" count="21" type="stmt"/>
        <line num="103" count="21" type="stmt"/>
        <line num="104" count="6" type="stmt"/>
        <line num="105" count="6" type="stmt"/>
        <line num="106" count="6" type="stmt"/>
        <line num="107" count="15" type="cond" truecount="1" falsecount="0"/>
        <line num="108" count="15" type="stmt"/>
        <line num="109" count="15" type="stmt"/>
        <line num="111" count="0" type="stmt"/>
        <line num="112" count="0" type="cond" truecount="0" falsecount="2"/>
        <line num="115" count="6" type="stmt"/>
        <line num="116" count="6" type="stmt"/>
        <line num="119" count="21" type="stmt"/>
        <line num="121" count="6" type="stmt"/>
        <line num="124" count="21" type="cond" truecount="3" falsecount="1"/>
        <line num="127" count="6" type="stmt"/>
        <line num="128" count="0" type="stmt"/>
        <line num="129" count="0" type="stmt"/>
        <line num="130" count="0" type="stmt"/>
        <line num="131" count="0" type="stmt"/>
        <line num="133" count="0" type="stmt"/>
        <line num="135" count="0" type="stmt"/>
        <line num="138" count="0" type="stmt"/>
        <line num="139" count="0" type="cond" truecount="0" falsecount="2"/>
        <line num="140" count="0" type="stmt"/>
        <line num="141" count="0" type="stmt"/>
        <line num="142" count="0" type="stmt"/>
        <line num="143" count="0" type="stmt"/>
        <line num="144" count="0" type="stmt"/>
        <line num="145" count="0" type="stmt"/>
        <line num="146" count="0" type="stmt"/>
        <line num="147" count="0" type="stmt"/>
        <line num="149" count="0" type="stmt"/>
        <line num="151" count="0" type="stmt"/>
        <line num="155" count="0" type="stmt"/>
        <line num="156" count="0" type="stmt"/>
        <line num="157" count="0" type="stmt"/>
        <line num="161" count="0" type="stmt"/>
        <line num="165" count="6" type="stmt"/>
      </file>
      <file name="useWatch.ts" path="/Users/xg-a06/g/rex/src/hooks/useWatch.ts">
        <metrics statements="35" coveredstatements="9" conditionals="11" coveredconditionals="0" methods="8" coveredmethods="0"/>
        <line num="2" count="6" type="stmt"/>
        <line num="3" count="6" type="stmt"/>
        <line num="4" count="6" type="stmt"/>
        <line num="5" count="6" type="stmt"/>
        <line num="6" count="6" type="stmt"/>
        <line num="12" count="6" type="stmt"/>
        <line num="13" count="0" type="stmt"/>
        <line num="14" count="0" type="cond" truecount="0" falsecount="3"/>
        <line num="15" count="0" type="stmt"/>
        <line num="17" count="0" type="cond" truecount="0" falsecount="1"/>
        <line num="18" count="0" type="stmt"/>
        <line num="20" count="0" type="stmt"/>
        <line num="21" count="0" type="cond" truecount="0" falsecount="1"/>
        <line num="22" count="0" type="stmt"/>
        <line num="26" count="0" type="stmt"/>
        <line num="27" count="0" type="stmt"/>
        <line num="28" count="0" type="stmt"/>
        <line num="31" count="0" type="stmt"/>
        <line num="36" count="6" type="stmt"/>
        <line num="37" count="0" type="stmt"/>
        <line num="38" count="0" type="stmt"/>
        <line num="42" count="6" type="stmt"/>
        <line num="43" count="0" type="stmt"/>
        <line num="44" count="0" type="stmt"/>
        <line num="46" count="0" type="stmt"/>
        <line num="47" count="0" type="stmt"/>
        <line num="48" count="0" type="cond" truecount="0" falsecount="1"/>
        <line num="49" count="0" type="stmt"/>
        <line num="51" count="0" type="stmt"/>
        <line num="52" count="0" type="cond" truecount="0" falsecount="1"/>
        <line num="53" count="0" type="stmt"/>
        <line num="55" count="0" type="stmt"/>
        <line num="56" count="0" type="stmt"/>
        <line num="57" count="0" type="cond" truecount="0" falsecount="4"/>
        <line num="64" count="6" type="stmt"/>
      </file>
    </package>
    <package name="src.plugins">
      <metrics statements="118" coveredstatements="88" conditionals="66" coveredconditionals="40" methods="25" coveredmethods="18"/>
      <file name="reactive.ts" path="/Users/xg-a06/g/rex/src/plugins/reactive.ts">
        <metrics statements="62" coveredstatements="59" conditionals="41" coveredconditionals="33" methods="13" coveredmethods="13"/>
        <line num="4" count="6" type="stmt"/>
        <line num="6" count="6" type="stmt"/>
        <line num="12" count="6" type="stmt"/>
        <line num="13" count="6" type="stmt"/>
        <line num="14" count="6" type="stmt"/>
        <line num="17" count="6" type="stmt"/>
        <line num="20" count="6" type="stmt"/>
        <line num="21" count="6" type="stmt"/>
        <line num="24" count="6" type="stmt"/>
        <line num="25" count="75" type="cond" truecount="3" falsecount="1"/>
        <line num="26" count="75" type="stmt"/>
        <line num="27" count="75" type="stmt"/>
        <line num="30" count="6" type="stmt"/>
        <line num="31" count="75" type="stmt"/>
        <line num="33" count="75" type="cond" truecount="2" falsecount="0"/>
        <line num="34" count="75" type="cond" truecount="2" falsecount="0"/>
        <line num="35" count="75" type="stmt"/>
        <line num="36" count="75" type="cond" truecount="0" falsecount="1"/>
        <line num="37" count="0" type="stmt"/>
        <line num="39" count="75" type="stmt"/>
        <line num="40" count="75" type="stmt"/>
        <line num="41" count="75" type="stmt"/>
        <line num="44" count="75" type="cond" truecount="2" falsecount="0"/>
        <line num="45" count="75" type="cond" truecount="2" falsecount="0"/>
        <line num="46" count="75" type="stmt"/>
        <line num="47" count="75" type="stmt"/>
        <line num="48" count="75" type="stmt"/>
        <line num="51" count="6" type="stmt"/>
        <line num="54" count="61" type="stmt"/>
        <line num="56" count="61" type="cond" truecount="0" falsecount="1"/>
        <line num="57" count="0" type="stmt"/>
        <line num="60" count="61" type="stmt"/>
        <line num="63" count="6" type="stmt"/>
        <line num="66" count="22" type="stmt"/>
        <line num="67" count="22" type="stmt"/>
        <line num="69" count="22" type="stmt"/>
        <line num="71" count="22" type="stmt"/>
        <line num="72" count="22" type="cond" truecount="3" falsecount="1"/>
        <line num="74" count="22" type="cond" truecount="3" falsecount="0"/>
        <line num="75" count="18" type="stmt"/>
        <line num="76" count="17" type="stmt"/>
        <line num="80" count="22" type="cond" truecount="3" falsecount="1"/>
        <line num="81" count="22" type="cond" truecount="3" falsecount="0"/>
        <line num="82" count="4" type="stmt"/>
        <line num="83" count="4" type="stmt"/>
        <line num="88" count="6" type="stmt"/>
        <line num="91" count="14" type="stmt"/>
        <line num="93" count="14" type="cond" truecount="0" falsecount="1"/>
        <line num="94" count="0" type="stmt"/>
        <line num="97" count="14" type="stmt"/>
        <line num="100" count="6" type="stmt"/>
        <line num="103" count="5" type="stmt"/>
        <line num="105" count="5" type="stmt"/>
        <line num="106" count="5" type="cond" truecount="3" falsecount="1"/>
        <line num="107" count="5" type="cond" truecount="3" falsecount="0"/>
        <line num="108" count="4" type="stmt"/>
        <line num="109" count="4" type="stmt"/>
        <line num="113" count="5" type="cond" truecount="3" falsecount="1"/>
        <line num="114" count="5" type="cond" truecount="1" falsecount="0"/>
        <line num="115" count="4" type="stmt"/>
        <line num="116" count="4" type="stmt"/>
        <line num="122" count="6" type="stmt"/>
      </file>
      <file name="subscribe.ts" path="/Users/xg-a06/g/rex/src/plugins/subscribe.ts">
        <metrics statements="56" coveredstatements="29" conditionals="25" coveredconditionals="7" methods="12" coveredmethods="5"/>
        <line num="3" count="6" type="stmt"/>
        <line num="5" count="6" type="stmt"/>
        <line num="10" count="6" type="stmt"/>
        <line num="13" count="6" type="stmt"/>
        <line num="14" count="6" type="stmt"/>
        <line num="17" count="6" type="stmt"/>
        <line num="20" count="6" type="stmt"/>
        <line num="21" count="0" type="stmt"/>
        <line num="22" count="0" type="stmt"/>
        <line num="24" count="0" type="stmt"/>
        <line num="25" count="0" type="cond" truecount="0" falsecount="1"/>
        <line num="26" count="0" type="stmt"/>
        <line num="28" count="0" type="cond" truecount="0" falsecount="1"/>
        <line num="29" count="0" type="stmt"/>
        <line num="32" count="0" type="stmt"/>
        <line num="35" count="6" type="stmt"/>
        <line num="36" count="36" type="stmt"/>
        <line num="37" count="36" type="stmt"/>
        <line num="38" count="36" type="cond" truecount="1" falsecount="0"/>
        <line num="39" count="19" type="stmt"/>
        <line num="41" count="36" type="cond" truecount="1" falsecount="0"/>
        <line num="42" count="22" type="cond" truecount="2" falsecount="0"/>
        <line num="44" count="36" type="stmt"/>
        <line num="47" count="6" type="stmt"/>
        <line num="48" count="61" type="stmt"/>
        <line num="50" count="61" type="cond" truecount="1" falsecount="0"/>
        <line num="51" count="14" type="stmt"/>
        <line num="52" count="14" type="cond" truecount="1" falsecount="1"/>
        <line num="54" count="14" type="stmt"/>
        <line num="58" count="6" type="stmt"/>
        <line num="59" count="22" type="stmt"/>
        <line num="60" count="22" type="stmt"/>
        <line num="63" count="22" type="cond" truecount="1" falsecount="0"/>
        <line num="64" count="22" type="cond" truecount="0" falsecount="2"/>
        <line num="65" count="22" type="stmt"/>
        <line num="66" count="0" type="cond" truecount="0" falsecount="4"/>
        <line num="67" count="0" type="stmt"/>
        <line num="74" count="6" type="cond" truecount="0" falsecount="1"/>
        <line num="75" count="0" type="stmt"/>
        <line num="76" count="0" type="stmt"/>
        <line num="77" count="0" type="stmt"/>
        <line num="78" count="0" type="stmt"/>
        <line num="79" count="0" type="cond" truecount="0" falsecount="3"/>
        <line num="80" count="0" type="stmt"/>
        <line num="84" count="0" type="cond" truecount="0" falsecount="1"/>
        <line num="85" count="0" type="cond" truecount="0" falsecount="2"/>
        <line num="87" count="0" type="stmt"/>
        <line num="88" count="0" type="stmt"/>
        <line num="89" count="0" type="cond" truecount="0" falsecount="1"/>
        <line num="90" count="0" type="stmt"/>
        <line num="92" count="0" type="stmt"/>
        <line num="93" count="0" type="stmt"/>
        <line num="94" count="0" type="cond" truecount="0" falsecount="1"/>
        <line num="95" count="0" type="stmt"/>
        <line num="99" count="0" type="stmt"/>
        <line num="102" count="6" type="stmt"/>
      </file>
    </package>
    <package name="src.utils">
      <metrics statements="15" coveredstatements="14" conditionals="12" coveredconditionals="9" methods="7" coveredmethods="6"/>
      <file name="tools.ts" path="/Users/xg-a06/g/rex/src/utils/tools.ts">
        <metrics statements="15" coveredstatements="14" conditionals="12" coveredconditionals="9" methods="7" coveredmethods="6"/>
        <line num="1" count="123" type="stmt"/>
        <line num="3" count="188" type="cond" truecount="2" falsecount="0"/>
        <line num="5" count="25" type="stmt"/>
        <line num="11" count="6" type="stmt"/>
        <line num="12" count="6" type="cond" truecount="3" falsecount="0"/>
        <line num="15" count="6" type="stmt"/>
        <line num="16" count="0" type="cond" truecount="0" falsecount="3"/>
        <line num="19" count="6" type="stmt"/>
        <line num="20" count="108" type="stmt"/>
        <line num="23" count="6" type="stmt"/>
        <line num="25" count="6" type="stmt"/>
        <line num="26" count="77" type="cond" truecount="4" falsecount="0"/>
        <line num="27" count="8" type="stmt"/>
        <line num="29" count="69" type="stmt"/>
        <line num="32" count="6" type="stmt"/>
      </file>
    </package>
    <package name="tests.unit.array.change">
      <metrics statements="15" coveredstatements="15" conditionals="0" coveredconditionals="0" methods="16" coveredmethods="16"/>
      <file name="app.tsx" path="/Users/xg-a06/g/rex/tests/unit/array/change/app.tsx">
        <metrics statements="15" coveredstatements="15" conditionals="0" coveredconditionals="0" methods="16" coveredmethods="16"/>
        <line num="2" count="1" type="stmt"/>
        <line num="3" count="1" type="stmt"/>
        <line num="5" count="1" type="stmt"/>
        <line num="6" count="8" type="stmt"/>
        <line num="8" count="8" type="stmt"/>
        <line num="12" count="8" type="stmt"/>
        <line num="16" count="28" type="stmt"/>
        <line num="22" count="1" type="stmt"/>
        <line num="29" count="1" type="stmt"/>
        <line num="36" count="1" type="stmt"/>
        <line num="43" count="1" type="stmt"/>
        <line num="50" count="1" type="stmt"/>
        <line num="57" count="1" type="stmt"/>
        <line num="64" count="1" type="stmt"/>
        <line num="72" count="1" type="stmt"/>
      </file>
    </package>
    <package name="tests.unit.array.recycleDispatch">
      <metrics statements="12" coveredstatements="12" conditionals="0" coveredconditionals="0" methods="4" coveredmethods="4"/>
      <file name="app.tsx" path="/Users/xg-a06/g/rex/tests/unit/array/recycleDispatch/app.tsx">
        <metrics statements="12" coveredstatements="12" conditionals="0" coveredconditionals="0" methods="4" coveredmethods="4"/>
        <line num="1" count="1" type="stmt"/>
        <line num="2" count="1" type="stmt"/>
        <line num="3" count="1" type="stmt"/>
        <line num="5" count="1" type="stmt"/>
        <line num="6" count="3" type="stmt"/>
        <line num="8" count="3" type="stmt"/>
        <line num="9" count="3" type="stmt"/>
        <line num="13" count="3" type="stmt"/>
        <line num="19" count="2" type="stmt"/>
        <line num="20" count="2" type="stmt"/>
        <line num="28" count="1" type="stmt"/>
        <line num="36" count="1" type="stmt"/>
      </file>
    </package>
    <package name="tests.unit.object.delKey">
      <metrics statements="8" coveredstatements="8" conditionals="0" coveredconditionals="0" methods="3" coveredmethods="3"/>
      <file name="app.tsx" path="/Users/xg-a06/g/rex/tests/unit/object/delKey/app.tsx">
        <metrics statements="8" coveredstatements="8" conditionals="0" coveredconditionals="0" methods="3" coveredmethods="3"/>
        <line num="1" count="1" type="stmt"/>
        <line num="2" count="1" type="stmt"/>
        <line num="4" count="1" type="stmt"/>
        <line num="5" count="2" type="stmt"/>
        <line num="7" count="2" type="stmt"/>
        <line num="12" count="2" type="stmt"/>
        <line num="18" count="1" type="stmt"/>
        <line num="26" count="1" type="stmt"/>
      </file>
    </package>
    <package name="tests.unit.object.getNonKey">
      <metrics statements="8" coveredstatements="8" conditionals="0" coveredconditionals="0" methods="3" coveredmethods="3"/>
      <file name="app.tsx" path="/Users/xg-a06/g/rex/tests/unit/object/getNonKey/app.tsx">
        <metrics statements="8" coveredstatements="8" conditionals="0" coveredconditionals="0" methods="3" coveredmethods="3"/>
        <line num="1" count="1" type="stmt"/>
        <line num="2" count="1" type="stmt"/>
        <line num="4" count="1" type="stmt"/>
        <line num="5" count="2" type="stmt"/>
        <line num="7" count="2" type="stmt"/>
        <line num="11" count="2" type="stmt"/>
        <line num="17" count="1" type="stmt"/>
        <line num="25" count="1" type="stmt"/>
      </file>
    </package>
    <package name="tests.unit.object.keys">
      <metrics statements="10" coveredstatements="10" conditionals="0" coveredconditionals="0" methods="6" coveredmethods="6"/>
      <file name="app.tsx" path="/Users/xg-a06/g/rex/tests/unit/object/keys/app.tsx">
        <metrics statements="10" coveredstatements="10" conditionals="0" coveredconditionals="0" methods="6" coveredmethods="6"/>
        <line num="1" count="1" type="stmt"/>
        <line num="2" count="1" type="stmt"/>
        <line num="4" count="1" type="stmt"/>
        <line num="5" count="3" type="stmt"/>
        <line num="7" count="3" type="stmt"/>
        <line num="12" count="3" type="stmt"/>
        <line num="16" count="7" type="stmt"/>
        <line num="22" count="1" type="stmt"/>
        <line num="29" count="1" type="stmt"/>
        <line num="37" count="1" type="stmt"/>
      </file>
    </package>
    <package name="tests.unit.object.values">
      <metrics statements="10" coveredstatements="10" conditionals="0" coveredconditionals="0" methods="6" coveredmethods="6"/>
      <file name="app.tsx" path="/Users/xg-a06/g/rex/tests/unit/object/values/app.tsx">
        <metrics statements="10" coveredstatements="10" conditionals="0" coveredconditionals="0" methods="6" coveredmethods="6"/>
        <line num="1" count="1" type="stmt"/>
        <line num="2" count="1" type="stmt"/>
        <line num="4" count="1" type="stmt"/>
        <line num="5" count="3" type="stmt"/>
        <line num="7" count="3" type="stmt"/>
        <line num="12" count="3" type="stmt"/>
        <line num="16" count="7" type="stmt"/>
        <line num="22" count="1" type="stmt"/>
        <line num="29" count="1" type="stmt"/>
        <line num="37" count="1" type="stmt"/>
      </file>
    </package>
  </project>
</coverage>
