{"/Users/xg-a06/g/rex/src/core/index.ts": {"path":"/Users/xg-a06/g/rex/src/core/index.ts","statementMap":{"0":{"start":{"line":1,"column":0},"end":{"line":1,"column":26}},"1":{"start":{"line":2,"column":0},"end":{"line":2,"column":84}},"2":{"start":{"line":4,"column":0},"end":{"line":4,"column":52}},"3":{"start":{"line":13,"column":31},"end":{"line":13,"column":57}},"4":{"start":{"line":7,"column":2},"end":{"line":7,"column":50}},"5":{"start":{"line":8,"column":2},"end":{"line":8,"column":63}},"6":{"start":{"line":9,"column":2},"end":{"line":9,"column":41}},"7":{"start":{"line":14,"column":4},"end":{"line":14,"column":87}},"8":{"start":{"line":15,"column":4},"end":{"line":15,"column":23}},"9":{"start":{"line":19,"column":4},"end":{"line":19,"column":37}},"10":{"start":{"line":20,"column":4},"end":{"line":22,"column":7}},"11":{"start":{"line":21,"column":6},"end":{"line":21,"column":23}},"12":{"start":{"line":26,"column":4},"end":{"line":26,"column":63}},"13":{"start":{"line":26,"column":39},"end":{"line":26,"column":61}},"14":{"start":{"line":30,"column":4},"end":{"line":30,"column":23}},"15":{"start":{"line":31,"column":4},"end":{"line":39,"column":7}},"16":{"start":{"line":32,"column":20},"end":{"line":32,"column":45}},"17":{"start":{"line":33,"column":21},"end":{"line":33,"column":41}},"18":{"start":{"line":34,"column":6},"end":{"line":38,"column":7}},"19":{"start":{"line":35,"column":28},"end":{"line":35,"column":55}},"20":{"start":{"line":36,"column":8},"end":{"line":36,"column":55}},"21":{"start":{"line":37,"column":8},"end":{"line":37,"column":54}},"22":{"start":{"line":43,"column":18},"end":{"line":43,"column":46}},"23":{"start":{"line":44,"column":4},"end":{"line":50,"column":5}},"24":{"start":{"line":45,"column":6},"end":{"line":45,"column":36}},"25":{"start":{"line":46,"column":6},"end":{"line":49,"column":9}},"26":{"start":{"line":47,"column":22},"end":{"line":47,"column":47}},"27":{"start":{"line":48,"column":8},"end":{"line":48,"column":98}},"28":{"start":{"line":48,"column":76},"end":{"line":48,"column":96}},"29":{"start":{"line":54,"column":4},"end":{"line":61,"column":5}},"30":{"start":{"line":55,"column":6},"end":{"line":60,"column":9}},"31":{"start":{"line":57,"column":10},"end":{"line":57,"column":22}},"32":{"start":{"line":65,"column":4},"end":{"line":67,"column":5}},"33":{"start":{"line":66,"column":6},"end":{"line":66,"column":52}},"34":{"start":{"line":68,"column":54},"end":{"line":68,"column":58}},"35":{"start":{"line":70,"column":23},"end":{"line":70,"column":52}},"36":{"start":{"line":71,"column":4},"end":{"line":73,"column":5}},"37":{"start":{"line":72,"column":6},"end":{"line":72,"column":24}},"38":{"start":{"line":75,"column":37},"end":{"line":108,"column":6}},"39":{"start":{"line":77,"column":22},"end":{"line":77,"column":57}},"40":{"start":{"line":78,"column":8},"end":{"line":81,"column":9}},"41":{"start":{"line":79,"column":25},"end":{"line":79,"column":35}},"42":{"start":{"line":80,"column":10},"end":{"line":80,"column":57}},"43":{"start":{"line":82,"column":8},"end":{"line":82,"column":21}},"44":{"start":{"line":85,"column":8},"end":{"line":87,"column":9}},"45":{"start":{"line":86,"column":10},"end":{"line":86,"column":63}},"46":{"start":{"line":88,"column":26},"end":{"line":88,"column":38}},"47":{"start":{"line":90,"column":8},"end":{"line":92,"column":9}},"48":{"start":{"line":91,"column":10},"end":{"line":91,"column":22}},"49":{"start":{"line":93,"column":26},"end":{"line":93,"column":81}},"50":{"start":{"line":94,"column":8},"end":{"line":94,"column":21}},"51":{"start":{"line":97,"column":22},"end":{"line":97,"column":45}},"52":{"start":{"line":98,"column":8},"end":{"line":98,"column":21}},"53":{"start":{"line":101,"column":26},"end":{"line":101,"column":64}},"54":{"start":{"line":102,"column":8},"end":{"line":102,"column":21}},"55":{"start":{"line":105,"column":26},"end":{"line":105,"column":90}},"56":{"start":{"line":106,"column":8},"end":{"line":106,"column":21}},"57":{"start":{"line":109,"column":35},"end":{"line":109,"column":75}},"58":{"start":{"line":111,"column":4},"end":{"line":113,"column":5}},"59":{"start":{"line":112,"column":6},"end":{"line":112,"column":33}},"60":{"start":{"line":115,"column":4},"end":{"line":115,"column":23}},"61":{"start":{"line":116,"column":4},"end":{"line":116,"column":47}},"62":{"start":{"line":118,"column":4},"end":{"line":118,"column":23}},"63":{"start":{"line":123,"column":4},"end":{"line":125,"column":5}},"64":{"start":{"line":124,"column":6},"end":{"line":124,"column":52}},"65":{"start":{"line":127,"column":67},"end":{"line":127,"column":71}},"66":{"start":{"line":129,"column":4},"end":{"line":135,"column":5}},"67":{"start":{"line":130,"column":23},"end":{"line":130,"column":53}},"68":{"start":{"line":131,"column":25},"end":{"line":131,"column":47}},"69":{"start":{"line":132,"column":6},"end":{"line":134,"column":7}},"70":{"start":{"line":133,"column":8},"end":{"line":133,"column":26}},"71":{"start":{"line":137,"column":37},"end":{"line":169,"column":6}},"72":{"start":{"line":139,"column":8},"end":{"line":150,"column":9}},"73":{"start":{"line":140,"column":10},"end":{"line":140,"column":24}},"74":{"start":{"line":141,"column":15},"end":{"line":150,"column":9}},"75":{"start":{"line":142,"column":10},"end":{"line":142,"column":22}},"76":{"start":{"line":143,"column":15},"end":{"line":150,"column":9}},"77":{"start":{"line":144,"column":10},"end":{"line":144,"column":53}},"78":{"start":{"line":145,"column":15},"end":{"line":150,"column":9}},"79":{"start":{"line":146,"column":10},"end":{"line":146,"column":44}},"80":{"start":{"line":147,"column":10},"end":{"line":147,"column":53}},"81":{"start":{"line":148,"column":15},"end":{"line":150,"column":9}},"82":{"start":{"line":149,"column":10},"end":{"line":149,"column":53}},"83":{"start":{"line":152,"column":26},"end":{"line":152,"column":71}},"84":{"start":{"line":153,"column":8},"end":{"line":156,"column":9}},"85":{"start":{"line":154,"column":25},"end":{"line":154,"column":35}},"86":{"start":{"line":155,"column":10},"end":{"line":155,"column":53}},"87":{"start":{"line":157,"column":8},"end":{"line":157,"column":21}},"88":{"start":{"line":160,"column":8},"end":{"line":160,"column":109}},"89":{"start":{"line":163,"column":26},"end":{"line":163,"column":59}},"90":{"start":{"line":164,"column":8},"end":{"line":164,"column":21}},"91":{"start":{"line":167,"column":8},"end":{"line":167,"column":97}},"92":{"start":{"line":170,"column":24},"end":{"line":170,"column":65}},"93":{"start":{"line":171,"column":4},"end":{"line":173,"column":5}},"94":{"start":{"line":172,"column":6},"end":{"line":172,"column":22}},"95":{"start":{"line":175,"column":4},"end":{"line":175,"column":23}},"96":{"start":{"line":176,"column":18},"end":{"line":176,"column":80}},"97":{"start":{"line":177,"column":4},"end":{"line":177,"column":36}},"98":{"start":{"line":178,"column":4},"end":{"line":178,"column":42}},"99":{"start":{"line":179,"column":4},"end":{"line":179,"column":39}},"100":{"start":{"line":181,"column":4},"end":{"line":181,"column":23}},"101":{"start":{"line":185,"column":14},"end":{"line":187,"column":1}},"102":{"start":{"line":186,"column":2},"end":{"line":186,"column":24}},"103":{"start":{"line":197,"column":9},"end":{"line":197,"column":14}},"104":{"start":{"line":189,"column":14},"end":{"line":191,"column":1}},"105":{"start":{"line":190,"column":2},"end":{"line":190,"column":25}},"106":{"start":{"line":197,"column":16},"end":{"line":197,"column":21}},"107":{"start":{"line":193,"column":24},"end":{"line":195,"column":1}},"108":{"start":{"line":194,"column":2},"end":{"line":194,"column":23}},"109":{"start":{"line":197,"column":23},"end":{"line":197,"column":38}},"110":{"start":{"line":199,"column":0},"end":{"line":199,"column":20}}},"fnMap":{"0":{"name":"(anonymous_0)","decl":{"start":{"line":13,"column":2},"end":{"line":13,"column":31}},"loc":{"start":{"line":13,"column":57},"end":{"line":16,"column":3}}},"1":{"name":"(anonymous_1)","decl":{"start":{"line":18,"column":2},"end":{"line":18,"column":13}},"loc":{"start":{"line":18,"column":13},"end":{"line":23,"column":3}}},"2":{"name":"(anonymous_2)","decl":{"start":{"line":20,"column":25},"end":{"line":20,"column":31}},"loc":{"start":{"line":20,"column":34},"end":{"line":22,"column":5}}},"3":{"name":"(anonymous_3)","decl":{"start":{"line":25,"column":2},"end":{"line":25,"column":11}},"loc":{"start":{"line":25,"column":31},"end":{"line":27,"column":3}}},"4":{"name":"(anonymous_4)","decl":{"start":{"line":26,"column":29},"end":{"line":26,"column":35}},"loc":{"start":{"line":26,"column":39},"end":{"line":26,"column":61}}},"5":{"name":"(anonymous_5)","decl":{"start":{"line":29,"column":2},"end":{"line":29,"column":5}},"loc":{"start":{"line":29,"column":24},"end":{"line":40,"column":3}}},"6":{"name":"(anonymous_6)","decl":{"start":{"line":31,"column":43},"end":{"line":31,"column":47}},"loc":{"start":{"line":31,"column":50},"end":{"line":39,"column":5}}},"7":{"name":"(anonymous_7)","decl":{"start":{"line":42,"column":2},"end":{"line":42,"column":7}},"loc":{"start":{"line":42,"column":26},"end":{"line":51,"column":3}}},"8":{"name":"(anonymous_8)","decl":{"start":{"line":46,"column":45},"end":{"line":46,"column":49}},"loc":{"start":{"line":46,"column":52},"end":{"line":49,"column":7}}},"9":{"name":"(anonymous_9)","decl":{"start":{"line":48,"column":70},"end":{"line":48,"column":72}},"loc":{"start":{"line":48,"column":76},"end":{"line":48,"column":96}}},"10":{"name":"(anonymous_10)","decl":{"start":{"line":53,"column":10},"end":{"line":53,"column":19}},"loc":{"start":{"line":53,"column":30},"end":{"line":62,"column":3}}},"11":{"name":"(anonymous_11)","decl":{"start":{"line":56,"column":8},"end":{"line":56,"column":11}},"loc":{"start":{"line":56,"column":11},"end":{"line":58,"column":9}}},"12":{"name":"(anonymous_12)","decl":{"start":{"line":64,"column":2},"end":{"line":64,"column":14}},"loc":{"start":{"line":64,"column":52},"end":{"line":119,"column":3}}},"13":{"name":"(anonymous_13)","decl":{"start":{"line":76,"column":11},"end":{"line":76,"column":12}},"loc":{"start":{"line":76,"column":38},"end":{"line":83,"column":7}}},"14":{"name":"(anonymous_14)","decl":{"start":{"line":84,"column":11},"end":{"line":84,"column":12}},"loc":{"start":{"line":84,"column":48},"end":{"line":95,"column":7}}},"15":{"name":"(anonymous_15)","decl":{"start":{"line":96,"column":15},"end":{"line":96,"column":21}},"loc":{"start":{"line":96,"column":24},"end":{"line":99,"column":7}}},"16":{"name":"(anonymous_16)","decl":{"start":{"line":100,"column":22},"end":{"line":100,"column":23}},"loc":{"start":{"line":100,"column":39},"end":{"line":103,"column":7}}},"17":{"name":"(anonymous_17)","decl":{"start":{"line":104,"column":13},"end":{"line":104,"column":14}},"loc":{"start":{"line":104,"column":43},"end":{"line":107,"column":7}}},"18":{"name":"(anonymous_18)","decl":{"start":{"line":122,"column":2},"end":{"line":122,"column":14}},"loc":{"start":{"line":122,"column":44},"end":{"line":182,"column":3}}},"19":{"name":"(anonymous_19)","decl":{"start":{"line":138,"column":11},"end":{"line":138,"column":12}},"loc":{"start":{"line":138,"column":38},"end":{"line":158,"column":7}}},"20":{"name":"(anonymous_20)","decl":{"start":{"line":159,"column":11},"end":{"line":159,"column":12}},"loc":{"start":{"line":159,"column":48},"end":{"line":161,"column":7}}},"21":{"name":"(anonymous_21)","decl":{"start":{"line":162,"column":15},"end":{"line":162,"column":21}},"loc":{"start":{"line":162,"column":24},"end":{"line":165,"column":7}}},"22":{"name":"(anonymous_22)","decl":{"start":{"line":166,"column":22},"end":{"line":166,"column":23}},"loc":{"start":{"line":166,"column":39},"end":{"line":168,"column":7}}},"23":{"name":"(anonymous_23)","decl":{"start":{"line":185,"column":14},"end":{"line":185,"column":36}},"loc":{"start":{"line":185,"column":58},"end":{"line":187,"column":1}}},"24":{"name":"(anonymous_24)","decl":{"start":{"line":189,"column":14},"end":{"line":189,"column":36}},"loc":{"start":{"line":189,"column":58},"end":{"line":191,"column":1}}},"25":{"name":"(anonymous_25)","decl":{"start":{"line":193,"column":24},"end":{"line":193,"column":46}},"loc":{"start":{"line":193,"column":68},"end":{"line":195,"column":1}}}},"branchMap":{"0":{"loc":{"start":{"line":34,"column":6},"end":{"line":38,"column":7}},"type":"if","locations":[{"start":{"line":34,"column":6},"end":{"line":38,"column":7}}]},"1":{"loc":{"start":{"line":44,"column":4},"end":{"line":50,"column":5}},"type":"if","locations":[{"start":{"line":44,"column":4},"end":{"line":50,"column":5}}]},"2":{"loc":{"start":{"line":54,"column":4},"end":{"line":61,"column":5}},"type":"if","locations":[{"start":{"line":54,"column":4},"end":{"line":61,"column":5}}]},"3":{"loc":{"start":{"line":65,"column":4},"end":{"line":67,"column":5}},"type":"if","locations":[{"start":{"line":65,"column":4},"end":{"line":67,"column":5}}]},"4":{"loc":{"start":{"line":71,"column":4},"end":{"line":73,"column":5}},"type":"if","locations":[{"start":{"line":71,"column":4},"end":{"line":73,"column":5}}]},"5":{"loc":{"start":{"line":78,"column":8},"end":{"line":81,"column":9}},"type":"if","locations":[{"start":{"line":78,"column":8},"end":{"line":81,"column":9}}]},"6":{"loc":{"start":{"line":85,"column":8},"end":{"line":87,"column":9}},"type":"if","locations":[{"start":{"line":85,"column":8},"end":{"line":87,"column":9}}]},"7":{"loc":{"start":{"line":90,"column":8},"end":{"line":92,"column":9}},"type":"if","locations":[{"start":{"line":90,"column":8},"end":{"line":92,"column":9}}]},"8":{"loc":{"start":{"line":111,"column":4},"end":{"line":113,"column":5}},"type":"if","locations":[{"start":{"line":111,"column":4},"end":{"line":113,"column":5}}]},"9":{"loc":{"start":{"line":123,"column":4},"end":{"line":125,"column":5}},"type":"if","locations":[{"start":{"line":123,"column":4},"end":{"line":125,"column":5}}]},"10":{"loc":{"start":{"line":129,"column":4},"end":{"line":135,"column":5}},"type":"if","locations":[{"start":{"line":129,"column":4},"end":{"line":135,"column":5}}]},"11":{"loc":{"start":{"line":131,"column":25},"end":{"line":131,"column":47}},"type":"cond-expr","locations":[{"start":{"line":131,"column":33},"end":{"line":131,"column":35}},{"start":{"line":131,"column":25},"end":{"line":131,"column":47}}]},"12":{"loc":{"start":{"line":131,"column":25},"end":{"line":131,"column":35}},"type":"binary-expr","locations":[{"start":{"line":131,"column":25},"end":{"line":131,"column":35}},{"start":{"line":131,"column":25},"end":{"line":131,"column":35}}]},"13":{"loc":{"start":{"line":132,"column":6},"end":{"line":134,"column":7}},"type":"if","locations":[{"start":{"line":132,"column":6},"end":{"line":134,"column":7}}]},"14":{"loc":{"start":{"line":139,"column":8},"end":{"line":150,"column":9}},"type":"if","locations":[{"start":{"line":139,"column":8},"end":{"line":150,"column":9}},{"start":{"line":141,"column":15},"end":{"line":150,"column":9}}]},"15":{"loc":{"start":{"line":141,"column":15},"end":{"line":150,"column":9}},"type":"if","locations":[{"start":{"line":141,"column":15},"end":{"line":150,"column":9}},{"start":{"line":143,"column":15},"end":{"line":150,"column":9}}]},"16":{"loc":{"start":{"line":143,"column":15},"end":{"line":150,"column":9}},"type":"if","locations":[{"start":{"line":143,"column":15},"end":{"line":150,"column":9}},{"start":{"line":145,"column":15},"end":{"line":150,"column":9}}]},"17":{"loc":{"start":{"line":145,"column":15},"end":{"line":150,"column":9}},"type":"if","locations":[{"start":{"line":145,"column":15},"end":{"line":150,"column":9}},{"start":{"line":148,"column":15},"end":{"line":150,"column":9}}]},"18":{"loc":{"start":{"line":148,"column":15},"end":{"line":150,"column":9}},"type":"if","locations":[{"start":{"line":148,"column":15},"end":{"line":150,"column":9}}]},"19":{"loc":{"start":{"line":153,"column":8},"end":{"line":156,"column":9}},"type":"if","locations":[{"start":{"line":153,"column":8},"end":{"line":156,"column":9}}]},"20":{"loc":{"start":{"line":171,"column":4},"end":{"line":173,"column":5}},"type":"if","locations":[{"start":{"line":171,"column":4},"end":{"line":173,"column":5}}]},"21":{"loc":{"start":{"line":176,"column":18},"end":{"line":176,"column":80}},"type":"binary-expr","locations":[{"start":{"line":176,"column":18},"end":{"line":176,"column":48}},{"start":{"line":176,"column":52},"end":{"line":176,"column":80}}]}},"s":{"0":1,"1":1,"2":1,"3":1,"4":1,"5":1,"6":1,"7":1,"8":1,"9":1,"10":1,"11":2,"12":0,"13":0,"14":2,"15":2,"16":12,"17":12,"18":12,"19":6,"20":6,"21":6,"22":0,"23":0,"24":0,"25":0,"26":0,"27":0,"28":0,"29":2,"30":1,"31":0,"32":1,"33":0,"34":1,"35":1,"36":1,"37":0,"38":1,"39":0,"40":0,"41":0,"42":0,"43":0,"44":1,"45":0,"46":1,"47":1,"48":0,"49":1,"50":1,"51":0,"52":0,"53":0,"54":0,"55":0,"56":0,"57":1,"58":1,"59":1,"60":1,"61":1,"62":1,"63":1,"64":0,"65":1,"66":1,"67":0,"68":0,"69":0,"70":0,"71":1,"72":2,"73":0,"74":2,"75":0,"76":2,"77":0,"78":2,"79":0,"80":0,"81":2,"82":0,"83":2,"84":2,"85":0,"86":0,"87":2,"88":0,"89":0,"90":0,"91":0,"92":1,"93":1,"94":1,"95":1,"96":1,"97":1,"98":1,"99":1,"100":1,"101":1,"102":0,"103":1,"104":1,"105":0,"106":1,"107":1,"108":0,"109":1,"110":1},"f":{"0":1,"1":1,"2":2,"3":0,"4":0,"5":2,"6":12,"7":0,"8":0,"9":0,"10":2,"11":0,"12":1,"13":0,"14":1,"15":0,"16":0,"17":0,"18":1,"19":2,"20":0,"21":0,"22":0,"23":0,"24":0,"25":0},"b":{"0":[6],"1":[0],"2":[1],"3":[0],"4":[0],"5":[0],"6":[0],"7":[0],"8":[1],"9":[0],"10":[0],"11":[0,0],"12":[0,0],"13":[0],"14":[0,2],"15":[0,2],"16":[0,2],"17":[0,2],"18":[0],"19":[0],"20":[1],"21":[1,1]}}
,"/Users/xg-a06/g/rex/src/core/plugins.ts": {"path":"/Users/xg-a06/g/rex/src/core/plugins.ts","statementMap":{"0":{"start":{"line":41,"column":23},"end":{"line":69,"column":1}},"1":{"start":{"line":42,"column":36},"end":{"line":44,"column":3}},"2":{"start":{"line":43,"column":4},"end":{"line":43,"column":56}},"3":{"start":{"line":45,"column":36},"end":{"line":47,"column":3}},"4":{"start":{"line":46,"column":4},"end":{"line":46,"column":66}},"5":{"start":{"line":48,"column":44},"end":{"line":50,"column":3}},"6":{"start":{"line":49,"column":4},"end":{"line":49,"column":44}},"7":{"start":{"line":51,"column":42},"end":{"line":53,"column":3}},"8":{"start":{"line":52,"column":4},"end":{"line":52,"column":57}},"9":{"start":{"line":54,"column":40},"end":{"line":56,"column":3}},"10":{"start":{"line":55,"column":4},"end":{"line":55,"column":66}},"11":{"start":{"line":57,"column":38},"end":{"line":59,"column":3}},"12":{"start":{"line":58,"column":4},"end":{"line":58,"column":61}},"13":{"start":{"line":61,"column":2},"end":{"line":68,"column":4}},"14":{"start":{"line":100,"column":9},"end":{"line":100,"column":23}},"15":{"start":{"line":71,"column":16},"end":{"line":90,"column":1}},"16":{"start":{"line":72,"column":15},"end":{"line":86,"column":3}},"17":{"start":{"line":74,"column":17},"end":{"line":74,"column":32}},"18":{"start":{"line":75,"column":6},"end":{"line":83,"column":7}},"19":{"start":{"line":76,"column":8},"end":{"line":82,"column":10}},"20":{"start":{"line":79,"column":12},"end":{"line":79,"column":32}},"21":{"start":{"line":85,"column":4},"end":{"line":85,"column":16}},"22":{"start":{"line":87,"column":27},"end":{"line":87,"column":42}},"23":{"start":{"line":88,"column":2},"end":{"line":88,"column":16}},"24":{"start":{"line":89,"column":2},"end":{"line":89,"column":17}},"25":{"start":{"line":100,"column":25},"end":{"line":100,"column":32}}},"fnMap":{"0":{"name":"(anonymous_0)","decl":{"start":{"line":41,"column":23},"end":{"line":41,"column":47}},"loc":{"start":{"line":41,"column":49},"end":{"line":69,"column":1}}},"1":{"name":"(anonymous_1)","decl":{"start":{"line":42,"column":36},"end":{"line":42,"column":37}},"loc":{"start":{"line":42,"column":78},"end":{"line":44,"column":3}}},"2":{"name":"(anonymous_2)","decl":{"start":{"line":45,"column":36},"end":{"line":45,"column":37}},"loc":{"start":{"line":45,"column":88},"end":{"line":47,"column":3}}},"3":{"name":"(anonymous_3)","decl":{"start":{"line":48,"column":44},"end":{"line":48,"column":45}},"loc":{"start":{"line":48,"column":70},"end":{"line":50,"column":3}}},"4":{"name":"(anonymous_4)","decl":{"start":{"line":51,"column":42},"end":{"line":51,"column":43}},"loc":{"start":{"line":51,"column":74},"end":{"line":53,"column":3}}},"5":{"name":"(anonymous_5)","decl":{"start":{"line":54,"column":40},"end":{"line":54,"column":41}},"loc":{"start":{"line":54,"column":99},"end":{"line":56,"column":3}}},"6":{"name":"(anonymous_6)","decl":{"start":{"line":57,"column":38},"end":{"line":57,"column":39}},"loc":{"start":{"line":57,"column":73},"end":{"line":59,"column":3}}},"7":{"name":"(anonymous_7)","decl":{"start":{"line":71,"column":16},"end":{"line":71,"column":17}},"loc":{"start":{"line":71,"column":56},"end":{"line":90,"column":1}}},"8":{"name":"(anonymous_8)","decl":{"start":{"line":72,"column":15},"end":{"line":72,"column":16}},"loc":{"start":{"line":72,"column":32},"end":{"line":86,"column":3}}},"9":{"name":"dispatch","decl":{"start":{"line":73,"column":13},"end":{"line":73,"column":21}},"loc":{"start":{"line":73,"column":35},"end":{"line":84,"column":5}}},"10":{"name":"(anonymous_10)","decl":{"start":{"line":78,"column":10},"end":{"line":78,"column":13}},"loc":{"start":{"line":78,"column":15},"end":{"line":80,"column":11}}}},"branchMap":{"0":{"loc":{"start":{"line":75,"column":6},"end":{"line":83,"column":7}},"type":"if","locations":[{"start":{"line":75,"column":6},"end":{"line":83,"column":7}}]}},"s":{"0":1,"1":1,"2":2,"3":1,"4":1,"5":1,"6":0,"7":1,"8":0,"9":1,"10":0,"11":1,"12":1,"13":1,"14":1,"15":1,"16":4,"17":10,"18":10,"19":10,"20":6,"21":4,"22":4,"23":4,"24":4,"25":1},"f":{"0":1,"1":2,"2":1,"3":0,"4":0,"5":0,"6":1,"7":4,"8":4,"9":10,"10":6},"b":{"0":[10]}}
,"/Users/xg-a06/g/rex/src/hooks/useReactive.ts": {"path":"/Users/xg-a06/g/rex/src/hooks/useReactive.ts","statementMap":{"0":{"start":{"line":1,"column":0},"end":{"line":1,"column":61}},"1":{"start":{"line":3,"column":0},"end":{"line":3,"column":52}},"2":{"start":{"line":4,"column":0},"end":{"line":4,"column":54}},"3":{"start":{"line":5,"column":0},"end":{"line":5,"column":112}},"4":{"start":{"line":10,"column":22},"end":{"line":26,"column":1}},"5":{"start":{"line":11,"column":26},"end":{"line":11,"column":51}},"6":{"start":{"line":11,"column":42},"end":{"line":11,"column":47}},"7":{"start":{"line":12,"column":23},"end":{"line":12,"column":36}},"8":{"start":{"line":14,"column":2},"end":{"line":19,"column":9}},"9":{"start":{"line":15,"column":4},"end":{"line":15,"column":32}},"10":{"start":{"line":16,"column":4},"end":{"line":18,"column":6}},"11":{"start":{"line":17,"column":6},"end":{"line":17,"column":35}},"12":{"start":{"line":21,"column":2},"end":{"line":25,"column":9}},"13":{"start":{"line":22,"column":4},"end":{"line":24,"column":5}},"14":{"start":{"line":23,"column":6},"end":{"line":23,"column":20}},"15":{"start":{"line":74,"column":9},"end":{"line":74,"column":22}},"16":{"start":{"line":28,"column":20},"end":{"line":46,"column":1}},"17":{"start":{"line":29,"column":21},"end":{"line":29,"column":36}},"18":{"start":{"line":30,"column":17},"end":{"line":43,"column":8}},"19":{"start":{"line":31,"column":28},"end":{"line":31,"column":52}},"20":{"start":{"line":32,"column":27},"end":{"line":32,"column":50}},"21":{"start":{"line":33,"column":17},"end":{"line":33,"column":63}},"22":{"start":{"line":34,"column":19},"end":{"line":34,"column":45}},"23":{"start":{"line":35,"column":20},"end":{"line":35,"column":46}},"24":{"start":{"line":36,"column":21},"end":{"line":36,"column":51}},"25":{"start":{"line":37,"column":4},"end":{"line":37,"column":58}},"26":{"start":{"line":39,"column":21},"end":{"line":41,"column":5}},"27":{"start":{"line":40,"column":6},"end":{"line":40,"column":17}},"28":{"start":{"line":42,"column":4},"end":{"line":42,"column":31}},"29":{"start":{"line":45,"column":2},"end":{"line":45,"column":16}},"30":{"start":{"line":74,"column":24},"end":{"line":74,"column":35}},"31":{"start":{"line":48,"column":21},"end":{"line":72,"column":1}},"32":{"start":{"line":49,"column":2},"end":{"line":71,"column":5}},"33":{"start":{"line":50,"column":23},"end":{"line":50,"column":38}},"34":{"start":{"line":51,"column":19},"end":{"line":69,"column":45}},"35":{"start":{"line":52,"column":6},"end":{"line":52,"column":31}},"36":{"start":{"line":54,"column":6},"end":{"line":68,"column":13}},"37":{"start":{"line":55,"column":8},"end":{"line":66,"column":9}},"38":{"start":{"line":56,"column":30},"end":{"line":56,"column":40}},"39":{"start":{"line":57,"column":23},"end":{"line":57,"column":51}},"40":{"start":{"line":58,"column":25},"end":{"line":58,"column":43}},"41":{"start":{"line":59,"column":25},"end":{"line":59,"column":50}},"42":{"start":{"line":60,"column":27},"end":{"line":60,"column":56}},"43":{"start":{"line":61,"column":33},"end":{"line":61,"column":63}},"44":{"start":{"line":62,"column":10},"end":{"line":62,"column":64}},"45":{"start":{"line":63,"column":10},"end":{"line":63,"column":28}},"46":{"start":{"line":65,"column":10},"end":{"line":65,"column":32}},"47":{"start":{"line":67,"column":8},"end":{"line":67,"column":19}},"48":{"start":{"line":70,"column":4},"end":{"line":70,"column":29}},"49":{"start":{"line":74,"column":37},"end":{"line":74,"column":49}}},"fnMap":{"0":{"name":"(anonymous_6)","decl":{"start":{"line":10,"column":22},"end":{"line":10,"column":25}},"loc":{"start":{"line":10,"column":27},"end":{"line":26,"column":1}}},"1":{"name":"(anonymous_7)","decl":{"start":{"line":11,"column":37},"end":{"line":11,"column":38}},"loc":{"start":{"line":11,"column":42},"end":{"line":11,"column":47}}},"2":{"name":"(anonymous_8)","decl":{"start":{"line":14,"column":18},"end":{"line":14,"column":21}},"loc":{"start":{"line":14,"column":23},"end":{"line":19,"column":3}}},"3":{"name":"(anonymous_9)","decl":{"start":{"line":16,"column":11},"end":{"line":16,"column":14}},"loc":{"start":{"line":16,"column":16},"end":{"line":18,"column":5}}},"4":{"name":"(anonymous_10)","decl":{"start":{"line":21,"column":21},"end":{"line":21,"column":24}},"loc":{"start":{"line":21,"column":26},"end":{"line":25,"column":3}}},"5":{"name":"(anonymous_11)","decl":{"start":{"line":28,"column":20},"end":{"line":28,"column":42}},"loc":{"start":{"line":28,"column":56},"end":{"line":46,"column":1}}},"6":{"name":"(anonymous_12)","decl":{"start":{"line":30,"column":44},"end":{"line":30,"column":47}},"loc":{"start":{"line":30,"column":49},"end":{"line":43,"column":3}}},"7":{"name":"(anonymous_13)","decl":{"start":{"line":39,"column":21},"end":{"line":39,"column":22}},"loc":{"start":{"line":39,"column":47},"end":{"line":41,"column":5}}},"8":{"name":"(anonymous_14)","decl":{"start":{"line":48,"column":21},"end":{"line":48,"column":43}},"loc":{"start":{"line":48,"column":78},"end":{"line":72,"column":1}}},"9":{"name":"(anonymous_15)","decl":{"start":{"line":49,"column":14},"end":{"line":49,"column":15}},"loc":{"start":{"line":49,"column":27},"end":{"line":71,"column":3}}},"10":{"name":"(anonymous_16)","decl":{"start":{"line":51,"column":27},"end":{"line":51,"column":30}},"loc":{"start":{"line":51,"column":32},"end":{"line":69,"column":5}}},"11":{"name":"(anonymous_17)","decl":{"start":{"line":54,"column":44},"end":{"line":54,"column":45}},"loc":{"start":{"line":54,"column":57},"end":{"line":68,"column":7}}}},"branchMap":{"0":{"loc":{"start":{"line":22,"column":4},"end":{"line":24,"column":5}},"type":"if","locations":[{"start":{"line":22,"column":4},"end":{"line":24,"column":5}}]},"1":{"loc":{"start":{"line":55,"column":8},"end":{"line":66,"column":9}},"type":"if","locations":[{"start":{"line":55,"column":8},"end":{"line":66,"column":9}},{"start":{"line":64,"column":15},"end":{"line":66,"column":9}}]}},"s":{"0":1,"1":1,"2":1,"3":1,"4":1,"5":2,"6":1,"7":2,"8":2,"9":1,"10":1,"11":1,"12":2,"13":1,"14":1,"15":1,"16":1,"17":2,"18":2,"19":1,"20":1,"21":1,"22":1,"23":1,"24":1,"25":1,"26":1,"27":1,"28":1,"29":2,"30":1,"31":1,"32":0,"33":0,"34":0,"35":0,"36":0,"37":0,"38":0,"39":0,"40":0,"41":0,"42":0,"43":0,"44":0,"45":0,"46":0,"47":0,"48":0,"49":1},"f":{"0":2,"1":1,"2":1,"3":1,"4":1,"5":2,"6":1,"7":1,"8":0,"9":0,"10":0,"11":0},"b":{"0":[1],"1":[0,0]}}
,"/Users/xg-a06/g/rex/src/plugins/reactive.ts": {"path":"/Users/xg-a06/g/rex/src/plugins/reactive.ts","statementMap":{"0":{"start":{"line":4,"column":22},"end":{"line":4,"column":45}},"1":{"start":{"line":6,"column":24},"end":{"line":8,"column":2}},"2":{"start":{"line":109,"column":9},"end":{"line":109,"column":24}},"3":{"start":{"line":12,"column":2},"end":{"line":12,"column":65}},"4":{"start":{"line":13,"column":2},"end":{"line":13,"column":49}},"5":{"start":{"line":19,"column":2},"end":{"line":21,"column":4}},"6":{"start":{"line":20,"column":4},"end":{"line":20,"column":48}},"7":{"start":{"line":23,"column":2},"end":{"line":27,"column":4}},"8":{"start":{"line":24,"column":21},"end":{"line":24,"column":55}},"9":{"start":{"line":25,"column":23},"end":{"line":25,"column":57}},"10":{"start":{"line":26,"column":4},"end":{"line":26,"column":22}},"11":{"start":{"line":29,"column":2},"end":{"line":45,"column":4}},"12":{"start":{"line":30,"column":4},"end":{"line":30,"column":42}},"13":{"start":{"line":32,"column":4},"end":{"line":32,"column":48}},"14":{"start":{"line":34,"column":4},"end":{"line":36,"column":5}},"15":{"start":{"line":35,"column":6},"end":{"line":35,"column":13}},"16":{"start":{"line":37,"column":27},"end":{"line":37,"column":69}},"17":{"start":{"line":38,"column":22},"end":{"line":38,"column":59}},"18":{"start":{"line":39,"column":23},"end":{"line":39,"column":49}},"19":{"start":{"line":40,"column":4},"end":{"line":42,"column":5}},"20":{"start":{"line":41,"column":6},"end":{"line":41,"column":32}},"21":{"start":{"line":43,"column":4},"end":{"line":43,"column":40}},"22":{"start":{"line":44,"column":4},"end":{"line":44,"column":50}},"23":{"start":{"line":47,"column":2},"end":{"line":69,"column":4}},"24":{"start":{"line":48,"column":4},"end":{"line":48,"column":52}},"25":{"start":{"line":50,"column":19},"end":{"line":50,"column":44}},"26":{"start":{"line":51,"column":22},"end":{"line":51,"column":34}},"27":{"start":{"line":53,"column":4},"end":{"line":53,"column":58}},"28":{"start":{"line":55,"column":27},"end":{"line":55,"column":56}},"29":{"start":{"line":56,"column":22},"end":{"line":56,"column":47}},"30":{"start":{"line":57,"column":4},"end":{"line":61,"column":5}},"31":{"start":{"line":58,"column":6},"end":{"line":60,"column":9}},"32":{"start":{"line":59,"column":8},"end":{"line":59,"column":38}},"33":{"start":{"line":63,"column":31},"end":{"line":63,"column":76}},"34":{"start":{"line":64,"column":4},"end":{"line":68,"column":5}},"35":{"start":{"line":65,"column":6},"end":{"line":67,"column":9}},"36":{"start":{"line":66,"column":8},"end":{"line":66,"column":23}},"37":{"start":{"line":71,"column":2},"end":{"line":85,"column":4}},"38":{"start":{"line":72,"column":4},"end":{"line":72,"column":40}},"39":{"start":{"line":74,"column":4},"end":{"line":74,"column":32}},"40":{"start":{"line":76,"column":4},"end":{"line":78,"column":5}},"41":{"start":{"line":77,"column":6},"end":{"line":77,"column":13}},"42":{"start":{"line":79,"column":27},"end":{"line":79,"column":69}},"43":{"start":{"line":80,"column":22},"end":{"line":80,"column":68}},"44":{"start":{"line":81,"column":23},"end":{"line":81,"column":49}},"45":{"start":{"line":82,"column":4},"end":{"line":82,"column":30}},"46":{"start":{"line":83,"column":4},"end":{"line":83,"column":49}},"47":{"start":{"line":84,"column":4},"end":{"line":84,"column":50}},"48":{"start":{"line":87,"column":2},"end":{"line":106,"column":4}},"49":{"start":{"line":88,"column":4},"end":{"line":88,"column":45}},"50":{"start":{"line":90,"column":4},"end":{"line":90,"column":38}},"51":{"start":{"line":92,"column":27},"end":{"line":92,"column":56}},"52":{"start":{"line":93,"column":22},"end":{"line":93,"column":47}},"53":{"start":{"line":94,"column":4},"end":{"line":98,"column":5}},"54":{"start":{"line":95,"column":6},"end":{"line":97,"column":9}},"55":{"start":{"line":96,"column":8},"end":{"line":96,"column":23}},"56":{"start":{"line":100,"column":31},"end":{"line":100,"column":76}},"57":{"start":{"line":101,"column":4},"end":{"line":105,"column":5}},"58":{"start":{"line":102,"column":6},"end":{"line":104,"column":9}},"59":{"start":{"line":103,"column":8},"end":{"line":103,"column":23}},"60":{"start":{"line":16,"column":4},"end":{"line":16,"column":21}},"61":{"start":{"line":109,"column":26},"end":{"line":109,"column":40}}},"fnMap":{"0":{"name":"(anonymous_0)","decl":{"start":{"line":10,"column":0},"end":{"line":10,"column":6}},"loc":{"start":{"line":10,"column":0},"end":{"line":107,"column":1}}},"1":{"name":"(anonymous_1)","decl":{"start":{"line":19,"column":21},"end":{"line":19,"column":22}},"loc":{"start":{"line":19,"column":64},"end":{"line":21,"column":3}}},"2":{"name":"(anonymous_2)","decl":{"start":{"line":23,"column":18},"end":{"line":23,"column":19}},"loc":{"start":{"line":23,"column":32},"end":{"line":27,"column":3}}},"3":{"name":"(anonymous_3)","decl":{"start":{"line":29,"column":27},"end":{"line":29,"column":28}},"loc":{"start":{"line":29,"column":69},"end":{"line":45,"column":3}}},"4":{"name":"(anonymous_4)","decl":{"start":{"line":47,"column":27},"end":{"line":47,"column":28}},"loc":{"start":{"line":47,"column":79},"end":{"line":69,"column":3}}},"5":{"name":"(anonymous_5)","decl":{"start":{"line":58,"column":24},"end":{"line":58,"column":32}},"loc":{"start":{"line":58,"column":35},"end":{"line":60,"column":7}}},"6":{"name":"(anonymous_6)","decl":{"start":{"line":65,"column":33},"end":{"line":65,"column":41}},"loc":{"start":{"line":65,"column":44},"end":{"line":67,"column":7}}},"7":{"name":"(anonymous_7)","decl":{"start":{"line":71,"column":35},"end":{"line":71,"column":36}},"loc":{"start":{"line":71,"column":61},"end":{"line":85,"column":3}}},"8":{"name":"(anonymous_8)","decl":{"start":{"line":87,"column":33},"end":{"line":87,"column":34}},"loc":{"start":{"line":87,"column":65},"end":{"line":106,"column":3}}},"9":{"name":"(anonymous_9)","decl":{"start":{"line":95,"column":24},"end":{"line":95,"column":32}},"loc":{"start":{"line":95,"column":35},"end":{"line":97,"column":7}}},"10":{"name":"(anonymous_10)","decl":{"start":{"line":102,"column":33},"end":{"line":102,"column":41}},"loc":{"start":{"line":102,"column":44},"end":{"line":104,"column":7}}},"11":{"name":"(anonymous_11)","decl":{"start":{"line":15,"column":2},"end":{"line":15,"column":7}},"loc":{"start":{"line":15,"column":21},"end":{"line":17,"column":3}}}},"branchMap":{"0":{"loc":{"start":{"line":24,"column":21},"end":{"line":24,"column":55}},"type":"cond-expr","locations":[{"start":{"line":24,"column":30},"end":{"line":24,"column":32}},{"start":{"line":24,"column":30},"end":{"line":24,"column":55}}]},"1":{"loc":{"start":{"line":24,"column":21},"end":{"line":24,"column":32}},"type":"binary-expr","locations":[{"start":{"line":24,"column":21},"end":{"line":24,"column":32}},{"start":{"line":24,"column":30},"end":{"line":24,"column":32}}]},"2":{"loc":{"start":{"line":34,"column":4},"end":{"line":36,"column":5}},"type":"if","locations":[{"start":{"line":34,"column":4},"end":{"line":36,"column":5}}]},"3":{"loc":{"start":{"line":37,"column":27},"end":{"line":37,"column":69}},"type":"binary-expr","locations":[{"start":{"line":37,"column":27},"end":{"line":37,"column":56}},{"start":{"line":37,"column":60},"end":{"line":37,"column":69}}]},"4":{"loc":{"start":{"line":38,"column":22},"end":{"line":38,"column":59}},"type":"binary-expr","locations":[{"start":{"line":38,"column":22},"end":{"line":38,"column":46}},{"start":{"line":38,"column":50},"end":{"line":38,"column":59}}]},"5":{"loc":{"start":{"line":40,"column":4},"end":{"line":42,"column":5}},"type":"if","locations":[{"start":{"line":40,"column":4},"end":{"line":42,"column":5}}]},"6":{"loc":{"start":{"line":56,"column":22},"end":{"line":56,"column":47}},"type":"cond-expr","locations":[{"start":{"line":56,"column":36},"end":{"line":56,"column":38}},{"start":{"line":56,"column":22},"end":{"line":56,"column":47}}]},"7":{"loc":{"start":{"line":56,"column":22},"end":{"line":56,"column":38}},"type":"binary-expr","locations":[{"start":{"line":56,"column":22},"end":{"line":56,"column":38}},{"start":{"line":56,"column":22},"end":{"line":56,"column":38}}]},"8":{"loc":{"start":{"line":57,"column":4},"end":{"line":61,"column":5}},"type":"if","locations":[{"start":{"line":57,"column":4},"end":{"line":61,"column":5}}]},"9":{"loc":{"start":{"line":57,"column":8},"end":{"line":57,"column":35}},"type":"binary-expr","locations":[{"start":{"line":57,"column":8},"end":{"line":57,"column":22}},{"start":{"line":57,"column":26},"end":{"line":57,"column":35}}]},"10":{"loc":{"start":{"line":63,"column":31},"end":{"line":63,"column":76}},"type":"cond-expr","locations":[{"start":{"line":63,"column":45},"end":{"line":63,"column":47}},{"start":{"line":63,"column":31},"end":{"line":63,"column":76}}]},"11":{"loc":{"start":{"line":63,"column":31},"end":{"line":63,"column":47}},"type":"binary-expr","locations":[{"start":{"line":63,"column":31},"end":{"line":63,"column":47}},{"start":{"line":63,"column":31},"end":{"line":63,"column":47}}]},"12":{"loc":{"start":{"line":64,"column":4},"end":{"line":68,"column":5}},"type":"if","locations":[{"start":{"line":64,"column":4},"end":{"line":68,"column":5}}]},"13":{"loc":{"start":{"line":64,"column":8},"end":{"line":64,"column":37}},"type":"binary-expr","locations":[{"start":{"line":64,"column":8},"end":{"line":64,"column":15}},{"start":{"line":64,"column":19},"end":{"line":64,"column":37}}]},"14":{"loc":{"start":{"line":76,"column":4},"end":{"line":78,"column":5}},"type":"if","locations":[{"start":{"line":76,"column":4},"end":{"line":78,"column":5}}]},"15":{"loc":{"start":{"line":79,"column":27},"end":{"line":79,"column":69}},"type":"binary-expr","locations":[{"start":{"line":79,"column":27},"end":{"line":79,"column":56}},{"start":{"line":79,"column":60},"end":{"line":79,"column":69}}]},"16":{"loc":{"start":{"line":80,"column":22},"end":{"line":80,"column":68}},"type":"binary-expr","locations":[{"start":{"line":80,"column":22},"end":{"line":80,"column":55}},{"start":{"line":80,"column":59},"end":{"line":80,"column":68}}]},"17":{"loc":{"start":{"line":93,"column":22},"end":{"line":93,"column":47}},"type":"cond-expr","locations":[{"start":{"line":93,"column":36},"end":{"line":93,"column":38}},{"start":{"line":93,"column":22},"end":{"line":93,"column":47}}]},"18":{"loc":{"start":{"line":93,"column":22},"end":{"line":93,"column":38}},"type":"binary-expr","locations":[{"start":{"line":93,"column":22},"end":{"line":93,"column":38}},{"start":{"line":93,"column":22},"end":{"line":93,"column":38}}]},"19":{"loc":{"start":{"line":94,"column":4},"end":{"line":98,"column":5}},"type":"if","locations":[{"start":{"line":94,"column":4},"end":{"line":98,"column":5}}]},"20":{"loc":{"start":{"line":94,"column":8},"end":{"line":94,"column":35}},"type":"binary-expr","locations":[{"start":{"line":94,"column":8},"end":{"line":94,"column":22}},{"start":{"line":94,"column":26},"end":{"line":94,"column":35}}]},"21":{"loc":{"start":{"line":100,"column":31},"end":{"line":100,"column":76}},"type":"cond-expr","locations":[{"start":{"line":100,"column":45},"end":{"line":100,"column":47}},{"start":{"line":100,"column":31},"end":{"line":100,"column":76}}]},"22":{"loc":{"start":{"line":100,"column":31},"end":{"line":100,"column":47}},"type":"binary-expr","locations":[{"start":{"line":100,"column":31},"end":{"line":100,"column":47}},{"start":{"line":100,"column":31},"end":{"line":100,"column":47}}]},"23":{"loc":{"start":{"line":101,"column":4},"end":{"line":105,"column":5}},"type":"if","locations":[{"start":{"line":101,"column":4},"end":{"line":105,"column":5}}]}},"s":{"0":1,"1":1,"2":1,"3":1,"4":1,"5":1,"6":1,"7":1,"8":2,"9":2,"10":2,"11":1,"12":2,"13":2,"14":2,"15":0,"16":2,"17":2,"18":2,"19":2,"20":2,"21":2,"22":2,"23":1,"24":1,"25":1,"26":1,"27":1,"28":1,"29":1,"30":1,"31":1,"32":1,"33":1,"34":1,"35":0,"36":0,"37":1,"38":0,"39":0,"40":0,"41":0,"42":0,"43":0,"44":0,"45":0,"46":0,"47":0,"48":1,"49":0,"50":0,"51":0,"52":0,"53":0,"54":0,"55":0,"56":0,"57":0,"58":0,"59":0,"60":1,"61":1},"f":{"0":1,"1":1,"2":2,"3":2,"4":1,"5":1,"6":0,"7":0,"8":0,"9":0,"10":0,"11":1},"b":{"0":[0,2],"1":[2,2],"2":[0],"3":[2,1],"4":[2,1],"5":[2],"6":[0,1],"7":[1,1],"8":[1],"9":[1,1],"10":[0,1],"11":[1,1],"12":[0],"13":[1,1],"14":[0],"15":[0,0],"16":[0,0],"17":[0,0],"18":[0,0],"19":[0],"20":[0,0],"21":[0,0],"22":[0,0],"23":[0]}}
,"/Users/xg-a06/g/rex/src/plugins/subscribe.ts": {"path":"/Users/xg-a06/g/rex/src/plugins/subscribe.ts","statementMap":{"0":{"start":{"line":4,"column":0},"end":{"line":4,"column":55}},"1":{"start":{"line":6,"column":0},"end":{"line":6,"column":41}},"2":{"start":{"line":13,"column":2},"end":{"line":13,"column":38}},"3":{"start":{"line":14,"column":2},"end":{"line":14,"column":52}},"4":{"start":{"line":20,"column":19},"end":{"line":33,"column":4}},"5":{"start":{"line":21,"column":23},"end":{"line":21,"column":86}},"6":{"start":{"line":22,"column":4},"end":{"line":28,"column":5}},"7":{"start":{"line":23,"column":17},"end":{"line":23,"column":27}},"8":{"start":{"line":24,"column":6},"end":{"line":26,"column":7}},"9":{"start":{"line":25,"column":8},"end":{"line":25,"column":37}},"10":{"start":{"line":27,"column":6},"end":{"line":27,"column":18}},"11":{"start":{"line":29,"column":4},"end":{"line":29,"column":26}},"12":{"start":{"line":30,"column":4},"end":{"line":30,"column":14}},"13":{"start":{"line":31,"column":24},"end":{"line":31,"column":77}},"14":{"start":{"line":32,"column":4},"end":{"line":32,"column":33}},"15":{"start":{"line":35,"column":2},"end":{"line":43,"column":4}},"16":{"start":{"line":36,"column":4},"end":{"line":36,"column":48}},"17":{"start":{"line":38,"column":4},"end":{"line":42,"column":5}},"18":{"start":{"line":40,"column":25},"end":{"line":40,"column":45}},"19":{"start":{"line":41,"column":6},"end":{"line":41,"column":73}},"20":{"start":{"line":45,"column":2},"end":{"line":57,"column":4}},"21":{"start":{"line":46,"column":4},"end":{"line":46,"column":58}},"22":{"start":{"line":47,"column":24},"end":{"line":47,"column":50}},"23":{"start":{"line":48,"column":4},"end":{"line":55,"column":5}},"24":{"start":{"line":49,"column":27},"end":{"line":49,"column":104}},"25":{"start":{"line":49,"column":78},"end":{"line":49,"column":103}},"26":{"start":{"line":50,"column":6},"end":{"line":54,"column":9}},"27":{"start":{"line":51,"column":8},"end":{"line":53,"column":11}},"28":{"start":{"line":52,"column":10},"end":{"line":52,"column":15}},"29":{"start":{"line":17,"column":4},"end":{"line":17,"column":21}},"30":{"start":{"line":71,"column":20},"end":{"line":71,"column":35}},"31":{"start":{"line":60,"column":18},"end":{"line":69,"column":1}},"32":{"start":{"line":61,"column":15},"end":{"line":61,"column":43}},"33":{"start":{"line":62,"column":26},"end":{"line":62,"column":57}},"34":{"start":{"line":63,"column":24},"end":{"line":63,"column":67}},"35":{"start":{"line":64,"column":2},"end":{"line":68,"column":3}},"36":{"start":{"line":65,"column":26},"end":{"line":65,"column":98}},"37":{"start":{"line":66,"column":4},"end":{"line":66,"column":32}},"38":{"start":{"line":67,"column":4},"end":{"line":67,"column":67}},"39":{"start":{"line":71,"column":9},"end":{"line":71,"column":18}}},"fnMap":{"0":{"name":"(anonymous_0)","decl":{"start":{"line":11,"column":0},"end":{"line":11,"column":6}},"loc":{"start":{"line":11,"column":0},"end":{"line":58,"column":1}}},"1":{"name":"(anonymous_1)","decl":{"start":{"line":20,"column":41},"end":{"line":20,"column":42}},"loc":{"start":{"line":20,"column":58},"end":{"line":33,"column":3}}},"2":{"name":"(anonymous_2)","decl":{"start":{"line":35,"column":27},"end":{"line":35,"column":28}},"loc":{"start":{"line":35,"column":69},"end":{"line":43,"column":3}}},"3":{"name":"(anonymous_3)","decl":{"start":{"line":45,"column":27},"end":{"line":45,"column":28}},"loc":{"start":{"line":45,"column":79},"end":{"line":57,"column":3}}},"4":{"name":"(anonymous_4)","decl":{"start":{"line":49,"column":71},"end":{"line":49,"column":74}},"loc":{"start":{"line":49,"column":78},"end":{"line":49,"column":103}}},"5":{"name":"(anonymous_5)","decl":{"start":{"line":50,"column":27},"end":{"line":50,"column":35}},"loc":{"start":{"line":50,"column":38},"end":{"line":54,"column":7}}},"6":{"name":"(anonymous_6)","decl":{"start":{"line":51,"column":49},"end":{"line":51,"column":51}},"loc":{"start":{"line":51,"column":54},"end":{"line":53,"column":9}}},"7":{"name":"(anonymous_7)","decl":{"start":{"line":16,"column":2},"end":{"line":16,"column":7}},"loc":{"start":{"line":16,"column":21},"end":{"line":18,"column":3}}},"8":{"name":"(anonymous_8)","decl":{"start":{"line":60,"column":18},"end":{"line":60,"column":40}},"loc":{"start":{"line":60,"column":103},"end":{"line":69,"column":1}}}},"branchMap":{"0":{"loc":{"start":{"line":21,"column":23},"end":{"line":21,"column":86}},"type":"binary-expr","locations":[{"start":{"line":21,"column":23},"end":{"line":21,"column":48}},{"start":{"line":21,"column":52},"end":{"line":21,"column":86}}]},"1":{"loc":{"start":{"line":22,"column":4},"end":{"line":28,"column":5}},"type":"if","locations":[{"start":{"line":22,"column":4},"end":{"line":28,"column":5}}]},"2":{"loc":{"start":{"line":24,"column":6},"end":{"line":26,"column":7}},"type":"if","locations":[{"start":{"line":24,"column":6},"end":{"line":26,"column":7}}]},"3":{"loc":{"start":{"line":31,"column":24},"end":{"line":31,"column":77}},"type":"cond-expr","locations":[{"start":{"line":31,"column":37},"end":{"line":31,"column":70}},{"start":{"line":31,"column":73},"end":{"line":31,"column":77}}]},"4":{"loc":{"start":{"line":38,"column":4},"end":{"line":42,"column":5}},"type":"if","locations":[{"start":{"line":38,"column":4},"end":{"line":42,"column":5}}]},"5":{"loc":{"start":{"line":48,"column":4},"end":{"line":55,"column":5}},"type":"if","locations":[{"start":{"line":48,"column":4},"end":{"line":55,"column":5}}]},"6":{"loc":{"start":{"line":51,"column":8},"end":{"line":53,"column":10}},"type":"cond-expr","locations":[{"start":{"line":51,"column":39},"end":{"line":51,"column":41}},{"start":{"line":51,"column":39},"end":{"line":53,"column":10}}]},"7":{"loc":{"start":{"line":51,"column":8},"end":{"line":51,"column":41}},"type":"binary-expr","locations":[{"start":{"line":51,"column":8},"end":{"line":51,"column":41}},{"start":{"line":51,"column":39},"end":{"line":51,"column":41}}]},"8":{"loc":{"start":{"line":64,"column":2},"end":{"line":68,"column":3}},"type":"if","locations":[{"start":{"line":64,"column":2},"end":{"line":68,"column":3}}]},"9":{"loc":{"start":{"line":65,"column":26},"end":{"line":65,"column":98}},"type":"binary-expr","locations":[{"start":{"line":65,"column":26},"end":{"line":65,"column":73}},{"start":{"line":65,"column":77},"end":{"line":65,"column":98}}]}},"s":{"0":1,"1":1,"2":1,"3":1,"4":1,"5":1,"6":1,"7":1,"8":1,"9":1,"10":1,"11":0,"12":0,"13":0,"14":0,"15":1,"16":2,"17":2,"18":0,"19":0,"20":1,"21":1,"22":1,"23":1,"24":1,"25":0,"26":1,"27":0,"28":0,"29":1,"30":1,"31":1,"32":0,"33":0,"34":0,"35":0,"36":0,"37":0,"38":0,"39":1},"f":{"0":1,"1":1,"2":2,"3":1,"4":0,"5":0,"6":0,"7":1,"8":0},"b":{"0":[1,1],"1":[1],"2":[1],"3":[0,0],"4":[0],"5":[1],"6":[0,0],"7":[0,0],"8":[0],"9":[0,0]}}
,"/Users/xg-a06/g/rex/src/utils/tools.ts": {"path":"/Users/xg-a06/g/rex/src/utils/tools.ts","statementMap":{"0":{"start":{"line":1,"column":19},"end":{"line":1,"column":100}},"1":{"start":{"line":1,"column":73},"end":{"line":1,"column":100}},"2":{"start":{"line":24,"column":9},"end":{"line":24,"column":19}},"3":{"start":{"line":3,"column":17},"end":{"line":3,"column":97}},"4":{"start":{"line":3,"column":54},"end":{"line":3,"column":97}},"5":{"start":{"line":24,"column":21},"end":{"line":24,"column":29}},"6":{"start":{"line":5,"column":17},"end":{"line":5,"column":79}},"7":{"start":{"line":5,"column":54},"end":{"line":5,"column":79}},"8":{"start":{"line":24,"column":31},"end":{"line":24,"column":39}},"9":{"start":{"line":7,"column":20},"end":{"line":9,"column":1}},"10":{"start":{"line":8,"column":2},"end":{"line":8,"column":86}},"11":{"start":{"line":24,"column":41},"end":{"line":24,"column":52}},"12":{"start":{"line":11,"column":23},"end":{"line":13,"column":1}},"13":{"start":{"line":12,"column":2},"end":{"line":12,"column":47}},"14":{"start":{"line":24,"column":54},"end":{"line":24,"column":68}},"15":{"start":{"line":15,"column":29},"end":{"line":15,"column":190}},"16":{"start":{"line":17,"column":24},"end":{"line":22,"column":1}},"17":{"start":{"line":18,"column":2},"end":{"line":20,"column":3}},"18":{"start":{"line":19,"column":4},"end":{"line":19,"column":16}},"19":{"start":{"line":21,"column":2},"end":{"line":21,"column":15}},"20":{"start":{"line":24,"column":70},"end":{"line":24,"column":85}}},"fnMap":{"0":{"name":"(anonymous_0)","decl":{"start":{"line":1,"column":19},"end":{"line":1,"column":20}},"loc":{"start":{"line":1,"column":73},"end":{"line":1,"column":100}}},"1":{"name":"(anonymous_1)","decl":{"start":{"line":3,"column":17},"end":{"line":3,"column":18}},"loc":{"start":{"line":3,"column":54},"end":{"line":3,"column":97}}},"2":{"name":"(anonymous_2)","decl":{"start":{"line":5,"column":17},"end":{"line":5,"column":18}},"loc":{"start":{"line":5,"column":54},"end":{"line":5,"column":79}}},"3":{"name":"(anonymous_3)","decl":{"start":{"line":7,"column":20},"end":{"line":7,"column":21}},"loc":{"start":{"line":7,"column":35},"end":{"line":9,"column":1}}},"4":{"name":"(anonymous_4)","decl":{"start":{"line":11,"column":23},"end":{"line":11,"column":24}},"loc":{"start":{"line":11,"column":59},"end":{"line":13,"column":1}}},"5":{"name":"(anonymous_5)","decl":{"start":{"line":17,"column":24},"end":{"line":17,"column":25}},"loc":{"start":{"line":17,"column":60},"end":{"line":22,"column":1}}}},"branchMap":{"0":{"loc":{"start":{"line":3,"column":54},"end":{"line":3,"column":97}},"type":"binary-expr","locations":[{"start":{"line":3,"column":54},"end":{"line":3,"column":79}},{"start":{"line":3,"column":83},"end":{"line":3,"column":97}}]},"1":{"loc":{"start":{"line":8,"column":9},"end":{"line":8,"column":85}},"type":"binary-expr","locations":[{"start":{"line":8,"column":10},"end":{"line":8,"column":35}},{"start":{"line":8,"column":39},"end":{"line":8,"column":66}},{"start":{"line":8,"column":71},"end":{"line":8,"column":85}}]},"2":{"loc":{"start":{"line":18,"column":2},"end":{"line":20,"column":3}},"type":"if","locations":[{"start":{"line":18,"column":2},"end":{"line":20,"column":3}}]},"3":{"loc":{"start":{"line":18,"column":6},"end":{"line":18,"column":121}},"type":"binary-expr","locations":[{"start":{"line":18,"column":6},"end":{"line":18,"column":27}},{"start":{"line":18,"column":31},"end":{"line":18,"column":66}},{"start":{"line":18,"column":70},"end":{"line":18,"column":121}}]}},"s":{"0":1,"1":2,"2":1,"3":1,"4":6,"5":1,"6":1,"7":1,"8":1,"9":1,"10":0,"11":1,"12":1,"13":2,"14":1,"15":1,"16":1,"17":2,"18":0,"19":2,"20":1},"f":{"0":2,"1":6,"2":1,"3":0,"4":2,"5":2},"b":{"0":[6,2],"1":[0,0,0],"2":[0],"3":[2,0,0]}}
}
