{"/Users/xg-a06/g/rex/src/core/index.ts": {"path":"/Users/xg-a06/g/rex/src/core/index.ts","statementMap":{"0":{"start":{"line":1,"column":0},"end":{"line":1,"column":26}},"1":{"start":{"line":2,"column":0},"end":{"line":2,"column":84}},"2":{"start":{"line":4,"column":0},"end":{"line":4,"column":52}},"3":{"start":{"line":13,"column":31},"end":{"line":13,"column":57}},"4":{"start":{"line":7,"column":2},"end":{"line":7,"column":50}},"5":{"start":{"line":8,"column":2},"end":{"line":8,"column":63}},"6":{"start":{"line":9,"column":2},"end":{"line":9,"column":50}},"7":{"start":{"line":14,"column":4},"end":{"line":14,"column":87}},"8":{"start":{"line":15,"column":4},"end":{"line":15,"column":23}},"9":{"start":{"line":19,"column":4},"end":{"line":19,"column":37}},"10":{"start":{"line":20,"column":4},"end":{"line":22,"column":7}},"11":{"start":{"line":21,"column":6},"end":{"line":21,"column":23}},"12":{"start":{"line":26,"column":4},"end":{"line":26,"column":77}},"13":{"start":{"line":26,"column":39},"end":{"line":26,"column":61}},"14":{"start":{"line":30,"column":4},"end":{"line":30,"column":23}},"15":{"start":{"line":31,"column":4},"end":{"line":39,"column":7}},"16":{"start":{"line":32,"column":20},"end":{"line":32,"column":45}},"17":{"start":{"line":33,"column":21},"end":{"line":33,"column":41}},"18":{"start":{"line":34,"column":6},"end":{"line":38,"column":7}},"19":{"start":{"line":35,"column":28},"end":{"line":35,"column":55}},"20":{"start":{"line":36,"column":8},"end":{"line":36,"column":55}},"21":{"start":{"line":37,"column":8},"end":{"line":37,"column":54}},"22":{"start":{"line":43,"column":18},"end":{"line":43,"column":46}},"23":{"start":{"line":44,"column":4},"end":{"line":50,"column":5}},"24":{"start":{"line":45,"column":6},"end":{"line":45,"column":36}},"25":{"start":{"line":46,"column":6},"end":{"line":49,"column":9}},"26":{"start":{"line":47,"column":22},"end":{"line":47,"column":47}},"27":{"start":{"line":48,"column":8},"end":{"line":48,"column":98}},"28":{"start":{"line":48,"column":76},"end":{"line":48,"column":96}},"29":{"start":{"line":54,"column":4},"end":{"line":61,"column":5}},"30":{"start":{"line":55,"column":6},"end":{"line":60,"column":9}},"31":{"start":{"line":57,"column":10},"end":{"line":57,"column":22}},"32":{"start":{"line":65,"column":4},"end":{"line":67,"column":5}},"33":{"start":{"line":66,"column":6},"end":{"line":66,"column":52}},"34":{"start":{"line":68,"column":54},"end":{"line":68,"column":58}},"35":{"start":{"line":70,"column":23},"end":{"line":70,"column":52}},"36":{"start":{"line":71,"column":4},"end":{"line":73,"column":5}},"37":{"start":{"line":72,"column":6},"end":{"line":72,"column":24}},"38":{"start":{"line":75,"column":37},"end":{"line":112,"column":6}},"39":{"start":{"line":77,"column":8},"end":{"line":85,"column":9}},"40":{"start":{"line":78,"column":10},"end":{"line":78,"column":24}},"41":{"start":{"line":79,"column":15},"end":{"line":85,"column":9}},"42":{"start":{"line":80,"column":10},"end":{"line":80,"column":22}},"43":{"start":{"line":81,"column":15},"end":{"line":85,"column":9}},"44":{"start":{"line":82,"column":10},"end":{"line":82,"column":53}},"45":{"start":{"line":83,"column":15},"end":{"line":85,"column":9}},"46":{"start":{"line":84,"column":10},"end":{"line":84,"column":53}},"47":{"start":{"line":86,"column":22},"end":{"line":86,"column":57}},"48":{"start":{"line":87,"column":8},"end":{"line":90,"column":9}},"49":{"start":{"line":88,"column":25},"end":{"line":88,"column":35}},"50":{"start":{"line":89,"column":10},"end":{"line":89,"column":57}},"51":{"start":{"line":91,"column":8},"end":{"line":91,"column":21}},"52":{"start":{"line":94,"column":8},"end":{"line":96,"column":9}},"53":{"start":{"line":95,"column":10},"end":{"line":95,"column":63}},"54":{"start":{"line":97,"column":26},"end":{"line":97,"column":38}},"55":{"start":{"line":98,"column":8},"end":{"line":100,"column":9}},"56":{"start":{"line":99,"column":10},"end":{"line":99,"column":22}},"57":{"start":{"line":101,"column":26},"end":{"line":101,"column":81}},"58":{"start":{"line":102,"column":8},"end":{"line":102,"column":21}},"59":{"start":{"line":105,"column":22},"end":{"line":105,"column":45}},"60":{"start":{"line":106,"column":8},"end":{"line":106,"column":21}},"61":{"start":{"line":109,"column":26},"end":{"line":109,"column":64}},"62":{"start":{"line":110,"column":8},"end":{"line":110,"column":21}},"63":{"start":{"line":113,"column":35},"end":{"line":113,"column":75}},"64":{"start":{"line":115,"column":4},"end":{"line":117,"column":5}},"65":{"start":{"line":116,"column":6},"end":{"line":116,"column":33}},"66":{"start":{"line":119,"column":4},"end":{"line":119,"column":23}},"67":{"start":{"line":120,"column":4},"end":{"line":120,"column":47}},"68":{"start":{"line":122,"column":4},"end":{"line":122,"column":23}},"69":{"start":{"line":127,"column":4},"end":{"line":129,"column":5}},"70":{"start":{"line":128,"column":6},"end":{"line":128,"column":52}},"71":{"start":{"line":131,"column":67},"end":{"line":131,"column":71}},"72":{"start":{"line":133,"column":4},"end":{"line":139,"column":5}},"73":{"start":{"line":134,"column":23},"end":{"line":134,"column":53}},"74":{"start":{"line":135,"column":25},"end":{"line":135,"column":47}},"75":{"start":{"line":136,"column":6},"end":{"line":138,"column":7}},"76":{"start":{"line":137,"column":8},"end":{"line":137,"column":26}},"77":{"start":{"line":141,"column":37},"end":{"line":180,"column":6}},"78":{"start":{"line":143,"column":8},"end":{"line":158,"column":9}},"79":{"start":{"line":144,"column":10},"end":{"line":144,"column":24}},"80":{"start":{"line":145,"column":15},"end":{"line":158,"column":9}},"81":{"start":{"line":146,"column":10},"end":{"line":146,"column":22}},"82":{"start":{"line":147,"column":15},"end":{"line":158,"column":9}},"83":{"start":{"line":148,"column":10},"end":{"line":148,"column":53}},"84":{"start":{"line":149,"column":15},"end":{"line":158,"column":9}},"85":{"start":{"line":150,"column":10},"end":{"line":150,"column":54}},"86":{"start":{"line":151,"column":10},"end":{"line":151,"column":53}},"87":{"start":{"line":152,"column":15},"end":{"line":158,"column":9}},"88":{"start":{"line":153,"column":21},"end":{"line":153,"column":56}},"89":{"start":{"line":154,"column":10},"end":{"line":156,"column":11}},"90":{"start":{"line":155,"column":12},"end":{"line":155,"column":57}},"91":{"start":{"line":157,"column":10},"end":{"line":157,"column":20}},"92":{"start":{"line":160,"column":26},"end":{"line":160,"column":71}},"93":{"start":{"line":162,"column":8},"end":{"line":165,"column":9}},"94":{"start":{"line":163,"column":25},"end":{"line":163,"column":35}},"95":{"start":{"line":164,"column":10},"end":{"line":164,"column":60}},"96":{"start":{"line":166,"column":8},"end":{"line":166,"column":21}},"97":{"start":{"line":169,"column":8},"end":{"line":169,"column":109}},"98":{"start":{"line":172,"column":25},"end":{"line":172,"column":56}},"99":{"start":{"line":173,"column":27},"end":{"line":173,"column":49}},"100":{"start":{"line":174,"column":26},"end":{"line":174,"column":71}},"101":{"start":{"line":175,"column":8},"end":{"line":175,"column":21}},"102":{"start":{"line":178,"column":8},"end":{"line":178,"column":97}},"103":{"start":{"line":181,"column":24},"end":{"line":181,"column":65}},"104":{"start":{"line":183,"column":4},"end":{"line":185,"column":5}},"105":{"start":{"line":184,"column":6},"end":{"line":184,"column":22}},"106":{"start":{"line":187,"column":4},"end":{"line":187,"column":23}},"107":{"start":{"line":188,"column":18},"end":{"line":188,"column":80}},"108":{"start":{"line":189,"column":4},"end":{"line":189,"column":36}},"109":{"start":{"line":190,"column":4},"end":{"line":190,"column":42}},"110":{"start":{"line":191,"column":4},"end":{"line":191,"column":43}},"111":{"start":{"line":193,"column":4},"end":{"line":193,"column":23}},"112":{"start":{"line":197,"column":25},"end":{"line":197,"column":29}},"113":{"start":{"line":199,"column":48},"end":{"line":204,"column":6}},"114":{"start":{"line":201,"column":26},"end":{"line":201,"column":81}},"115":{"start":{"line":202,"column":8},"end":{"line":202,"column":21}},"116":{"start":{"line":205,"column":4},"end":{"line":205,"column":34}},"117":{"start":{"line":221,"column":9},"end":{"line":221,"column":13}},"118":{"start":{"line":209,"column":14},"end":{"line":211,"column":1}},"119":{"start":{"line":210,"column":2},"end":{"line":210,"column":25}},"120":{"start":{"line":221,"column":15},"end":{"line":221,"column":20}},"121":{"start":{"line":213,"column":14},"end":{"line":215,"column":1}},"122":{"start":{"line":214,"column":2},"end":{"line":214,"column":30}},"123":{"start":{"line":221,"column":22},"end":{"line":221,"column":27}},"124":{"start":{"line":217,"column":24},"end":{"line":219,"column":1}},"125":{"start":{"line":218,"column":2},"end":{"line":218,"column":34}},"126":{"start":{"line":221,"column":29},"end":{"line":221,"column":44}}},"fnMap":{"0":{"name":"(anonymous_0)","decl":{"start":{"line":13,"column":2},"end":{"line":13,"column":31}},"loc":{"start":{"line":13,"column":57},"end":{"line":16,"column":3}}},"1":{"name":"(anonymous_1)","decl":{"start":{"line":18,"column":2},"end":{"line":18,"column":13}},"loc":{"start":{"line":18,"column":13},"end":{"line":23,"column":3}}},"2":{"name":"(anonymous_2)","decl":{"start":{"line":20,"column":25},"end":{"line":20,"column":31}},"loc":{"start":{"line":20,"column":34},"end":{"line":22,"column":5}}},"3":{"name":"(anonymous_3)","decl":{"start":{"line":25,"column":2},"end":{"line":25,"column":11}},"loc":{"start":{"line":25,"column":50},"end":{"line":27,"column":3}}},"4":{"name":"(anonymous_4)","decl":{"start":{"line":26,"column":29},"end":{"line":26,"column":35}},"loc":{"start":{"line":26,"column":39},"end":{"line":26,"column":61}}},"5":{"name":"(anonymous_5)","decl":{"start":{"line":29,"column":2},"end":{"line":29,"column":5}},"loc":{"start":{"line":29,"column":24},"end":{"line":40,"column":3}}},"6":{"name":"(anonymous_6)","decl":{"start":{"line":31,"column":43},"end":{"line":31,"column":47}},"loc":{"start":{"line":31,"column":50},"end":{"line":39,"column":5}}},"7":{"name":"(anonymous_7)","decl":{"start":{"line":42,"column":2},"end":{"line":42,"column":7}},"loc":{"start":{"line":42,"column":26},"end":{"line":51,"column":3}}},"8":{"name":"(anonymous_8)","decl":{"start":{"line":46,"column":45},"end":{"line":46,"column":49}},"loc":{"start":{"line":46,"column":52},"end":{"line":49,"column":7}}},"9":{"name":"(anonymous_9)","decl":{"start":{"line":48,"column":70},"end":{"line":48,"column":72}},"loc":{"start":{"line":48,"column":76},"end":{"line":48,"column":96}}},"10":{"name":"(anonymous_10)","decl":{"start":{"line":53,"column":10},"end":{"line":53,"column":19}},"loc":{"start":{"line":53,"column":30},"end":{"line":62,"column":3}}},"11":{"name":"(anonymous_11)","decl":{"start":{"line":56,"column":8},"end":{"line":56,"column":11}},"loc":{"start":{"line":56,"column":11},"end":{"line":58,"column":9}}},"12":{"name":"(anonymous_12)","decl":{"start":{"line":64,"column":2},"end":{"line":64,"column":14}},"loc":{"start":{"line":64,"column":52},"end":{"line":123,"column":3}}},"13":{"name":"(anonymous_13)","decl":{"start":{"line":76,"column":11},"end":{"line":76,"column":12}},"loc":{"start":{"line":76,"column":38},"end":{"line":92,"column":7}}},"14":{"name":"(anonymous_14)","decl":{"start":{"line":93,"column":11},"end":{"line":93,"column":12}},"loc":{"start":{"line":93,"column":48},"end":{"line":103,"column":7}}},"15":{"name":"(anonymous_15)","decl":{"start":{"line":104,"column":15},"end":{"line":104,"column":21}},"loc":{"start":{"line":104,"column":24},"end":{"line":107,"column":7}}},"16":{"name":"(anonymous_16)","decl":{"start":{"line":108,"column":22},"end":{"line":108,"column":23}},"loc":{"start":{"line":108,"column":39},"end":{"line":111,"column":7}}},"17":{"name":"(anonymous_17)","decl":{"start":{"line":126,"column":2},"end":{"line":126,"column":14}},"loc":{"start":{"line":126,"column":59},"end":{"line":194,"column":3}}},"18":{"name":"(anonymous_18)","decl":{"start":{"line":142,"column":11},"end":{"line":142,"column":12}},"loc":{"start":{"line":142,"column":38},"end":{"line":167,"column":7}}},"19":{"name":"(anonymous_19)","decl":{"start":{"line":168,"column":11},"end":{"line":168,"column":12}},"loc":{"start":{"line":168,"column":48},"end":{"line":170,"column":7}}},"20":{"name":"(anonymous_20)","decl":{"start":{"line":171,"column":15},"end":{"line":171,"column":21}},"loc":{"start":{"line":171,"column":24},"end":{"line":176,"column":7}}},"21":{"name":"(anonymous_21)","decl":{"start":{"line":177,"column":22},"end":{"line":177,"column":23}},"loc":{"start":{"line":177,"column":39},"end":{"line":179,"column":7}}},"22":{"name":"(anonymous_22)","decl":{"start":{"line":196,"column":2},"end":{"line":196,"column":21}},"loc":{"start":{"line":196,"column":50},"end":{"line":206,"column":3}}},"23":{"name":"(anonymous_23)","decl":{"start":{"line":200,"column":13},"end":{"line":200,"column":14}},"loc":{"start":{"line":200,"column":39},"end":{"line":203,"column":7}}},"24":{"name":"(anonymous_24)","decl":{"start":{"line":209,"column":14},"end":{"line":209,"column":15}},"loc":{"start":{"line":209,"column":30},"end":{"line":211,"column":1}}},"25":{"name":"(anonymous_25)","decl":{"start":{"line":213,"column":14},"end":{"line":213,"column":36}},"loc":{"start":{"line":213,"column":58},"end":{"line":215,"column":1}}},"26":{"name":"(anonymous_26)","decl":{"start":{"line":217,"column":24},"end":{"line":217,"column":46}},"loc":{"start":{"line":217,"column":68},"end":{"line":219,"column":1}}}},"branchMap":{"0":{"loc":{"start":{"line":34,"column":6},"end":{"line":38,"column":7}},"type":"if","locations":[{"start":{"line":34,"column":6},"end":{"line":38,"column":7}}]},"1":{"loc":{"start":{"line":44,"column":4},"end":{"line":50,"column":5}},"type":"if","locations":[{"start":{"line":44,"column":4},"end":{"line":50,"column":5}}]},"2":{"loc":{"start":{"line":54,"column":4},"end":{"line":61,"column":5}},"type":"if","locations":[{"start":{"line":54,"column":4},"end":{"line":61,"column":5}}]},"3":{"loc":{"start":{"line":65,"column":4},"end":{"line":67,"column":5}},"type":"if","locations":[{"start":{"line":65,"column":4},"end":{"line":67,"column":5}}]},"4":{"loc":{"start":{"line":71,"column":4},"end":{"line":73,"column":5}},"type":"if","locations":[{"start":{"line":71,"column":4},"end":{"line":73,"column":5}}]},"5":{"loc":{"start":{"line":77,"column":8},"end":{"line":85,"column":9}},"type":"if","locations":[{"start":{"line":77,"column":8},"end":{"line":85,"column":9}},{"start":{"line":79,"column":15},"end":{"line":85,"column":9}}]},"6":{"loc":{"start":{"line":79,"column":15},"end":{"line":85,"column":9}},"type":"if","locations":[{"start":{"line":79,"column":15},"end":{"line":85,"column":9}},{"start":{"line":81,"column":15},"end":{"line":85,"column":9}}]},"7":{"loc":{"start":{"line":81,"column":15},"end":{"line":85,"column":9}},"type":"if","locations":[{"start":{"line":81,"column":15},"end":{"line":85,"column":9}},{"start":{"line":83,"column":15},"end":{"line":85,"column":9}}]},"8":{"loc":{"start":{"line":83,"column":15},"end":{"line":85,"column":9}},"type":"if","locations":[{"start":{"line":83,"column":15},"end":{"line":85,"column":9}}]},"9":{"loc":{"start":{"line":87,"column":8},"end":{"line":90,"column":9}},"type":"if","locations":[{"start":{"line":87,"column":8},"end":{"line":90,"column":9}}]},"10":{"loc":{"start":{"line":94,"column":8},"end":{"line":96,"column":9}},"type":"if","locations":[{"start":{"line":94,"column":8},"end":{"line":96,"column":9}}]},"11":{"loc":{"start":{"line":98,"column":8},"end":{"line":100,"column":9}},"type":"if","locations":[{"start":{"line":98,"column":8},"end":{"line":100,"column":9}}]},"12":{"loc":{"start":{"line":115,"column":4},"end":{"line":117,"column":5}},"type":"if","locations":[{"start":{"line":115,"column":4},"end":{"line":117,"column":5}}]},"13":{"loc":{"start":{"line":126,"column":46},"end":{"line":126,"column":59}},"type":"default-arg","locations":[{"start":{"line":126,"column":55},"end":{"line":126,"column":59}}]},"14":{"loc":{"start":{"line":127,"column":4},"end":{"line":129,"column":5}},"type":"if","locations":[{"start":{"line":127,"column":4},"end":{"line":129,"column":5}}]},"15":{"loc":{"start":{"line":133,"column":4},"end":{"line":139,"column":5}},"type":"if","locations":[{"start":{"line":133,"column":4},"end":{"line":139,"column":5}}]},"16":{"loc":{"start":{"line":135,"column":25},"end":{"line":135,"column":47}},"type":"cond-expr","locations":[{"start":{"line":135,"column":33},"end":{"line":135,"column":35}},{"start":{"line":135,"column":25},"end":{"line":135,"column":47}}]},"17":{"loc":{"start":{"line":135,"column":25},"end":{"line":135,"column":35}},"type":"binary-expr","locations":[{"start":{"line":135,"column":25},"end":{"line":135,"column":35}},{"start":{"line":135,"column":25},"end":{"line":135,"column":35}}]},"18":{"loc":{"start":{"line":136,"column":6},"end":{"line":138,"column":7}},"type":"if","locations":[{"start":{"line":136,"column":6},"end":{"line":138,"column":7}}]},"19":{"loc":{"start":{"line":143,"column":8},"end":{"line":158,"column":9}},"type":"if","locations":[{"start":{"line":143,"column":8},"end":{"line":158,"column":9}},{"start":{"line":145,"column":15},"end":{"line":158,"column":9}}]},"20":{"loc":{"start":{"line":145,"column":15},"end":{"line":158,"column":9}},"type":"if","locations":[{"start":{"line":145,"column":15},"end":{"line":158,"column":9}},{"start":{"line":147,"column":15},"end":{"line":158,"column":9}}]},"21":{"loc":{"start":{"line":147,"column":15},"end":{"line":158,"column":9}},"type":"if","locations":[{"start":{"line":147,"column":15},"end":{"line":158,"column":9}},{"start":{"line":149,"column":15},"end":{"line":158,"column":9}}]},"22":{"loc":{"start":{"line":149,"column":15},"end":{"line":158,"column":9}},"type":"if","locations":[{"start":{"line":149,"column":15},"end":{"line":158,"column":9}},{"start":{"line":152,"column":15},"end":{"line":158,"column":9}}]},"23":{"loc":{"start":{"line":152,"column":15},"end":{"line":158,"column":9}},"type":"if","locations":[{"start":{"line":152,"column":15},"end":{"line":158,"column":9}}]},"24":{"loc":{"start":{"line":154,"column":10},"end":{"line":156,"column":11}},"type":"if","locations":[{"start":{"line":154,"column":10},"end":{"line":156,"column":11}}]},"25":{"loc":{"start":{"line":162,"column":8},"end":{"line":165,"column":9}},"type":"if","locations":[{"start":{"line":162,"column":8},"end":{"line":165,"column":9}}]},"26":{"loc":{"start":{"line":173,"column":27},"end":{"line":173,"column":49}},"type":"cond-expr","locations":[{"start":{"line":173,"column":35},"end":{"line":173,"column":37}},{"start":{"line":173,"column":27},"end":{"line":173,"column":49}}]},"27":{"loc":{"start":{"line":173,"column":27},"end":{"line":173,"column":37}},"type":"binary-expr","locations":[{"start":{"line":173,"column":27},"end":{"line":173,"column":37}},{"start":{"line":173,"column":27},"end":{"line":173,"column":37}}]},"28":{"loc":{"start":{"line":183,"column":4},"end":{"line":185,"column":5}},"type":"if","locations":[{"start":{"line":183,"column":4},"end":{"line":185,"column":5}}]},"29":{"loc":{"start":{"line":188,"column":18},"end":{"line":188,"column":80}},"type":"binary-expr","locations":[{"start":{"line":188,"column":18},"end":{"line":188,"column":48}},{"start":{"line":188,"column":52},"end":{"line":188,"column":80}}]},"30":{"loc":{"start":{"line":210,"column":9},"end":{"line":210,"column":24}},"type":"cond-expr","locations":[{"start":{"line":210,"column":15},"end":{"line":210,"column":17}},{"start":{"line":210,"column":9},"end":{"line":210,"column":24}}]},"31":{"loc":{"start":{"line":210,"column":9},"end":{"line":210,"column":17}},"type":"binary-expr","locations":[{"start":{"line":210,"column":9},"end":{"line":210,"column":17}},{"start":{"line":210,"column":9},"end":{"line":210,"column":17}}]}},"s":{"0":6,"1":6,"2":6,"3":6,"4":6,"5":6,"6":6,"7":6,"8":6,"9":6,"10":6,"11":12,"12":27,"13":54,"14":12,"15":12,"16":72,"17":72,"18":72,"19":36,"20":36,"21":36,"22":0,"23":0,"24":0,"25":0,"26":0,"27":0,"28":0,"29":17,"30":9,"31":0,"32":15,"33":0,"34":15,"35":15,"36":15,"37":7,"38":8,"39":39,"40":0,"41":39,"42":0,"43":39,"44":0,"45":39,"46":8,"47":31,"48":31,"49":9,"50":9,"51":22,"52":25,"53":0,"54":25,"55":25,"56":3,"57":22,"58":22,"59":0,"60":0,"61":5,"62":5,"63":8,"64":8,"65":6,"66":8,"67":8,"68":8,"69":20,"70":0,"71":20,"72":20,"73":14,"74":14,"75":14,"76":11,"77":9,"78":77,"79":0,"80":77,"81":0,"82":77,"83":0,"84":77,"85":8,"86":8,"87":69,"88":8,"89":8,"90":0,"91":8,"92":61,"93":61,"94":14,"95":14,"96":47,"97":0,"98":6,"99":6,"100":6,"101":6,"102":0,"103":9,"104":9,"105":6,"106":9,"107":9,"108":9,"109":9,"110":9,"111":9,"112":0,"113":0,"114":0,"115":0,"116":0,"117":6,"118":6,"119":0,"120":6,"121":6,"122":0,"123":6,"124":6,"125":0,"126":6},"f":{"0":6,"1":6,"2":12,"3":27,"4":54,"5":12,"6":72,"7":0,"8":0,"9":0,"10":17,"11":0,"12":15,"13":39,"14":25,"15":0,"16":5,"17":20,"18":77,"19":0,"20":6,"21":0,"22":0,"23":0,"24":0,"25":0,"26":0},"b":{"0":[36],"1":[0],"2":[9],"3":[0],"4":[7],"5":[0,39],"6":[0,39],"7":[0,39],"8":[8],"9":[9],"10":[0],"11":[3],"12":[6],"13":[6],"14":[0],"15":[14],"16":[0,14],"17":[14,14],"18":[11],"19":[0,77],"20":[0,77],"21":[0,77],"22":[8,69],"23":[8],"24":[0],"25":[14],"26":[0,6],"27":[6,6],"28":[6],"29":[9,6],"30":[0,0],"31":[0,0]}}
,"/Users/xg-a06/g/rex/src/core/plugins.ts": {"path":"/Users/xg-a06/g/rex/src/core/plugins.ts","statementMap":{"0":{"start":{"line":45,"column":23},"end":{"line":73,"column":1}},"1":{"start":{"line":46,"column":36},"end":{"line":48,"column":3}},"2":{"start":{"line":47,"column":4},"end":{"line":47,"column":56}},"3":{"start":{"line":49,"column":36},"end":{"line":51,"column":3}},"4":{"start":{"line":50,"column":4},"end":{"line":50,"column":66}},"5":{"start":{"line":52,"column":44},"end":{"line":54,"column":3}},"6":{"start":{"line":53,"column":4},"end":{"line":53,"column":44}},"7":{"start":{"line":55,"column":42},"end":{"line":57,"column":3}},"8":{"start":{"line":56,"column":4},"end":{"line":56,"column":57}},"9":{"start":{"line":58,"column":40},"end":{"line":60,"column":3}},"10":{"start":{"line":59,"column":4},"end":{"line":59,"column":66}},"11":{"start":{"line":61,"column":38},"end":{"line":63,"column":3}},"12":{"start":{"line":62,"column":4},"end":{"line":62,"column":61}},"13":{"start":{"line":65,"column":2},"end":{"line":72,"column":4}},"14":{"start":{"line":104,"column":9},"end":{"line":104,"column":23}},"15":{"start":{"line":75,"column":16},"end":{"line":94,"column":1}},"16":{"start":{"line":76,"column":15},"end":{"line":90,"column":3}},"17":{"start":{"line":78,"column":17},"end":{"line":78,"column":32}},"18":{"start":{"line":79,"column":6},"end":{"line":87,"column":7}},"19":{"start":{"line":80,"column":8},"end":{"line":86,"column":10}},"20":{"start":{"line":83,"column":12},"end":{"line":83,"column":32}},"21":{"start":{"line":89,"column":4},"end":{"line":89,"column":16}},"22":{"start":{"line":91,"column":27},"end":{"line":91,"column":42}},"23":{"start":{"line":92,"column":2},"end":{"line":92,"column":16}},"24":{"start":{"line":93,"column":2},"end":{"line":93,"column":17}},"25":{"start":{"line":104,"column":25},"end":{"line":104,"column":32}}},"fnMap":{"0":{"name":"(anonymous_0)","decl":{"start":{"line":45,"column":23},"end":{"line":45,"column":47}},"loc":{"start":{"line":45,"column":49},"end":{"line":73,"column":1}}},"1":{"name":"(anonymous_1)","decl":{"start":{"line":46,"column":36},"end":{"line":46,"column":37}},"loc":{"start":{"line":46,"column":78},"end":{"line":48,"column":3}}},"2":{"name":"(anonymous_2)","decl":{"start":{"line":49,"column":36},"end":{"line":49,"column":37}},"loc":{"start":{"line":49,"column":88},"end":{"line":51,"column":3}}},"3":{"name":"(anonymous_3)","decl":{"start":{"line":52,"column":44},"end":{"line":52,"column":45}},"loc":{"start":{"line":52,"column":70},"end":{"line":54,"column":3}}},"4":{"name":"(anonymous_4)","decl":{"start":{"line":55,"column":42},"end":{"line":55,"column":43}},"loc":{"start":{"line":55,"column":74},"end":{"line":57,"column":3}}},"5":{"name":"(anonymous_5)","decl":{"start":{"line":58,"column":40},"end":{"line":58,"column":41}},"loc":{"start":{"line":58,"column":99},"end":{"line":60,"column":3}}},"6":{"name":"(anonymous_6)","decl":{"start":{"line":61,"column":38},"end":{"line":61,"column":39}},"loc":{"start":{"line":61,"column":73},"end":{"line":63,"column":3}}},"7":{"name":"(anonymous_7)","decl":{"start":{"line":75,"column":16},"end":{"line":75,"column":17}},"loc":{"start":{"line":75,"column":56},"end":{"line":94,"column":1}}},"8":{"name":"(anonymous_8)","decl":{"start":{"line":76,"column":15},"end":{"line":76,"column":16}},"loc":{"start":{"line":76,"column":32},"end":{"line":90,"column":3}}},"9":{"name":"dispatch","decl":{"start":{"line":77,"column":13},"end":{"line":77,"column":21}},"loc":{"start":{"line":77,"column":35},"end":{"line":88,"column":5}}},"10":{"name":"(anonymous_10)","decl":{"start":{"line":82,"column":10},"end":{"line":82,"column":13}},"loc":{"start":{"line":82,"column":15},"end":{"line":84,"column":11}}}},"branchMap":{"0":{"loc":{"start":{"line":79,"column":6},"end":{"line":87,"column":7}},"type":"if","locations":[{"start":{"line":79,"column":6},"end":{"line":87,"column":7}}]}},"s":{"0":6,"1":6,"2":61,"3":6,"4":22,"5":6,"6":14,"7":6,"8":5,"9":6,"10":0,"11":6,"12":8,"13":6,"14":6,"15":6,"16":110,"17":295,"18":295,"19":295,"20":185,"21":110,"22":110,"23":110,"24":110,"25":6},"f":{"0":6,"1":61,"2":22,"3":14,"4":5,"5":0,"6":8,"7":110,"8":110,"9":295,"10":185},"b":{"0":[295]}}
,"/Users/xg-a06/g/rex/src/hooks/tools.ts": {"path":"/Users/xg-a06/g/rex/src/hooks/tools.ts","statementMap":{"0":{"start":{"line":2,"column":0},"end":{"line":2,"column":52}},"1":{"start":{"line":3,"column":0},"end":{"line":3,"column":38}},"2":{"start":{"line":6,"column":17},"end":{"line":10,"column":1}},"3":{"start":{"line":7,"column":17},"end":{"line":7,"column":36}},"4":{"start":{"line":8,"column":14},"end":{"line":8,"column":26}},"5":{"start":{"line":9,"column":2},"end":{"line":9,"column":13}},"6":{"start":{"line":29,"column":9},"end":{"line":29,"column":17}},"7":{"start":{"line":12,"column":19},"end":{"line":18,"column":1}},"8":{"start":{"line":13,"column":14},"end":{"line":13,"column":43}},"9":{"start":{"line":14,"column":2},"end":{"line":16,"column":18}},"10":{"start":{"line":15,"column":4},"end":{"line":15,"column":28}},"11":{"start":{"line":17,"column":2},"end":{"line":17,"column":13}},"12":{"start":{"line":29,"column":19},"end":{"line":29,"column":29}},"13":{"start":{"line":20,"column":19},"end":{"line":27,"column":1}},"14":{"start":{"line":21,"column":2},"end":{"line":26,"column":4}},"15":{"start":{"line":22,"column":10},"end":{"line":24,"column":5}},"16":{"start":{"line":23,"column":6},"end":{"line":23,"column":17}},"17":{"start":{"line":29,"column":31},"end":{"line":29,"column":41}}},"fnMap":{"0":{"name":"(anonymous_0)","decl":{"start":{"line":6,"column":17},"end":{"line":6,"column":18}},"loc":{"start":{"line":6,"column":36},"end":{"line":10,"column":1}}},"1":{"name":"(anonymous_1)","decl":{"start":{"line":12,"column":19},"end":{"line":12,"column":41}},"loc":{"start":{"line":12,"column":66},"end":{"line":18,"column":1}}},"2":{"name":"(anonymous_2)","decl":{"start":{"line":14,"column":11},"end":{"line":14,"column":14}},"loc":{"start":{"line":14,"column":16},"end":{"line":16,"column":3}}},"3":{"name":"(anonymous_3)","decl":{"start":{"line":20,"column":19},"end":{"line":20,"column":20}},"loc":{"start":{"line":20,"column":42},"end":{"line":27,"column":1}}},"4":{"name":"(anonymous_4)","decl":{"start":{"line":22,"column":4},"end":{"line":22,"column":7}},"loc":{"start":{"line":22,"column":10},"end":{"line":24,"column":5}}},"5":{"name":"(anonymous_5)","decl":{"start":{"line":22,"column":10},"end":{"line":22,"column":13}},"loc":{"start":{"line":22,"column":15},"end":{"line":24,"column":5}}}},"branchMap":{},"s":{"0":6,"1":6,"2":6,"3":0,"4":0,"5":0,"6":6,"7":6,"8":0,"9":0,"10":0,"11":0,"12":6,"13":6,"14":21,"15":6,"16":6,"17":6},"f":{"0":0,"1":0,"2":0,"3":21,"4":6,"5":6},"b":{}}
,"/Users/xg-a06/g/rex/src/hooks/useReactive.ts": {"path":"/Users/xg-a06/g/rex/src/hooks/useReactive.ts","statementMap":{"0":{"start":{"line":3,"column":0},"end":{"line":3,"column":61}},"1":{"start":{"line":4,"column":0},"end":{"line":4,"column":52}},"2":{"start":{"line":5,"column":0},"end":{"line":5,"column":54}},"3":{"start":{"line":6,"column":0},"end":{"line":6,"column":56}},"4":{"start":{"line":7,"column":0},"end":{"line":7,"column":99}},"5":{"start":{"line":8,"column":0},"end":{"line":8,"column":37}},"6":{"start":{"line":17,"column":22},"end":{"line":33,"column":1}},"7":{"start":{"line":18,"column":26},"end":{"line":18,"column":51}},"8":{"start":{"line":18,"column":42},"end":{"line":18,"column":47}},"9":{"start":{"line":19,"column":23},"end":{"line":19,"column":36}},"10":{"start":{"line":21,"column":2},"end":{"line":26,"column":9}},"11":{"start":{"line":22,"column":4},"end":{"line":22,"column":32}},"12":{"start":{"line":23,"column":4},"end":{"line":25,"column":6}},"13":{"start":{"line":24,"column":6},"end":{"line":24,"column":35}},"14":{"start":{"line":28,"column":2},"end":{"line":32,"column":9}},"15":{"start":{"line":29,"column":4},"end":{"line":31,"column":5}},"16":{"start":{"line":30,"column":6},"end":{"line":30,"column":20}},"17":{"start":{"line":165,"column":9},"end":{"line":165,"column":22}},"18":{"start":{"line":35,"column":24},"end":{"line":51,"column":1}},"19":{"start":{"line":36,"column":2},"end":{"line":38,"column":3}},"20":{"start":{"line":37,"column":4},"end":{"line":37,"column":11}},"21":{"start":{"line":39,"column":25},"end":{"line":39,"column":56}},"22":{"start":{"line":40,"column":18},"end":{"line":40,"column":59}},"23":{"start":{"line":41,"column":2},"end":{"line":50,"column":3}},"24":{"start":{"line":42,"column":4},"end":{"line":48,"column":7}},"25":{"start":{"line":43,"column":6},"end":{"line":47,"column":9}},"26":{"start":{"line":44,"column":30},"end":{"line":44,"column":70}},"27":{"start":{"line":45,"column":26},"end":{"line":45,"column":49}},"28":{"start":{"line":46,"column":8},"end":{"line":46,"column":38}},"29":{"start":{"line":49,"column":4},"end":{"line":49,"column":49}},"30":{"start":{"line":165,"column":51},"end":{"line":165,"column":66}},"31":{"start":{"line":53,"column":29},"end":{"line":62,"column":1}},"32":{"start":{"line":54,"column":2},"end":{"line":61,"column":5}},"33":{"start":{"line":55,"column":17},"end":{"line":55,"column":27}},"34":{"start":{"line":56,"column":4},"end":{"line":60,"column":5}},"35":{"start":{"line":57,"column":26},"end":{"line":57,"column":30}},"36":{"start":{"line":58,"column":19},"end":{"line":58,"column":47}},"37":{"start":{"line":59,"column":6},"end":{"line":59,"column":40}},"38":{"start":{"line":64,"column":23},"end":{"line":96,"column":1}},"39":{"start":{"line":65,"column":2},"end":{"line":73,"column":3}},"40":{"start":{"line":66,"column":4},"end":{"line":68,"column":5}},"41":{"start":{"line":67,"column":6},"end":{"line":67,"column":19}},"42":{"start":{"line":69,"column":4},"end":{"line":69,"column":39}},"43":{"start":{"line":70,"column":4},"end":{"line":70,"column":39}},"44":{"start":{"line":72,"column":4},"end":{"line":72,"column":16}},"45":{"start":{"line":74,"column":15},"end":{"line":74,"column":22}},"46":{"start":{"line":75,"column":2},"end":{"line":81,"column":3}},"47":{"start":{"line":76,"column":4},"end":{"line":79,"column":5}},"48":{"start":{"line":77,"column":7},"end":{"line":77,"column":48}},"49":{"start":{"line":78,"column":6},"end":{"line":78,"column":19}},"50":{"start":{"line":80,"column":4},"end":{"line":80,"column":47}},"51":{"start":{"line":82,"column":2},"end":{"line":86,"column":3}},"52":{"start":{"line":83,"column":32},"end":{"line":83,"column":56}},"53":{"start":{"line":84,"column":31},"end":{"line":84,"column":54}},"54":{"start":{"line":85,"column":4},"end":{"line":85,"column":74}},"55":{"start":{"line":87,"column":17},"end":{"line":87,"column":50}},"56":{"start":{"line":88,"column":17},"end":{"line":88,"column":50}},"57":{"start":{"line":89,"column":19},"end":{"line":89,"column":56}},"58":{"start":{"line":90,"column":25},"end":{"line":90,"column":64}},"59":{"start":{"line":91,"column":2},"end":{"line":91,"column":56}},"60":{"start":{"line":93,"column":2},"end":{"line":93,"column":29}},"61":{"start":{"line":94,"column":2},"end":{"line":94,"column":29}},"62":{"start":{"line":95,"column":2},"end":{"line":95,"column":14}},"63":{"start":{"line":98,"column":20},"end":{"line":125,"column":1}},"64":{"start":{"line":99,"column":18},"end":{"line":99,"column":35}},"65":{"start":{"line":100,"column":21},"end":{"line":100,"column":36}},"66":{"start":{"line":101,"column":2},"end":{"line":101,"column":47}},"67":{"start":{"line":103,"column":27},"end":{"line":117,"column":8}},"68":{"start":{"line":104,"column":36},"end":{"line":104,"column":45}},"69":{"start":{"line":105,"column":36},"end":{"line":105,"column":45}},"70":{"start":{"line":106,"column":21},"end":{"line":113,"column":5}},"71":{"start":{"line":107,"column":6},"end":{"line":110,"column":7}},"72":{"start":{"line":108,"column":8},"end":{"line":108,"column":30}},"73":{"start":{"line":109,"column":8},"end":{"line":109,"column":15}},"74":{"start":{"line":111,"column":25},"end":{"line":111,"column":96}},"75":{"start":{"line":112,"column":6},"end":{"line":112,"column":33}},"76":{"start":{"line":115,"column":4},"end":{"line":115,"column":81}},"77":{"start":{"line":116,"column":4},"end":{"line":116,"column":33}},"78":{"start":{"line":119,"column":2},"end":{"line":122,"column":5}},"79":{"start":{"line":121,"column":4},"end":{"line":121,"column":49}},"80":{"start":{"line":124,"column":2},"end":{"line":124,"column":35}},"81":{"start":{"line":165,"column":24},"end":{"line":165,"column":35}},"82":{"start":{"line":127,"column":21},"end":{"line":163,"column":1}},"83":{"start":{"line":128,"column":2},"end":{"line":162,"column":5}},"84":{"start":{"line":129,"column":21},"end":{"line":129,"column":50}},"85":{"start":{"line":130,"column":23},"end":{"line":130,"column":38}},"86":{"start":{"line":131,"column":4},"end":{"line":131,"column":29}},"87":{"start":{"line":133,"column":4},"end":{"line":133,"column":44}},"88":{"start":{"line":135,"column":19},"end":{"line":153,"column":45}},"89":{"start":{"line":138,"column":6},"end":{"line":152,"column":13}},"90":{"start":{"line":139,"column":8},"end":{"line":150,"column":9}},"91":{"start":{"line":140,"column":30},"end":{"line":140,"column":40}},"92":{"start":{"line":141,"column":23},"end":{"line":141,"column":51}},"93":{"start":{"line":142,"column":25},"end":{"line":142,"column":43}},"94":{"start":{"line":143,"column":25},"end":{"line":143,"column":50}},"95":{"start":{"line":144,"column":27},"end":{"line":144,"column":56}},"96":{"start":{"line":145,"column":33},"end":{"line":145,"column":64}},"97":{"start":{"line":146,"column":10},"end":{"line":146,"column":64}},"98":{"start":{"line":147,"column":10},"end":{"line":147,"column":28}},"99":{"start":{"line":149,"column":10},"end":{"line":149,"column":32}},"100":{"start":{"line":151,"column":8},"end":{"line":151,"column":19}},"101":{"start":{"line":155,"column":4},"end":{"line":159,"column":11}},"102":{"start":{"line":156,"column":6},"end":{"line":158,"column":8}},"103":{"start":{"line":157,"column":8},"end":{"line":157,"column":59}},"104":{"start":{"line":161,"column":4},"end":{"line":161,"column":29}},"105":{"start":{"line":165,"column":37},"end":{"line":165,"column":49}}},"fnMap":{"0":{"name":"(anonymous_0)","decl":{"start":{"line":17,"column":22},"end":{"line":17,"column":25}},"loc":{"start":{"line":17,"column":27},"end":{"line":33,"column":1}}},"1":{"name":"(anonymous_1)","decl":{"start":{"line":18,"column":37},"end":{"line":18,"column":38}},"loc":{"start":{"line":18,"column":42},"end":{"line":18,"column":47}}},"2":{"name":"(anonymous_2)","decl":{"start":{"line":21,"column":18},"end":{"line":21,"column":21}},"loc":{"start":{"line":21,"column":23},"end":{"line":26,"column":3}}},"3":{"name":"(anonymous_3)","decl":{"start":{"line":23,"column":11},"end":{"line":23,"column":14}},"loc":{"start":{"line":23,"column":16},"end":{"line":25,"column":5}}},"4":{"name":"(anonymous_4)","decl":{"start":{"line":28,"column":21},"end":{"line":28,"column":24}},"loc":{"start":{"line":28,"column":26},"end":{"line":32,"column":3}}},"5":{"name":"(anonymous_5)","decl":{"start":{"line":35,"column":24},"end":{"line":35,"column":46}},"loc":{"start":{"line":35,"column":99},"end":{"line":51,"column":1}}},"6":{"name":"(anonymous_6)","decl":{"start":{"line":42,"column":20},"end":{"line":42,"column":21}},"loc":{"start":{"line":42,"column":38},"end":{"line":48,"column":5}}},"7":{"name":"(anonymous_7)","decl":{"start":{"line":43,"column":20},"end":{"line":43,"column":24}},"loc":{"start":{"line":43,"column":27},"end":{"line":47,"column":7}}},"8":{"name":"(anonymous_8)","decl":{"start":{"line":53,"column":29},"end":{"line":53,"column":51}},"loc":{"start":{"line":53,"column":87},"end":{"line":62,"column":1}}},"9":{"name":"(anonymous_9)","decl":{"start":{"line":54,"column":29},"end":{"line":54,"column":32}},"loc":{"start":{"line":54,"column":35},"end":{"line":61,"column":3}}},"10":{"name":"(anonymous_10)","decl":{"start":{"line":64,"column":23},"end":{"line":64,"column":45}},"loc":{"start":{"line":64,"column":243},"end":{"line":96,"column":1}}},"11":{"name":"(anonymous_11)","decl":{"start":{"line":98,"column":20},"end":{"line":98,"column":42}},"loc":{"start":{"line":98,"column":104},"end":{"line":125,"column":1}}},"12":{"name":"(anonymous_12)","decl":{"start":{"line":103,"column":54},"end":{"line":103,"column":57}},"loc":{"start":{"line":103,"column":59},"end":{"line":117,"column":3}}},"13":{"name":"(anonymous_13)","decl":{"start":{"line":106,"column":21},"end":{"line":106,"column":22}},"loc":{"start":{"line":106,"column":60},"end":{"line":113,"column":5}}},"14":{"name":"(anonymous_14)","decl":{"start":{"line":119,"column":13},"end":{"line":119,"column":16}},"loc":{"start":{"line":119,"column":18},"end":{"line":122,"column":3}}},"15":{"name":"(anonymous_15)","decl":{"start":{"line":127,"column":21},"end":{"line":127,"column":43}},"loc":{"start":{"line":127,"column":78},"end":{"line":163,"column":1}}},"16":{"name":"(anonymous_16)","decl":{"start":{"line":128,"column":14},"end":{"line":128,"column":15}},"loc":{"start":{"line":128,"column":27},"end":{"line":162,"column":3}}},"17":{"name":"(anonymous_17)","decl":{"start":{"line":135,"column":27},"end":{"line":135,"column":30}},"loc":{"start":{"line":135,"column":32},"end":{"line":153,"column":5}}},"18":{"name":"(anonymous_18)","decl":{"start":{"line":138,"column":44},"end":{"line":138,"column":45}},"loc":{"start":{"line":138,"column":57},"end":{"line":152,"column":7}}},"19":{"name":"(anonymous_19)","decl":{"start":{"line":155,"column":14},"end":{"line":155,"column":17}},"loc":{"start":{"line":155,"column":19},"end":{"line":159,"column":5}}},"20":{"name":"(anonymous_20)","decl":{"start":{"line":156,"column":13},"end":{"line":156,"column":16}},"loc":{"start":{"line":156,"column":18},"end":{"line":158,"column":7}}}},"branchMap":{"0":{"loc":{"start":{"line":29,"column":4},"end":{"line":31,"column":5}},"type":"if","locations":[{"start":{"line":29,"column":4},"end":{"line":31,"column":5}}]},"1":{"loc":{"start":{"line":36,"column":2},"end":{"line":38,"column":3}},"type":"if","locations":[{"start":{"line":36,"column":2},"end":{"line":38,"column":3}}]},"2":{"loc":{"start":{"line":41,"column":2},"end":{"line":50,"column":3}},"type":"if","locations":[{"start":{"line":41,"column":2},"end":{"line":50,"column":3}}]},"3":{"loc":{"start":{"line":46,"column":8},"end":{"line":46,"column":37}},"type":"cond-expr","locations":[{"start":{"line":46,"column":17},"end":{"line":46,"column":19}},{"start":{"line":46,"column":8},"end":{"line":46,"column":37}}]},"4":{"loc":{"start":{"line":46,"column":8},"end":{"line":46,"column":19}},"type":"binary-expr","locations":[{"start":{"line":46,"column":8},"end":{"line":46,"column":19}},{"start":{"line":46,"column":8},"end":{"line":46,"column":19}}]},"5":{"loc":{"start":{"line":56,"column":4},"end":{"line":60,"column":5}},"type":"if","locations":[{"start":{"line":56,"column":4},"end":{"line":60,"column":5}}]},"6":{"loc":{"start":{"line":65,"column":2},"end":{"line":73,"column":3}},"type":"if","locations":[{"start":{"line":65,"column":2},"end":{"line":73,"column":3}}]},"7":{"loc":{"start":{"line":65,"column":6},"end":{"line":65,"column":47}},"type":"binary-expr","locations":[{"start":{"line":65,"column":6},"end":{"line":65,"column":27}},{"start":{"line":65,"column":31},"end":{"line":65,"column":47}}]},"8":{"loc":{"start":{"line":66,"column":4},"end":{"line":68,"column":5}},"type":"if","locations":[{"start":{"line":66,"column":4},"end":{"line":68,"column":5}}]},"9":{"loc":{"start":{"line":66,"column":8},"end":{"line":66,"column":83}},"type":"binary-expr","locations":[{"start":{"line":66,"column":8},"end":{"line":66,"column":41}},{"start":{"line":66,"column":46},"end":{"line":66,"column":83}}]},"10":{"loc":{"start":{"line":75,"column":2},"end":{"line":81,"column":3}},"type":"if","locations":[{"start":{"line":75,"column":2},"end":{"line":81,"column":3}}]},"11":{"loc":{"start":{"line":76,"column":4},"end":{"line":79,"column":5}},"type":"if","locations":[{"start":{"line":76,"column":4},"end":{"line":79,"column":5}}]},"12":{"loc":{"start":{"line":82,"column":2},"end":{"line":86,"column":3}},"type":"if","locations":[{"start":{"line":82,"column":2},"end":{"line":86,"column":3}}]},"13":{"loc":{"start":{"line":98,"column":42},"end":{"line":98,"column":73}},"type":"default-arg","locations":[{"start":{"line":98,"column":64},"end":{"line":98,"column":73}}]},"14":{"loc":{"start":{"line":107,"column":6},"end":{"line":110,"column":7}},"type":"if","locations":[{"start":{"line":107,"column":6},"end":{"line":110,"column":7}}]},"15":{"loc":{"start":{"line":112,"column":6},"end":{"line":112,"column":32}},"type":"binary-expr","locations":[{"start":{"line":112,"column":6},"end":{"line":112,"column":16}},{"start":{"line":112,"column":20},"end":{"line":112,"column":32}}]},"16":{"loc":{"start":{"line":124,"column":10},"end":{"line":124,"column":25}},"type":"cond-expr","locations":[{"start":{"line":124,"column":16},"end":{"line":124,"column":18}},{"start":{"line":124,"column":10},"end":{"line":124,"column":25}}]},"17":{"loc":{"start":{"line":124,"column":10},"end":{"line":124,"column":18}},"type":"binary-expr","locations":[{"start":{"line":124,"column":10},"end":{"line":124,"column":18}},{"start":{"line":124,"column":10},"end":{"line":124,"column":18}}]},"18":{"loc":{"start":{"line":139,"column":8},"end":{"line":150,"column":9}},"type":"if","locations":[{"start":{"line":139,"column":8},"end":{"line":150,"column":9}},{"start":{"line":148,"column":15},"end":{"line":150,"column":9}}]}},"s":{"0":6,"1":6,"2":6,"3":6,"4":6,"5":6,"6":6,"7":21,"8":29,"9":21,"10":21,"11":6,"12":6,"13":6,"14":21,"15":29,"16":29,"17":6,"18":6,"19":27,"20":6,"21":21,"22":21,"23":21,"24":21,"25":32,"26":75,"27":75,"28":75,"29":21,"30":6,"31":6,"32":0,"33":0,"34":0,"35":0,"36":0,"37":0,"38":6,"39":6,"40":0,"41":0,"42":0,"43":0,"44":0,"45":6,"46":6,"47":0,"48":0,"49":0,"50":0,"51":6,"52":6,"53":6,"54":6,"55":6,"56":6,"57":6,"58":6,"59":6,"60":6,"61":6,"62":6,"63":6,"64":21,"65":21,"66":21,"67":21,"68":6,"69":6,"70":6,"71":15,"72":15,"73":15,"74":0,"75":0,"76":6,"77":6,"78":21,"79":6,"80":21,"81":6,"82":6,"83":0,"84":0,"85":0,"86":0,"87":0,"88":0,"89":0,"90":0,"91":0,"92":0,"93":0,"94":0,"95":0,"96":0,"97":0,"98":0,"99":0,"100":0,"101":0,"102":0,"103":0,"104":0,"105":6},"f":{"0":21,"1":29,"2":6,"3":6,"4":29,"5":27,"6":32,"7":75,"8":0,"9":0,"10":6,"11":21,"12":6,"13":15,"14":6,"15":0,"16":0,"17":0,"18":0,"19":0,"20":0},"b":{"0":[29],"1":[6],"2":[21],"3":[0,75],"4":[75,75],"5":[0],"6":[0],"7":[6,6],"8":[0],"9":[0,0],"10":[0],"11":[0],"12":[6],"13":[0],"14":[15],"15":[0,0],"16":[0,21],"17":[21,21],"18":[0,0]}}
,"/Users/xg-a06/g/rex/src/hooks/useWatch.ts": {"path":"/Users/xg-a06/g/rex/src/hooks/useWatch.ts","statementMap":{"0":{"start":{"line":2,"column":0},"end":{"line":2,"column":48}},"1":{"start":{"line":3,"column":0},"end":{"line":3,"column":42}},"2":{"start":{"line":4,"column":0},"end":{"line":4,"column":53}},"3":{"start":{"line":5,"column":0},"end":{"line":5,"column":31}},"4":{"start":{"line":6,"column":0},"end":{"line":6,"column":44}},"5":{"start":{"line":12,"column":16},"end":{"line":34,"column":1}},"6":{"start":{"line":13,"column":2},"end":{"line":33,"column":5}},"7":{"start":{"line":14,"column":4},"end":{"line":32,"column":5}},"8":{"start":{"line":15,"column":20},"end":{"line":24,"column":8}},"9":{"start":{"line":17,"column":8},"end":{"line":19,"column":9}},"10":{"start":{"line":18,"column":10},"end":{"line":18,"column":41}},"11":{"start":{"line":20,"column":8},"end":{"line":20,"column":40}},"12":{"start":{"line":21,"column":8},"end":{"line":23,"column":9}},"13":{"start":{"line":22,"column":10},"end":{"line":22,"column":40}},"14":{"start":{"line":26,"column":22},"end":{"line":29,"column":7}},"15":{"start":{"line":27,"column":8},"end":{"line":27,"column":16}},"16":{"start":{"line":28,"column":8},"end":{"line":28,"column":42}},"17":{"start":{"line":31,"column":6},"end":{"line":31,"column":37}},"18":{"start":{"line":36,"column":18},"end":{"line":40,"column":1}},"19":{"start":{"line":37,"column":2},"end":{"line":39,"column":3}},"20":{"start":{"line":38,"column":4},"end":{"line":38,"column":12}},"21":{"start":{"line":42,"column":17},"end":{"line":60,"column":1}},"22":{"start":{"line":43,"column":20},"end":{"line":43,"column":47}},"23":{"start":{"line":44,"column":21},"end":{"line":44,"column":34}},"24":{"start":{"line":46,"column":2},"end":{"line":59,"column":16}},"25":{"start":{"line":47,"column":4},"end":{"line":47,"column":51}},"26":{"start":{"line":48,"column":4},"end":{"line":50,"column":5}},"27":{"start":{"line":49,"column":6},"end":{"line":49,"column":37}},"28":{"start":{"line":51,"column":4},"end":{"line":51,"column":36}},"29":{"start":{"line":52,"column":4},"end":{"line":54,"column":5}},"30":{"start":{"line":53,"column":6},"end":{"line":53,"column":36}},"31":{"start":{"line":55,"column":4},"end":{"line":58,"column":6}},"32":{"start":{"line":56,"column":6},"end":{"line":56,"column":27}},"33":{"start":{"line":57,"column":6},"end":{"line":57,"column":29}},"34":{"start":{"line":64,"column":9},"end":{"line":64,"column":17}}},"fnMap":{"0":{"name":"(anonymous_0)","decl":{"start":{"line":12,"column":16},"end":{"line":12,"column":38}},"loc":{"start":{"line":12,"column":166},"end":{"line":34,"column":1}}},"1":{"name":"(anonymous_1)","decl":{"start":{"line":13,"column":15},"end":{"line":13,"column":18}},"loc":{"start":{"line":13,"column":21},"end":{"line":33,"column":3}}},"2":{"name":"(anonymous_2)","decl":{"start":{"line":15,"column":35},"end":{"line":15,"column":38}},"loc":{"start":{"line":15,"column":40},"end":{"line":24,"column":7}}},"3":{"name":"(anonymous_3)","decl":{"start":{"line":26,"column":22},"end":{"line":26,"column":25}},"loc":{"start":{"line":26,"column":27},"end":{"line":29,"column":7}}},"4":{"name":"(anonymous_4)","decl":{"start":{"line":36,"column":18},"end":{"line":36,"column":19}},"loc":{"start":{"line":36,"column":71},"end":{"line":40,"column":1}}},"5":{"name":"(anonymous_5)","decl":{"start":{"line":42,"column":17},"end":{"line":42,"column":39}},"loc":{"start":{"line":42,"column":76},"end":{"line":60,"column":1}}},"6":{"name":"(anonymous_6)","decl":{"start":{"line":46,"column":12},"end":{"line":46,"column":15}},"loc":{"start":{"line":46,"column":17},"end":{"line":59,"column":3}}},"7":{"name":"(anonymous_7)","decl":{"start":{"line":55,"column":11},"end":{"line":55,"column":14}},"loc":{"start":{"line":55,"column":16},"end":{"line":58,"column":5}}}},"branchMap":{"0":{"loc":{"start":{"line":14,"column":4},"end":{"line":32,"column":5}},"type":"if","locations":[{"start":{"line":14,"column":4},"end":{"line":32,"column":5}}]},"1":{"loc":{"start":{"line":14,"column":8},"end":{"line":14,"column":39}},"type":"binary-expr","locations":[{"start":{"line":14,"column":8},"end":{"line":14,"column":25}},{"start":{"line":14,"column":29},"end":{"line":14,"column":39}}]},"2":{"loc":{"start":{"line":17,"column":8},"end":{"line":19,"column":9}},"type":"if","locations":[{"start":{"line":17,"column":8},"end":{"line":19,"column":9}}]},"3":{"loc":{"start":{"line":21,"column":8},"end":{"line":23,"column":9}},"type":"if","locations":[{"start":{"line":21,"column":8},"end":{"line":23,"column":9}}]},"4":{"loc":{"start":{"line":48,"column":4},"end":{"line":50,"column":5}},"type":"if","locations":[{"start":{"line":48,"column":4},"end":{"line":50,"column":5}}]},"5":{"loc":{"start":{"line":52,"column":4},"end":{"line":54,"column":5}},"type":"if","locations":[{"start":{"line":52,"column":4},"end":{"line":54,"column":5}}]},"6":{"loc":{"start":{"line":57,"column":6},"end":{"line":57,"column":28}},"type":"cond-expr","locations":[{"start":{"line":57,"column":24},"end":{"line":57,"column":28}},{"start":{"line":57,"column":24},"end":{"line":57,"column":28}}]},"7":{"loc":{"start":{"line":57,"column":6},"end":{"line":57,"column":28}},"type":"binary-expr","locations":[{"start":{"line":57,"column":6},"end":{"line":57,"column":28}},{"start":{"line":57,"column":24},"end":{"line":57,"column":28}}]}},"s":{"0":6,"1":6,"2":6,"3":6,"4":6,"5":6,"6":0,"7":0,"8":0,"9":0,"10":0,"11":0,"12":0,"13":0,"14":0,"15":0,"16":0,"17":0,"18":6,"19":0,"20":0,"21":6,"22":0,"23":0,"24":0,"25":0,"26":0,"27":0,"28":0,"29":0,"30":0,"31":0,"32":0,"33":0,"34":6},"f":{"0":0,"1":0,"2":0,"3":0,"4":0,"5":0,"6":0,"7":0},"b":{"0":[0],"1":[0,0],"2":[0],"3":[0],"4":[0],"5":[0],"6":[0,0],"7":[0,0]}}
,"/Users/xg-a06/g/rex/src/plugins/reactive.ts": {"path":"/Users/xg-a06/g/rex/src/plugins/reactive.ts","statementMap":{"0":{"start":{"line":4,"column":22},"end":{"line":4,"column":45}},"1":{"start":{"line":6,"column":24},"end":{"line":8,"column":2}},"2":{"start":{"line":122,"column":9},"end":{"line":122,"column":24}},"3":{"start":{"line":12,"column":2},"end":{"line":12,"column":65}},"4":{"start":{"line":13,"column":2},"end":{"line":13,"column":49}},"5":{"start":{"line":14,"column":2},"end":{"line":14,"column":63}},"6":{"start":{"line":20,"column":2},"end":{"line":22,"column":4}},"7":{"start":{"line":21,"column":4},"end":{"line":21,"column":48}},"8":{"start":{"line":24,"column":2},"end":{"line":28,"column":4}},"9":{"start":{"line":25,"column":21},"end":{"line":25,"column":60}},"10":{"start":{"line":26,"column":23},"end":{"line":26,"column":57}},"11":{"start":{"line":27,"column":4},"end":{"line":27,"column":22}},"12":{"start":{"line":30,"column":19},"end":{"line":49,"column":4}},"13":{"start":{"line":31,"column":56},"end":{"line":31,"column":60}},"14":{"start":{"line":33,"column":27},"end":{"line":33,"column":64}},"15":{"start":{"line":34,"column":22},"end":{"line":34,"column":59}},"16":{"start":{"line":35,"column":23},"end":{"line":35,"column":46}},"17":{"start":{"line":36,"column":4},"end":{"line":38,"column":5}},"18":{"start":{"line":37,"column":6},"end":{"line":37,"column":13}},"19":{"start":{"line":39,"column":4},"end":{"line":39,"column":30}},"20":{"start":{"line":40,"column":4},"end":{"line":40,"column":40}},"21":{"start":{"line":41,"column":4},"end":{"line":41,"column":45}},"22":{"start":{"line":44,"column":32},"end":{"line":44,"column":88}},"23":{"start":{"line":45,"column":21},"end":{"line":45,"column":74}},"24":{"start":{"line":46,"column":4},"end":{"line":46,"column":23}},"25":{"start":{"line":47,"column":4},"end":{"line":47,"column":46}},"26":{"start":{"line":48,"column":4},"end":{"line":48,"column":52}},"27":{"start":{"line":51,"column":2},"end":{"line":61,"column":4}},"28":{"start":{"line":54,"column":4},"end":{"line":54,"column":48}},"29":{"start":{"line":56,"column":4},"end":{"line":58,"column":5}},"30":{"start":{"line":57,"column":6},"end":{"line":57,"column":13}},"31":{"start":{"line":60,"column":4},"end":{"line":60,"column":52}},"32":{"start":{"line":63,"column":2},"end":{"line":86,"column":4}},"33":{"start":{"line":66,"column":19},"end":{"line":66,"column":44}},"34":{"start":{"line":67,"column":22},"end":{"line":67,"column":34}},"35":{"start":{"line":69,"column":4},"end":{"line":69,"column":58}},"36":{"start":{"line":71,"column":27},"end":{"line":71,"column":56}},"37":{"start":{"line":72,"column":22},"end":{"line":72,"column":47}},"38":{"start":{"line":74,"column":4},"end":{"line":78,"column":5}},"39":{"start":{"line":75,"column":6},"end":{"line":77,"column":9}},"40":{"start":{"line":76,"column":8},"end":{"line":76,"column":38}},"41":{"start":{"line":80,"column":31},"end":{"line":80,"column":76}},"42":{"start":{"line":81,"column":4},"end":{"line":85,"column":5}},"43":{"start":{"line":82,"column":6},"end":{"line":84,"column":9}},"44":{"start":{"line":83,"column":8},"end":{"line":83,"column":23}},"45":{"start":{"line":88,"column":2},"end":{"line":98,"column":4}},"46":{"start":{"line":91,"column":4},"end":{"line":91,"column":42}},"47":{"start":{"line":93,"column":4},"end":{"line":95,"column":5}},"48":{"start":{"line":94,"column":6},"end":{"line":94,"column":13}},"49":{"start":{"line":97,"column":4},"end":{"line":97,"column":72}},"50":{"start":{"line":100,"column":2},"end":{"line":119,"column":4}},"51":{"start":{"line":103,"column":4},"end":{"line":103,"column":38}},"52":{"start":{"line":105,"column":27},"end":{"line":105,"column":56}},"53":{"start":{"line":106,"column":22},"end":{"line":106,"column":47}},"54":{"start":{"line":107,"column":4},"end":{"line":111,"column":5}},"55":{"start":{"line":108,"column":6},"end":{"line":110,"column":9}},"56":{"start":{"line":109,"column":8},"end":{"line":109,"column":23}},"57":{"start":{"line":113,"column":31},"end":{"line":113,"column":76}},"58":{"start":{"line":114,"column":4},"end":{"line":118,"column":5}},"59":{"start":{"line":115,"column":6},"end":{"line":117,"column":9}},"60":{"start":{"line":116,"column":8},"end":{"line":116,"column":23}},"61":{"start":{"line":17,"column":4},"end":{"line":17,"column":21}},"62":{"start":{"line":122,"column":26},"end":{"line":122,"column":40}}},"fnMap":{"0":{"name":"(anonymous_0)","decl":{"start":{"line":10,"column":0},"end":{"line":10,"column":6}},"loc":{"start":{"line":10,"column":0},"end":{"line":120,"column":1}}},"1":{"name":"(anonymous_1)","decl":{"start":{"line":20,"column":21},"end":{"line":20,"column":22}},"loc":{"start":{"line":20,"column":64},"end":{"line":22,"column":3}}},"2":{"name":"(anonymous_2)","decl":{"start":{"line":24,"column":18},"end":{"line":24,"column":19}},"loc":{"start":{"line":24,"column":46},"end":{"line":28,"column":3}}},"3":{"name":"(anonymous_3)","decl":{"start":{"line":30,"column":40},"end":{"line":30,"column":41}},"loc":{"start":{"line":30,"column":91},"end":{"line":49,"column":3}}},"4":{"name":"(anonymous_4)","decl":{"start":{"line":51,"column":27},"end":{"line":51,"column":28}},"loc":{"start":{"line":51,"column":69},"end":{"line":61,"column":3}}},"5":{"name":"(anonymous_5)","decl":{"start":{"line":63,"column":27},"end":{"line":63,"column":28}},"loc":{"start":{"line":63,"column":79},"end":{"line":86,"column":3}}},"6":{"name":"(anonymous_6)","decl":{"start":{"line":75,"column":24},"end":{"line":75,"column":32}},"loc":{"start":{"line":75,"column":35},"end":{"line":77,"column":7}}},"7":{"name":"(anonymous_7)","decl":{"start":{"line":82,"column":33},"end":{"line":82,"column":41}},"loc":{"start":{"line":82,"column":44},"end":{"line":84,"column":7}}},"8":{"name":"(anonymous_8)","decl":{"start":{"line":88,"column":35},"end":{"line":88,"column":36}},"loc":{"start":{"line":88,"column":71},"end":{"line":98,"column":3}}},"9":{"name":"(anonymous_9)","decl":{"start":{"line":100,"column":33},"end":{"line":100,"column":34}},"loc":{"start":{"line":100,"column":65},"end":{"line":119,"column":3}}},"10":{"name":"(anonymous_10)","decl":{"start":{"line":108,"column":24},"end":{"line":108,"column":32}},"loc":{"start":{"line":108,"column":35},"end":{"line":110,"column":7}}},"11":{"name":"(anonymous_11)","decl":{"start":{"line":115,"column":33},"end":{"line":115,"column":41}},"loc":{"start":{"line":115,"column":44},"end":{"line":117,"column":7}}},"12":{"name":"(anonymous_12)","decl":{"start":{"line":16,"column":2},"end":{"line":16,"column":7}},"loc":{"start":{"line":16,"column":21},"end":{"line":18,"column":3}}}},"branchMap":{"0":{"loc":{"start":{"line":25,"column":21},"end":{"line":25,"column":60}},"type":"cond-expr","locations":[{"start":{"line":25,"column":30},"end":{"line":25,"column":32}},{"start":{"line":25,"column":30},"end":{"line":25,"column":60}}]},"1":{"loc":{"start":{"line":25,"column":21},"end":{"line":25,"column":32}},"type":"binary-expr","locations":[{"start":{"line":25,"column":21},"end":{"line":25,"column":32}},{"start":{"line":25,"column":30},"end":{"line":25,"column":32}}]},"2":{"loc":{"start":{"line":33,"column":27},"end":{"line":33,"column":64}},"type":"binary-expr","locations":[{"start":{"line":33,"column":27},"end":{"line":33,"column":51}},{"start":{"line":33,"column":55},"end":{"line":33,"column":64}}]},"3":{"loc":{"start":{"line":34,"column":22},"end":{"line":34,"column":59}},"type":"binary-expr","locations":[{"start":{"line":34,"column":22},"end":{"line":34,"column":46}},{"start":{"line":34,"column":50},"end":{"line":34,"column":59}}]},"4":{"loc":{"start":{"line":36,"column":4},"end":{"line":38,"column":5}},"type":"if","locations":[{"start":{"line":36,"column":4},"end":{"line":38,"column":5}}]},"5":{"loc":{"start":{"line":44,"column":32},"end":{"line":44,"column":88}},"type":"binary-expr","locations":[{"start":{"line":44,"column":32},"end":{"line":44,"column":58}},{"start":{"line":44,"column":62},"end":{"line":44,"column":88}}]},"6":{"loc":{"start":{"line":45,"column":21},"end":{"line":45,"column":74}},"type":"binary-expr","locations":[{"start":{"line":45,"column":21},"end":{"line":45,"column":52}},{"start":{"line":45,"column":56},"end":{"line":45,"column":74}}]},"7":{"loc":{"start":{"line":56,"column":4},"end":{"line":58,"column":5}},"type":"if","locations":[{"start":{"line":56,"column":4},"end":{"line":58,"column":5}}]},"8":{"loc":{"start":{"line":72,"column":22},"end":{"line":72,"column":47}},"type":"cond-expr","locations":[{"start":{"line":72,"column":36},"end":{"line":72,"column":38}},{"start":{"line":72,"column":22},"end":{"line":72,"column":47}}]},"9":{"loc":{"start":{"line":72,"column":22},"end":{"line":72,"column":38}},"type":"binary-expr","locations":[{"start":{"line":72,"column":22},"end":{"line":72,"column":38}},{"start":{"line":72,"column":22},"end":{"line":72,"column":38}}]},"10":{"loc":{"start":{"line":74,"column":4},"end":{"line":78,"column":5}},"type":"if","locations":[{"start":{"line":74,"column":4},"end":{"line":78,"column":5}}]},"11":{"loc":{"start":{"line":74,"column":8},"end":{"line":74,"column":35}},"type":"binary-expr","locations":[{"start":{"line":74,"column":8},"end":{"line":74,"column":22}},{"start":{"line":74,"column":26},"end":{"line":74,"column":35}}]},"12":{"loc":{"start":{"line":80,"column":31},"end":{"line":80,"column":76}},"type":"cond-expr","locations":[{"start":{"line":80,"column":45},"end":{"line":80,"column":47}},{"start":{"line":80,"column":31},"end":{"line":80,"column":76}}]},"13":{"loc":{"start":{"line":80,"column":31},"end":{"line":80,"column":47}},"type":"binary-expr","locations":[{"start":{"line":80,"column":31},"end":{"line":80,"column":47}},{"start":{"line":80,"column":31},"end":{"line":80,"column":47}}]},"14":{"loc":{"start":{"line":81,"column":4},"end":{"line":85,"column":5}},"type":"if","locations":[{"start":{"line":81,"column":4},"end":{"line":85,"column":5}}]},"15":{"loc":{"start":{"line":81,"column":8},"end":{"line":81,"column":37}},"type":"binary-expr","locations":[{"start":{"line":81,"column":8},"end":{"line":81,"column":15}},{"start":{"line":81,"column":19},"end":{"line":81,"column":37}}]},"16":{"loc":{"start":{"line":93,"column":4},"end":{"line":95,"column":5}},"type":"if","locations":[{"start":{"line":93,"column":4},"end":{"line":95,"column":5}}]},"17":{"loc":{"start":{"line":106,"column":22},"end":{"line":106,"column":47}},"type":"cond-expr","locations":[{"start":{"line":106,"column":36},"end":{"line":106,"column":38}},{"start":{"line":106,"column":22},"end":{"line":106,"column":47}}]},"18":{"loc":{"start":{"line":106,"column":22},"end":{"line":106,"column":38}},"type":"binary-expr","locations":[{"start":{"line":106,"column":22},"end":{"line":106,"column":38}},{"start":{"line":106,"column":22},"end":{"line":106,"column":38}}]},"19":{"loc":{"start":{"line":107,"column":4},"end":{"line":111,"column":5}},"type":"if","locations":[{"start":{"line":107,"column":4},"end":{"line":111,"column":5}}]},"20":{"loc":{"start":{"line":107,"column":8},"end":{"line":107,"column":35}},"type":"binary-expr","locations":[{"start":{"line":107,"column":8},"end":{"line":107,"column":22}},{"start":{"line":107,"column":26},"end":{"line":107,"column":35}}]},"21":{"loc":{"start":{"line":113,"column":31},"end":{"line":113,"column":76}},"type":"cond-expr","locations":[{"start":{"line":113,"column":45},"end":{"line":113,"column":47}},{"start":{"line":113,"column":31},"end":{"line":113,"column":76}}]},"22":{"loc":{"start":{"line":113,"column":31},"end":{"line":113,"column":47}},"type":"binary-expr","locations":[{"start":{"line":113,"column":31},"end":{"line":113,"column":47}},{"start":{"line":113,"column":31},"end":{"line":113,"column":47}}]},"23":{"loc":{"start":{"line":114,"column":4},"end":{"line":118,"column":5}},"type":"if","locations":[{"start":{"line":114,"column":4},"end":{"line":118,"column":5}}]}},"s":{"0":6,"1":6,"2":6,"3":6,"4":6,"5":6,"6":6,"7":6,"8":6,"9":75,"10":75,"11":75,"12":6,"13":75,"14":75,"15":75,"16":75,"17":75,"18":0,"19":75,"20":75,"21":75,"22":75,"23":75,"24":75,"25":75,"26":75,"27":6,"28":61,"29":61,"30":0,"31":61,"32":6,"33":22,"34":22,"35":22,"36":22,"37":22,"38":22,"39":18,"40":17,"41":22,"42":22,"43":4,"44":4,"45":6,"46":14,"47":14,"48":0,"49":14,"50":6,"51":5,"52":5,"53":5,"54":5,"55":4,"56":4,"57":5,"58":5,"59":4,"60":4,"61":6,"62":6},"f":{"0":6,"1":6,"2":75,"3":75,"4":61,"5":22,"6":17,"7":4,"8":14,"9":5,"10":4,"11":4,"12":6},"b":{"0":[0,75],"1":[75,75],"2":[75,8],"3":[75,18],"4":[0],"5":[75,21],"6":[75,32],"7":[0],"8":[0,22],"9":[22,22],"10":[18],"11":[22,22],"12":[0,22],"13":[22,22],"14":[4],"15":[22,5],"16":[0],"17":[0,5],"18":[5,5],"19":[4],"20":[5,5],"21":[0,5],"22":[5,5],"23":[4]}}
,"/Users/xg-a06/g/rex/src/plugins/subscribe.ts": {"path":"/Users/xg-a06/g/rex/src/plugins/subscribe.ts","statementMap":{"0":{"start":{"line":3,"column":0},"end":{"line":3,"column":55}},"1":{"start":{"line":5,"column":0},"end":{"line":5,"column":41}},"2":{"start":{"line":10,"column":17},"end":{"line":10,"column":27}},"3":{"start":{"line":13,"column":2},"end":{"line":13,"column":38}},"4":{"start":{"line":14,"column":2},"end":{"line":14,"column":52}},"5":{"start":{"line":20,"column":19},"end":{"line":33,"column":4}},"6":{"start":{"line":21,"column":24},"end":{"line":21,"column":41}},"7":{"start":{"line":22,"column":25},"end":{"line":22,"column":43}},"8":{"start":{"line":24,"column":4},"end":{"line":31,"column":5}},"9":{"start":{"line":24,"column":17},"end":{"line":24,"column":18}},"10":{"start":{"line":25,"column":6},"end":{"line":27,"column":7}},"11":{"start":{"line":26,"column":8},"end":{"line":26,"column":20}},"12":{"start":{"line":28,"column":6},"end":{"line":30,"column":7}},"13":{"start":{"line":29,"column":8},"end":{"line":29,"column":21}},"14":{"start":{"line":32,"column":4},"end":{"line":32,"column":16}},"15":{"start":{"line":35,"column":18},"end":{"line":45,"column":4}},"16":{"start":{"line":36,"column":23},"end":{"line":36,"column":48}},"17":{"start":{"line":37,"column":15},"end":{"line":37,"column":17}},"18":{"start":{"line":38,"column":4},"end":{"line":40,"column":5}},"19":{"start":{"line":39,"column":6},"end":{"line":39,"column":25}},"20":{"start":{"line":41,"column":4},"end":{"line":43,"column":5}},"21":{"start":{"line":42,"column":6},"end":{"line":42,"column":70}},"22":{"start":{"line":44,"column":4},"end":{"line":44,"column":16}},"23":{"start":{"line":47,"column":2},"end":{"line":56,"column":4}},"24":{"start":{"line":48,"column":4},"end":{"line":48,"column":48}},"25":{"start":{"line":50,"column":4},"end":{"line":55,"column":5}},"26":{"start":{"line":51,"column":25},"end":{"line":51,"column":45}},"27":{"start":{"line":52,"column":19},"end":{"line":52,"column":87}},"28":{"start":{"line":54,"column":6},"end":{"line":54,"column":44}},"29":{"start":{"line":58,"column":2},"end":{"line":71,"column":4}},"30":{"start":{"line":59,"column":4},"end":{"line":59,"column":58}},"31":{"start":{"line":60,"column":24},"end":{"line":60,"column":50}},"32":{"start":{"line":63,"column":4},"end":{"line":70,"column":5}},"33":{"start":{"line":64,"column":27},"end":{"line":64,"column":129}},"34":{"start":{"line":64,"column":78},"end":{"line":64,"column":128}},"35":{"start":{"line":65,"column":6},"end":{"line":69,"column":9}},"36":{"start":{"line":66,"column":8},"end":{"line":68,"column":11}},"37":{"start":{"line":67,"column":10},"end":{"line":67,"column":15}},"38":{"start":{"line":17,"column":4},"end":{"line":17,"column":21}},"39":{"start":{"line":102,"column":20},"end":{"line":102,"column":35}},"40":{"start":{"line":74,"column":18},"end":{"line":100,"column":1}},"41":{"start":{"line":75,"column":15},"end":{"line":75,"column":43}},"42":{"start":{"line":76,"column":26},"end":{"line":76,"column":58}},"43":{"start":{"line":77,"column":17},"end":{"line":77,"column":35}},"44":{"start":{"line":78,"column":22},"end":{"line":78,"column":53}},"45":{"start":{"line":79,"column":2},"end":{"line":81,"column":3}},"46":{"start":{"line":80,"column":4},"end":{"line":80,"column":29}},"47":{"start":{"line":84,"column":2},"end":{"line":98,"column":3}},"48":{"start":{"line":85,"column":26},"end":{"line":85,"column":98}},"49":{"start":{"line":87,"column":4},"end":{"line":87,"column":32}},"50":{"start":{"line":88,"column":4},"end":{"line":88,"column":67}},"51":{"start":{"line":89,"column":4},"end":{"line":91,"column":5}},"52":{"start":{"line":90,"column":6},"end":{"line":90,"column":17}},"53":{"start":{"line":92,"column":4},"end":{"line":97,"column":6}},"54":{"start":{"line":93,"column":28},"end":{"line":93,"column":75}},"55":{"start":{"line":94,"column":6},"end":{"line":96,"column":7}},"56":{"start":{"line":95,"column":8},"end":{"line":95,"column":39}},"57":{"start":{"line":99,"column":2},"end":{"line":99,"column":25}},"58":{"start":{"line":99,"column":15},"end":{"line":99,"column":24}},"59":{"start":{"line":102,"column":9},"end":{"line":102,"column":18}}},"fnMap":{"0":{"name":"(anonymous_0)","decl":{"start":{"line":11,"column":0},"end":{"line":11,"column":6}},"loc":{"start":{"line":11,"column":0},"end":{"line":72,"column":1}}},"1":{"name":"(anonymous_1)","decl":{"start":{"line":20,"column":29},"end":{"line":20,"column":30}},"loc":{"start":{"line":20,"column":65},"end":{"line":33,"column":3}}},"2":{"name":"(anonymous_2)","decl":{"start":{"line":35,"column":40},"end":{"line":35,"column":41}},"loc":{"start":{"line":35,"column":57},"end":{"line":45,"column":3}}},"3":{"name":"(anonymous_3)","decl":{"start":{"line":47,"column":27},"end":{"line":47,"column":28}},"loc":{"start":{"line":47,"column":69},"end":{"line":56,"column":3}}},"4":{"name":"(anonymous_4)","decl":{"start":{"line":58,"column":27},"end":{"line":58,"column":28}},"loc":{"start":{"line":58,"column":79},"end":{"line":71,"column":3}}},"5":{"name":"(anonymous_5)","decl":{"start":{"line":64,"column":71},"end":{"line":64,"column":74}},"loc":{"start":{"line":64,"column":78},"end":{"line":64,"column":128}}},"6":{"name":"(anonymous_6)","decl":{"start":{"line":65,"column":27},"end":{"line":65,"column":35}},"loc":{"start":{"line":65,"column":38},"end":{"line":69,"column":7}}},"7":{"name":"(anonymous_7)","decl":{"start":{"line":66,"column":49},"end":{"line":66,"column":51}},"loc":{"start":{"line":66,"column":54},"end":{"line":68,"column":9}}},"8":{"name":"(anonymous_8)","decl":{"start":{"line":16,"column":2},"end":{"line":16,"column":7}},"loc":{"start":{"line":16,"column":21},"end":{"line":18,"column":3}}},"9":{"name":"(anonymous_9)","decl":{"start":{"line":74,"column":18},"end":{"line":74,"column":40}},"loc":{"start":{"line":74,"column":125},"end":{"line":100,"column":1}}},"10":{"name":"(anonymous_10)","decl":{"start":{"line":92,"column":11},"end":{"line":92,"column":14}},"loc":{"start":{"line":92,"column":16},"end":{"line":97,"column":5}}},"11":{"name":"(anonymous_11)","decl":{"start":{"line":99,"column":9},"end":{"line":99,"column":12}},"loc":{"start":{"line":99,"column":15},"end":{"line":99,"column":24}}}},"branchMap":{"0":{"loc":{"start":{"line":25,"column":6},"end":{"line":27,"column":7}},"type":"if","locations":[{"start":{"line":25,"column":6},"end":{"line":27,"column":7}}]},"1":{"loc":{"start":{"line":28,"column":6},"end":{"line":30,"column":7}},"type":"if","locations":[{"start":{"line":28,"column":6},"end":{"line":30,"column":7}}]},"2":{"loc":{"start":{"line":38,"column":4},"end":{"line":40,"column":5}},"type":"if","locations":[{"start":{"line":38,"column":4},"end":{"line":40,"column":5}}]},"3":{"loc":{"start":{"line":41,"column":4},"end":{"line":43,"column":5}},"type":"if","locations":[{"start":{"line":41,"column":4},"end":{"line":43,"column":5}}]},"4":{"loc":{"start":{"line":42,"column":14},"end":{"line":42,"column":69}},"type":"cond-expr","locations":[{"start":{"line":42,"column":27},"end":{"line":42,"column":47}},{"start":{"line":42,"column":50},"end":{"line":42,"column":69}}]},"5":{"loc":{"start":{"line":50,"column":4},"end":{"line":55,"column":5}},"type":"if","locations":[{"start":{"line":50,"column":4},"end":{"line":55,"column":5}}]},"6":{"loc":{"start":{"line":52,"column":19},"end":{"line":52,"column":87}},"type":"cond-expr","locations":[{"start":{"line":52,"column":32},"end":{"line":52,"column":65}},{"start":{"line":52,"column":68},"end":{"line":52,"column":87}}]},"7":{"loc":{"start":{"line":63,"column":4},"end":{"line":70,"column":5}},"type":"if","locations":[{"start":{"line":63,"column":4},"end":{"line":70,"column":5}}]},"8":{"loc":{"start":{"line":64,"column":78},"end":{"line":64,"column":128}},"type":"binary-expr","locations":[{"start":{"line":64,"column":78},"end":{"line":64,"column":94}},{"start":{"line":64,"column":98},"end":{"line":64,"column":128}}]},"9":{"loc":{"start":{"line":66,"column":8},"end":{"line":68,"column":10}},"type":"cond-expr","locations":[{"start":{"line":66,"column":39},"end":{"line":66,"column":41}},{"start":{"line":66,"column":39},"end":{"line":68,"column":10}}]},"10":{"loc":{"start":{"line":66,"column":8},"end":{"line":66,"column":41}},"type":"binary-expr","locations":[{"start":{"line":66,"column":8},"end":{"line":66,"column":41}},{"start":{"line":66,"column":39},"end":{"line":66,"column":41}}]},"11":{"loc":{"start":{"line":74,"column":101},"end":{"line":74,"column":121}},"type":"default-arg","locations":[{"start":{"line":74,"column":117},"end":{"line":74,"column":121}}]},"12":{"loc":{"start":{"line":79,"column":2},"end":{"line":81,"column":3}},"type":"if","locations":[{"start":{"line":79,"column":2},"end":{"line":81,"column":3}}]},"13":{"loc":{"start":{"line":79,"column":6},"end":{"line":79,"column":42}},"type":"binary-expr","locations":[{"start":{"line":79,"column":6},"end":{"line":79,"column":20}},{"start":{"line":79,"column":24},"end":{"line":79,"column":42}}]},"14":{"loc":{"start":{"line":84,"column":2},"end":{"line":98,"column":3}},"type":"if","locations":[{"start":{"line":84,"column":2},"end":{"line":98,"column":3}}]},"15":{"loc":{"start":{"line":85,"column":26},"end":{"line":85,"column":98}},"type":"binary-expr","locations":[{"start":{"line":85,"column":26},"end":{"line":85,"column":73}},{"start":{"line":85,"column":77},"end":{"line":85,"column":98}}]},"16":{"loc":{"start":{"line":89,"column":4},"end":{"line":91,"column":5}},"type":"if","locations":[{"start":{"line":89,"column":4},"end":{"line":91,"column":5}}]},"17":{"loc":{"start":{"line":94,"column":6},"end":{"line":96,"column":7}},"type":"if","locations":[{"start":{"line":94,"column":6},"end":{"line":96,"column":7}}]}},"s":{"0":6,"1":6,"2":6,"3":6,"4":6,"5":6,"6":0,"7":0,"8":0,"9":0,"10":0,"11":0,"12":0,"13":0,"14":0,"15":6,"16":36,"17":36,"18":36,"19":19,"20":36,"21":22,"22":36,"23":6,"24":61,"25":61,"26":14,"27":14,"28":14,"29":6,"30":22,"31":22,"32":22,"33":22,"34":0,"35":22,"36":0,"37":0,"38":6,"39":6,"40":6,"41":0,"42":0,"43":0,"44":0,"45":0,"46":0,"47":0,"48":0,"49":0,"50":0,"51":0,"52":0,"53":0,"54":0,"55":0,"56":0,"57":0,"58":0,"59":6},"f":{"0":6,"1":0,"2":36,"3":61,"4":22,"5":0,"6":0,"7":0,"8":6,"9":0,"10":0,"11":0},"b":{"0":[0],"1":[0],"2":[19],"3":[22],"4":[19,3],"5":[14],"6":[0,14],"7":[22],"8":[0,0],"9":[0,0],"10":[0,0],"11":[0],"12":[0],"13":[0,0],"14":[0],"15":[0,0],"16":[0],"17":[0]}}
,"/Users/xg-a06/g/rex/src/utils/tools.ts": {"path":"/Users/xg-a06/g/rex/src/utils/tools.ts","statementMap":{"0":{"start":{"line":1,"column":19},"end":{"line":1,"column":100}},"1":{"start":{"line":1,"column":73},"end":{"line":1,"column":100}},"2":{"start":{"line":32,"column":9},"end":{"line":32,"column":19}},"3":{"start":{"line":3,"column":17},"end":{"line":3,"column":97}},"4":{"start":{"line":3,"column":54},"end":{"line":3,"column":97}},"5":{"start":{"line":32,"column":21},"end":{"line":32,"column":29}},"6":{"start":{"line":5,"column":17},"end":{"line":5,"column":79}},"7":{"start":{"line":5,"column":54},"end":{"line":5,"column":79}},"8":{"start":{"line":32,"column":31},"end":{"line":32,"column":39}},"9":{"start":{"line":11,"column":20},"end":{"line":13,"column":1}},"10":{"start":{"line":12,"column":2},"end":{"line":12,"column":94}},"11":{"start":{"line":32,"column":41},"end":{"line":32,"column":52}},"12":{"start":{"line":15,"column":25},"end":{"line":17,"column":1}},"13":{"start":{"line":16,"column":2},"end":{"line":16,"column":94}},"14":{"start":{"line":32,"column":54},"end":{"line":32,"column":70}},"15":{"start":{"line":19,"column":23},"end":{"line":21,"column":1}},"16":{"start":{"line":20,"column":2},"end":{"line":20,"column":47}},"17":{"start":{"line":32,"column":72},"end":{"line":32,"column":86}},"18":{"start":{"line":23,"column":29},"end":{"line":23,"column":190}},"19":{"start":{"line":25,"column":24},"end":{"line":30,"column":1}},"20":{"start":{"line":26,"column":2},"end":{"line":28,"column":3}},"21":{"start":{"line":27,"column":4},"end":{"line":27,"column":16}},"22":{"start":{"line":29,"column":2},"end":{"line":29,"column":15}},"23":{"start":{"line":32,"column":88},"end":{"line":32,"column":103}}},"fnMap":{"0":{"name":"(anonymous_0)","decl":{"start":{"line":1,"column":19},"end":{"line":1,"column":20}},"loc":{"start":{"line":1,"column":73},"end":{"line":1,"column":100}}},"1":{"name":"(anonymous_1)","decl":{"start":{"line":3,"column":17},"end":{"line":3,"column":18}},"loc":{"start":{"line":3,"column":54},"end":{"line":3,"column":97}}},"2":{"name":"(anonymous_2)","decl":{"start":{"line":5,"column":17},"end":{"line":5,"column":18}},"loc":{"start":{"line":5,"column":54},"end":{"line":5,"column":79}}},"3":{"name":"(anonymous_3)","decl":{"start":{"line":11,"column":20},"end":{"line":11,"column":21}},"loc":{"start":{"line":11,"column":71},"end":{"line":13,"column":1}}},"4":{"name":"(anonymous_4)","decl":{"start":{"line":15,"column":25},"end":{"line":15,"column":26}},"loc":{"start":{"line":15,"column":40},"end":{"line":17,"column":1}}},"5":{"name":"(anonymous_5)","decl":{"start":{"line":19,"column":23},"end":{"line":19,"column":24}},"loc":{"start":{"line":19,"column":59},"end":{"line":21,"column":1}}},"6":{"name":"(anonymous_6)","decl":{"start":{"line":25,"column":24},"end":{"line":25,"column":25}},"loc":{"start":{"line":25,"column":60},"end":{"line":30,"column":1}}}},"branchMap":{"0":{"loc":{"start":{"line":3,"column":54},"end":{"line":3,"column":97}},"type":"binary-expr","locations":[{"start":{"line":3,"column":54},"end":{"line":3,"column":79}},{"start":{"line":3,"column":83},"end":{"line":3,"column":97}}]},"1":{"loc":{"start":{"line":12,"column":9},"end":{"line":12,"column":93}},"type":"binary-expr","locations":[{"start":{"line":12,"column":9},"end":{"line":12,"column":34}},{"start":{"line":12,"column":38},"end":{"line":12,"column":63}},{"start":{"line":12,"column":67},"end":{"line":12,"column":93}}]},"2":{"loc":{"start":{"line":16,"column":9},"end":{"line":16,"column":93}},"type":"binary-expr","locations":[{"start":{"line":16,"column":9},"end":{"line":16,"column":34}},{"start":{"line":16,"column":38},"end":{"line":16,"column":63}},{"start":{"line":16,"column":67},"end":{"line":16,"column":93}}]},"3":{"loc":{"start":{"line":26,"column":2},"end":{"line":28,"column":3}},"type":"if","locations":[{"start":{"line":26,"column":2},"end":{"line":28,"column":3}}]},"4":{"loc":{"start":{"line":26,"column":6},"end":{"line":26,"column":121}},"type":"binary-expr","locations":[{"start":{"line":26,"column":6},"end":{"line":26,"column":27}},{"start":{"line":26,"column":31},"end":{"line":26,"column":66}},{"start":{"line":26,"column":70},"end":{"line":26,"column":121}}]}},"s":{"0":6,"1":123,"2":6,"3":6,"4":188,"5":6,"6":6,"7":25,"8":6,"9":6,"10":6,"11":6,"12":6,"13":0,"14":6,"15":6,"16":108,"17":6,"18":6,"19":6,"20":77,"21":8,"22":69,"23":6},"f":{"0":123,"1":188,"2":25,"3":6,"4":0,"5":108,"6":77},"b":{"0":[188,72],"1":[6,6,6],"2":[0,0,0],"3":[8],"4":[77,55,8]}}
,"/Users/xg-a06/g/rex/tests/unit/array/change/app.tsx": {"path":"/Users/xg-a06/g/rex/tests/unit/array/change/app.tsx","statementMap":{"0":{"start":{"line":2,"column":0},"end":{"line":2,"column":50}},"1":{"start":{"line":3,"column":0},"end":{"line":3,"column":30}},"2":{"start":{"line":5,"column":12},"end":{"line":70,"column":1}},"3":{"start":{"line":6,"column":2},"end":{"line":6,"column":17}},"4":{"start":{"line":8,"column":28},"end":{"line":10,"column":4}},"5":{"start":{"line":12,"column":2},"end":{"line":69,"column":4}},"6":{"start":{"line":16,"column":10},"end":{"line":16,"column":43}},"7":{"start":{"line":22,"column":10},"end":{"line":22,"column":76}},"8":{"start":{"line":22,"column":28},"end":{"line":22,"column":74}},"9":{"start":{"line":29,"column":10},"end":{"line":29,"column":79}},"10":{"start":{"line":29,"column":28},"end":{"line":29,"column":77}},"11":{"start":{"line":36,"column":10},"end":{"line":36,"column":45}},"12":{"start":{"line":36,"column":28},"end":{"line":36,"column":43}},"13":{"start":{"line":43,"column":10},"end":{"line":43,"column":47}},"14":{"start":{"line":43,"column":28},"end":{"line":43,"column":45}},"15":{"start":{"line":50,"column":10},"end":{"line":50,"column":55}},"16":{"start":{"line":50,"column":28},"end":{"line":50,"column":53}},"17":{"start":{"line":57,"column":10},"end":{"line":57,"column":46}},"18":{"start":{"line":57,"column":28},"end":{"line":57,"column":44}},"19":{"start":{"line":64,"column":10},"end":{"line":64,"column":49}},"20":{"start":{"line":64,"column":28},"end":{"line":64,"column":47}},"21":{"start":{"line":72,"column":0},"end":{"line":72,"column":19}}},"fnMap":{"0":{"name":"(anonymous_0)","decl":{"start":{"line":5,"column":12},"end":{"line":5,"column":13}},"loc":{"start":{"line":5,"column":38},"end":{"line":70,"column":1}}},"1":{"name":"(anonymous_1)","decl":{"start":{"line":15,"column":23},"end":{"line":15,"column":24}},"loc":{"start":{"line":15,"column":39},"end":{"line":17,"column":9}}},"2":{"name":"(anonymous_2)","decl":{"start":{"line":21,"column":17},"end":{"line":21,"column":20}},"loc":{"start":{"line":21,"column":22},"end":{"line":23,"column":9}}},"3":{"name":"(anonymous_3)","decl":{"start":{"line":22,"column":19},"end":{"line":22,"column":24}},"loc":{"start":{"line":22,"column":28},"end":{"line":22,"column":74}}},"4":{"name":"(anonymous_4)","decl":{"start":{"line":28,"column":17},"end":{"line":28,"column":20}},"loc":{"start":{"line":28,"column":22},"end":{"line":30,"column":9}}},"5":{"name":"(anonymous_5)","decl":{"start":{"line":29,"column":19},"end":{"line":29,"column":24}},"loc":{"start":{"line":29,"column":28},"end":{"line":29,"column":77}}},"6":{"name":"(anonymous_6)","decl":{"start":{"line":35,"column":17},"end":{"line":35,"column":20}},"loc":{"start":{"line":35,"column":22},"end":{"line":37,"column":9}}},"7":{"name":"(anonymous_7)","decl":{"start":{"line":36,"column":19},"end":{"line":36,"column":24}},"loc":{"start":{"line":36,"column":28},"end":{"line":36,"column":43}}},"8":{"name":"(anonymous_8)","decl":{"start":{"line":42,"column":17},"end":{"line":42,"column":20}},"loc":{"start":{"line":42,"column":22},"end":{"line":44,"column":9}}},"9":{"name":"(anonymous_9)","decl":{"start":{"line":43,"column":19},"end":{"line":43,"column":24}},"loc":{"start":{"line":43,"column":28},"end":{"line":43,"column":45}}},"10":{"name":"(anonymous_10)","decl":{"start":{"line":49,"column":17},"end":{"line":49,"column":20}},"loc":{"start":{"line":49,"column":22},"end":{"line":51,"column":9}}},"11":{"name":"(anonymous_11)","decl":{"start":{"line":50,"column":19},"end":{"line":50,"column":24}},"loc":{"start":{"line":50,"column":28},"end":{"line":50,"column":53}}},"12":{"name":"(anonymous_12)","decl":{"start":{"line":56,"column":17},"end":{"line":56,"column":20}},"loc":{"start":{"line":56,"column":22},"end":{"line":58,"column":9}}},"13":{"name":"(anonymous_13)","decl":{"start":{"line":57,"column":19},"end":{"line":57,"column":24}},"loc":{"start":{"line":57,"column":28},"end":{"line":57,"column":44}}},"14":{"name":"(anonymous_14)","decl":{"start":{"line":63,"column":17},"end":{"line":63,"column":20}},"loc":{"start":{"line":63,"column":22},"end":{"line":65,"column":9}}},"15":{"name":"(anonymous_15)","decl":{"start":{"line":64,"column":19},"end":{"line":64,"column":24}},"loc":{"start":{"line":64,"column":28},"end":{"line":64,"column":47}}}},"branchMap":{},"s":{"0":1,"1":1,"2":1,"3":8,"4":8,"5":8,"6":28,"7":1,"8":1,"9":1,"10":1,"11":1,"12":1,"13":1,"14":1,"15":1,"16":1,"17":1,"18":1,"19":1,"20":1,"21":1},"f":{"0":8,"1":28,"2":1,"3":1,"4":1,"5":1,"6":1,"7":1,"8":1,"9":1,"10":1,"11":1,"12":1,"13":1,"14":1,"15":1},"b":{}}
,"/Users/xg-a06/g/rex/tests/unit/array/recycleDispatch/app.tsx": {"path":"/Users/xg-a06/g/rex/tests/unit/array/recycleDispatch/app.tsx","statementMap":{"0":{"start":{"line":1,"column":0},"end":{"line":1,"column":50}},"1":{"start":{"line":2,"column":0},"end":{"line":2,"column":30}},"2":{"start":{"line":3,"column":0},"end":{"line":3,"column":33}},"3":{"start":{"line":5,"column":12},"end":{"line":34,"column":1}},"4":{"start":{"line":6,"column":2},"end":{"line":6,"column":17}},"5":{"start":{"line":8,"column":28},"end":{"line":8,"column":39}},"6":{"start":{"line":9,"column":28},"end":{"line":11,"column":4}},"7":{"start":{"line":13,"column":2},"end":{"line":33,"column":4}},"8":{"start":{"line":19,"column":10},"end":{"line":21,"column":13}},"9":{"start":{"line":20,"column":12},"end":{"line":20,"column":41}},"10":{"start":{"line":28,"column":10},"end":{"line":28,"column":22}},"11":{"start":{"line":36,"column":0},"end":{"line":36,"column":19}}},"fnMap":{"0":{"name":"(anonymous_0)","decl":{"start":{"line":5,"column":12},"end":{"line":5,"column":13}},"loc":{"start":{"line":5,"column":38},"end":{"line":34,"column":1}}},"1":{"name":"(anonymous_1)","decl":{"start":{"line":18,"column":17},"end":{"line":18,"column":20}},"loc":{"start":{"line":18,"column":22},"end":{"line":22,"column":9}}},"2":{"name":"(anonymous_2)","decl":{"start":{"line":19,"column":19},"end":{"line":19,"column":24}},"loc":{"start":{"line":19,"column":27},"end":{"line":21,"column":11}}},"3":{"name":"(anonymous_3)","decl":{"start":{"line":27,"column":17},"end":{"line":27,"column":20}},"loc":{"start":{"line":27,"column":22},"end":{"line":29,"column":9}}}},"branchMap":{},"s":{"0":1,"1":1,"2":1,"3":1,"4":3,"5":3,"6":3,"7":3,"8":2,"9":2,"10":1,"11":1},"f":{"0":3,"1":2,"2":2,"3":1},"b":{}}
,"/Users/xg-a06/g/rex/tests/unit/object/delKey/app.tsx": {"path":"/Users/xg-a06/g/rex/tests/unit/object/delKey/app.tsx","statementMap":{"0":{"start":{"line":1,"column":0},"end":{"line":1,"column":50}},"1":{"start":{"line":2,"column":0},"end":{"line":2,"column":30}},"2":{"start":{"line":4,"column":12},"end":{"line":24,"column":1}},"3":{"start":{"line":5,"column":2},"end":{"line":5,"column":17}},"4":{"start":{"line":7,"column":28},"end":{"line":10,"column":4}},"5":{"start":{"line":12,"column":2},"end":{"line":23,"column":4}},"6":{"start":{"line":18,"column":10},"end":{"line":18,"column":57}},"7":{"start":{"line":18,"column":28},"end":{"line":18,"column":55}},"8":{"start":{"line":26,"column":0},"end":{"line":26,"column":19}}},"fnMap":{"0":{"name":"(anonymous_0)","decl":{"start":{"line":4,"column":12},"end":{"line":4,"column":13}},"loc":{"start":{"line":4,"column":38},"end":{"line":24,"column":1}}},"1":{"name":"(anonymous_1)","decl":{"start":{"line":17,"column":17},"end":{"line":17,"column":20}},"loc":{"start":{"line":17,"column":22},"end":{"line":19,"column":9}}},"2":{"name":"(anonymous_2)","decl":{"start":{"line":18,"column":19},"end":{"line":18,"column":24}},"loc":{"start":{"line":18,"column":28},"end":{"line":18,"column":55}}}},"branchMap":{},"s":{"0":1,"1":1,"2":1,"3":2,"4":2,"5":2,"6":1,"7":1,"8":1},"f":{"0":2,"1":1,"2":1},"b":{}}
,"/Users/xg-a06/g/rex/tests/unit/object/getNonKey/app.tsx": {"path":"/Users/xg-a06/g/rex/tests/unit/object/getNonKey/app.tsx","statementMap":{"0":{"start":{"line":1,"column":0},"end":{"line":1,"column":50}},"1":{"start":{"line":2,"column":0},"end":{"line":2,"column":30}},"2":{"start":{"line":4,"column":12},"end":{"line":23,"column":1}},"3":{"start":{"line":5,"column":2},"end":{"line":5,"column":17}},"4":{"start":{"line":7,"column":28},"end":{"line":9,"column":4}},"5":{"start":{"line":11,"column":2},"end":{"line":22,"column":4}},"6":{"start":{"line":17,"column":10},"end":{"line":17,"column":67}},"7":{"start":{"line":17,"column":36},"end":{"line":17,"column":64}},"8":{"start":{"line":25,"column":0},"end":{"line":25,"column":19}}},"fnMap":{"0":{"name":"(anonymous_0)","decl":{"start":{"line":4,"column":12},"end":{"line":4,"column":13}},"loc":{"start":{"line":4,"column":38},"end":{"line":23,"column":1}}},"1":{"name":"(anonymous_1)","decl":{"start":{"line":16,"column":17},"end":{"line":16,"column":20}},"loc":{"start":{"line":16,"column":22},"end":{"line":18,"column":9}}},"2":{"name":"(anonymous_2)","decl":{"start":{"line":17,"column":19},"end":{"line":17,"column":20}},"loc":{"start":{"line":17,"column":36},"end":{"line":17,"column":64}}}},"branchMap":{},"s":{"0":1,"1":1,"2":1,"3":2,"4":2,"5":2,"6":1,"7":1,"8":1},"f":{"0":2,"1":1,"2":1},"b":{}}
,"/Users/xg-a06/g/rex/tests/unit/object/keys/app.tsx": {"path":"/Users/xg-a06/g/rex/tests/unit/object/keys/app.tsx","statementMap":{"0":{"start":{"line":1,"column":0},"end":{"line":1,"column":50}},"1":{"start":{"line":2,"column":0},"end":{"line":2,"column":30}},"2":{"start":{"line":4,"column":12},"end":{"line":35,"column":1}},"3":{"start":{"line":5,"column":2},"end":{"line":5,"column":17}},"4":{"start":{"line":7,"column":28},"end":{"line":10,"column":4}},"5":{"start":{"line":12,"column":2},"end":{"line":34,"column":4}},"6":{"start":{"line":16,"column":10},"end":{"line":16,"column":40}},"7":{"start":{"line":22,"column":10},"end":{"line":22,"column":69}},"8":{"start":{"line":22,"column":30},"end":{"line":22,"column":66}},"9":{"start":{"line":29,"column":10},"end":{"line":29,"column":57}},"10":{"start":{"line":29,"column":28},"end":{"line":29,"column":55}},"11":{"start":{"line":37,"column":0},"end":{"line":37,"column":19}}},"fnMap":{"0":{"name":"(anonymous_0)","decl":{"start":{"line":4,"column":12},"end":{"line":4,"column":13}},"loc":{"start":{"line":4,"column":38},"end":{"line":35,"column":1}}},"1":{"name":"(anonymous_1)","decl":{"start":{"line":15,"column":32},"end":{"line":15,"column":35}},"loc":{"start":{"line":15,"column":38},"end":{"line":17,"column":9}}},"2":{"name":"(anonymous_2)","decl":{"start":{"line":21,"column":17},"end":{"line":21,"column":20}},"loc":{"start":{"line":21,"column":22},"end":{"line":23,"column":9}}},"3":{"name":"(anonymous_3)","decl":{"start":{"line":22,"column":19},"end":{"line":22,"column":24}},"loc":{"start":{"line":22,"column":30},"end":{"line":22,"column":66}}},"4":{"name":"(anonymous_4)","decl":{"start":{"line":28,"column":17},"end":{"line":28,"column":20}},"loc":{"start":{"line":28,"column":22},"end":{"line":30,"column":9}}},"5":{"name":"(anonymous_5)","decl":{"start":{"line":29,"column":19},"end":{"line":29,"column":24}},"loc":{"start":{"line":29,"column":28},"end":{"line":29,"column":55}}}},"branchMap":{},"s":{"0":1,"1":1,"2":1,"3":3,"4":3,"5":3,"6":7,"7":1,"8":1,"9":1,"10":1,"11":1},"f":{"0":3,"1":7,"2":1,"3":1,"4":1,"5":1},"b":{}}
,"/Users/xg-a06/g/rex/tests/unit/object/values/app.tsx": {"path":"/Users/xg-a06/g/rex/tests/unit/object/values/app.tsx","statementMap":{"0":{"start":{"line":1,"column":0},"end":{"line":1,"column":50}},"1":{"start":{"line":2,"column":0},"end":{"line":2,"column":30}},"2":{"start":{"line":4,"column":12},"end":{"line":35,"column":1}},"3":{"start":{"line":5,"column":2},"end":{"line":5,"column":17}},"4":{"start":{"line":7,"column":28},"end":{"line":10,"column":4}},"5":{"start":{"line":12,"column":2},"end":{"line":34,"column":4}},"6":{"start":{"line":16,"column":10},"end":{"line":16,"column":44}},"7":{"start":{"line":22,"column":10},"end":{"line":22,"column":69}},"8":{"start":{"line":22,"column":30},"end":{"line":22,"column":66}},"9":{"start":{"line":29,"column":10},"end":{"line":29,"column":57}},"10":{"start":{"line":29,"column":28},"end":{"line":29,"column":55}},"11":{"start":{"line":37,"column":0},"end":{"line":37,"column":19}}},"fnMap":{"0":{"name":"(anonymous_0)","decl":{"start":{"line":4,"column":12},"end":{"line":4,"column":13}},"loc":{"start":{"line":4,"column":38},"end":{"line":35,"column":1}}},"1":{"name":"(anonymous_1)","decl":{"start":{"line":15,"column":34},"end":{"line":15,"column":35}},"loc":{"start":{"line":15,"column":47},"end":{"line":17,"column":9}}},"2":{"name":"(anonymous_2)","decl":{"start":{"line":21,"column":17},"end":{"line":21,"column":20}},"loc":{"start":{"line":21,"column":22},"end":{"line":23,"column":9}}},"3":{"name":"(anonymous_3)","decl":{"start":{"line":22,"column":19},"end":{"line":22,"column":24}},"loc":{"start":{"line":22,"column":30},"end":{"line":22,"column":66}}},"4":{"name":"(anonymous_4)","decl":{"start":{"line":28,"column":17},"end":{"line":28,"column":20}},"loc":{"start":{"line":28,"column":22},"end":{"line":30,"column":9}}},"5":{"name":"(anonymous_5)","decl":{"start":{"line":29,"column":19},"end":{"line":29,"column":24}},"loc":{"start":{"line":29,"column":28},"end":{"line":29,"column":55}}}},"branchMap":{},"s":{"0":1,"1":1,"2":1,"3":3,"4":3,"5":3,"6":7,"7":1,"8":1,"9":1,"10":1,"11":1},"f":{"0":3,"1":7,"2":1,"3":1,"4":1,"5":1},"b":{}}
}
