TN:
SF:src/core/index.ts
FN:13,(anonymous_0)
FN:18,(anonymous_1)
FN:20,(anonymous_2)
FN:25,(anonymous_3)
FN:26,(anonymous_4)
FN:29,(anonymous_5)
FN:31,(anonymous_6)
FN:42,(anonymous_7)
FN:46,(anonymous_8)
FN:48,(anonymous_9)
FN:53,(anonymous_10)
FN:56,(anonymous_11)
FN:64,(anonymous_12)
FN:76,(anonymous_13)
FN:93,(anonymous_14)
FN:104,(anonymous_15)
FN:108,(anonymous_16)
FN:126,(anonymous_17)
FN:142,(anonymous_18)
FN:168,(anonymous_19)
FN:171,(anonymous_20)
FN:177,(anonymous_21)
FN:196,(anonymous_22)
FN:200,(anonymous_23)
FN:209,(anonymous_24)
FN:213,(anonymous_25)
FN:217,(anonymous_26)
FNF:27
FNH:15
FNDA:6,(anonymous_0)
FNDA:6,(anonymous_1)
FNDA:12,(anonymous_2)
FNDA:27,(anonymous_3)
FNDA:54,(anonymous_4)
FNDA:12,(anonymous_5)
FNDA:72,(anonymous_6)
FNDA:0,(anonymous_7)
FNDA:0,(anonymous_8)
FNDA:0,(anonymous_9)
FNDA:17,(anonymous_10)
FNDA:0,(anonymous_11)
FNDA:15,(anonymous_12)
FNDA:39,(anonymous_13)
FNDA:25,(anonymous_14)
FNDA:0,(anonymous_15)
FNDA:5,(anonymous_16)
FNDA:20,(anonymous_17)
FNDA:77,(anonymous_18)
FNDA:0,(anonymous_19)
FNDA:6,(anonymous_20)
FNDA:0,(anonymous_21)
FNDA:0,(anonymous_22)
FNDA:0,(anonymous_23)
FNDA:0,(anonymous_24)
FNDA:0,(anonymous_25)
FNDA:0,(anonymous_26)
DA:1,6
DA:2,6
DA:4,6
DA:7,6
DA:8,6
DA:9,6
DA:13,6
DA:14,6
DA:15,6
DA:19,6
DA:20,6
DA:21,12
DA:26,54
DA:30,12
DA:31,12
DA:32,72
DA:33,72
DA:34,72
DA:35,36
DA:36,36
DA:37,36
DA:43,0
DA:44,0
DA:45,0
DA:46,0
DA:47,0
DA:48,0
DA:54,17
DA:55,9
DA:57,0
DA:65,15
DA:66,0
DA:68,15
DA:70,15
DA:71,15
DA:72,7
DA:75,8
DA:77,39
DA:78,0
DA:79,39
DA:80,0
DA:81,39
DA:82,0
DA:83,39
DA:84,8
DA:86,31
DA:87,31
DA:88,9
DA:89,9
DA:91,22
DA:94,25
DA:95,0
DA:97,25
DA:98,25
DA:99,3
DA:101,22
DA:102,22
DA:105,0
DA:106,0
DA:109,5
DA:110,5
DA:113,8
DA:115,8
DA:116,6
DA:119,8
DA:120,8
DA:122,8
DA:127,20
DA:128,0
DA:131,20
DA:133,20
DA:134,14
DA:135,14
DA:136,14
DA:137,11
DA:141,9
DA:143,77
DA:144,0
DA:145,77
DA:146,0
DA:147,77
DA:148,0
DA:149,77
DA:150,8
DA:151,8
DA:152,69
DA:153,8
DA:154,8
DA:155,0
DA:157,8
DA:160,61
DA:162,61
DA:163,14
DA:164,14
DA:166,47
DA:169,0
DA:172,6
DA:173,6
DA:174,6
DA:175,6
DA:178,0
DA:181,9
DA:183,9
DA:184,6
DA:187,9
DA:188,9
DA:189,9
DA:190,9
DA:191,9
DA:193,9
DA:197,0
DA:199,0
DA:201,0
DA:202,0
DA:205,0
DA:209,6
DA:210,0
DA:213,6
DA:214,0
DA:217,6
DA:218,0
DA:221,6
LF:122
LH:93
BRDA:34,0,0,36
BRDA:44,1,0,0
BRDA:54,2,0,9
BRDA:65,3,0,0
BRDA:71,4,0,7
BRDA:77,5,0,0
BRDA:77,5,1,39
BRDA:79,6,0,0
BRDA:79,6,1,39
BRDA:81,7,0,0
BRDA:81,7,1,39
BRDA:83,8,0,8
BRDA:87,9,0,9
BRDA:94,10,0,0
BRDA:98,11,0,3
BRDA:115,12,0,6
BRDA:126,13,0,6
BRDA:127,14,0,0
BRDA:133,15,0,14
BRDA:135,16,0,0
BRDA:135,16,1,14
BRDA:135,17,0,14
BRDA:135,17,1,14
BRDA:136,18,0,11
BRDA:143,19,0,0
BRDA:143,19,1,77
BRDA:145,20,0,0
BRDA:145,20,1,77
BRDA:147,21,0,0
BRDA:147,21,1,77
BRDA:149,22,0,8
BRDA:149,22,1,69
BRDA:152,23,0,8
BRDA:154,24,0,0
BRDA:162,25,0,14
BRDA:173,26,0,0
BRDA:173,26,1,6
BRDA:173,27,0,6
BRDA:173,27,1,6
BRDA:183,28,0,6
BRDA:188,29,0,9
BRDA:188,29,1,6
BRDA:210,30,0,0
BRDA:210,30,1,0
BRDA:210,31,0,0
BRDA:210,31,1,0
BRF:46
BRH:29
end_of_record
TN:
SF:src/core/plugins.ts
FN:45,(anonymous_0)
FN:46,(anonymous_1)
FN:49,(anonymous_2)
FN:52,(anonymous_3)
FN:55,(anonymous_4)
FN:58,(anonymous_5)
FN:61,(anonymous_6)
FN:75,(anonymous_7)
FN:76,(anonymous_8)
FN:77,dispatch
FN:82,(anonymous_10)
FNF:11
FNH:10
FNDA:6,(anonymous_0)
FNDA:61,(anonymous_1)
FNDA:22,(anonymous_2)
FNDA:14,(anonymous_3)
FNDA:5,(anonymous_4)
FNDA:0,(anonymous_5)
FNDA:8,(anonymous_6)
FNDA:110,(anonymous_7)
FNDA:110,(anonymous_8)
FNDA:295,dispatch
FNDA:185,(anonymous_10)
DA:45,6
DA:46,6
DA:47,61
DA:49,6
DA:50,22
DA:52,6
DA:53,14
DA:55,6
DA:56,5
DA:58,6
DA:59,0
DA:61,6
DA:62,8
DA:65,6
DA:75,6
DA:76,110
DA:78,295
DA:79,295
DA:80,295
DA:83,185
DA:89,110
DA:91,110
DA:92,110
DA:93,110
DA:104,6
LF:25
LH:24
BRDA:79,0,0,295
BRF:1
BRH:1
end_of_record
TN:
SF:src/hooks/tools.ts
FN:6,(anonymous_0)
FN:12,(anonymous_1)
FN:14,(anonymous_2)
FN:20,(anonymous_3)
FN:22,(anonymous_4)
FN:22,(anonymous_5)
FNF:6
FNH:3
FNDA:0,(anonymous_0)
FNDA:0,(anonymous_1)
FNDA:0,(anonymous_2)
FNDA:21,(anonymous_3)
FNDA:6,(anonymous_4)
FNDA:6,(anonymous_5)
DA:2,6
DA:3,6
DA:6,6
DA:7,0
DA:8,0
DA:9,0
DA:12,6
DA:13,0
DA:14,0
DA:15,0
DA:17,0
DA:20,6
DA:21,21
DA:22,6
DA:23,6
DA:29,6
LF:16
LH:9
BRF:0
BRH:0
end_of_record
TN:
SF:src/hooks/useReactive.ts
FN:17,(anonymous_0)
FN:18,(anonymous_1)
FN:21,(anonymous_2)
FN:23,(anonymous_3)
FN:28,(anonymous_4)
FN:35,(anonymous_5)
FN:42,(anonymous_6)
FN:43,(anonymous_7)
FN:53,(anonymous_8)
FN:54,(anonymous_9)
FN:64,(anonymous_10)
FN:98,(anonymous_11)
FN:103,(anonymous_12)
FN:106,(anonymous_13)
FN:119,(anonymous_14)
FN:127,(anonymous_15)
FN:128,(anonymous_16)
FN:135,(anonymous_17)
FN:138,(anonymous_18)
FN:155,(anonymous_19)
FN:156,(anonymous_20)
FNF:21
FNH:13
FNDA:21,(anonymous_0)
FNDA:29,(anonymous_1)
FNDA:6,(anonymous_2)
FNDA:6,(anonymous_3)
FNDA:29,(anonymous_4)
FNDA:27,(anonymous_5)
FNDA:32,(anonymous_6)
FNDA:75,(anonymous_7)
FNDA:0,(anonymous_8)
FNDA:0,(anonymous_9)
FNDA:6,(anonymous_10)
FNDA:21,(anonymous_11)
FNDA:6,(anonymous_12)
FNDA:15,(anonymous_13)
FNDA:6,(anonymous_14)
FNDA:0,(anonymous_15)
FNDA:0,(anonymous_16)
FNDA:0,(anonymous_17)
FNDA:0,(anonymous_18)
FNDA:0,(anonymous_19)
FNDA:0,(anonymous_20)
DA:3,6
DA:4,6
DA:5,6
DA:6,6
DA:7,6
DA:8,6
DA:17,6
DA:18,29
DA:19,21
DA:21,21
DA:22,6
DA:23,6
DA:24,6
DA:28,21
DA:29,29
DA:30,29
DA:35,6
DA:36,27
DA:37,6
DA:39,21
DA:40,21
DA:41,21
DA:42,21
DA:43,32
DA:44,75
DA:45,75
DA:46,75
DA:49,21
DA:53,6
DA:54,0
DA:55,0
DA:56,0
DA:57,0
DA:58,0
DA:59,0
DA:64,6
DA:65,6
DA:66,0
DA:67,0
DA:69,0
DA:70,0
DA:72,0
DA:74,6
DA:75,6
DA:76,0
DA:77,0
DA:78,0
DA:80,0
DA:82,6
DA:83,6
DA:84,6
DA:85,6
DA:87,6
DA:88,6
DA:89,6
DA:90,6
DA:91,6
DA:93,6
DA:94,6
DA:95,6
DA:98,6
DA:99,21
DA:100,21
DA:101,21
DA:103,21
DA:104,6
DA:105,6
DA:106,6
DA:107,15
DA:108,15
DA:109,15
DA:111,0
DA:112,0
DA:115,6
DA:116,6
DA:119,21
DA:121,6
DA:124,21
DA:127,6
DA:128,0
DA:129,0
DA:130,0
DA:131,0
DA:133,0
DA:135,0
DA:138,0
DA:139,0
DA:140,0
DA:141,0
DA:142,0
DA:143,0
DA:144,0
DA:145,0
DA:146,0
DA:147,0
DA:149,0
DA:151,0
DA:155,0
DA:156,0
DA:157,0
DA:161,0
DA:165,6
LF:102
LH:63
BRDA:29,0,0,29
BRDA:36,1,0,6
BRDA:41,2,0,21
BRDA:46,3,0,0
BRDA:46,3,1,75
BRDA:46,4,0,75
BRDA:46,4,1,75
BRDA:56,5,0,0
BRDA:65,6,0,0
BRDA:65,7,0,6
BRDA:65,7,1,6
BRDA:66,8,0,0
BRDA:66,9,0,0
BRDA:66,9,1,0
BRDA:75,10,0,0
BRDA:76,11,0,0
BRDA:82,12,0,6
BRDA:98,13,0,0
BRDA:107,14,0,15
BRDA:112,15,0,0
BRDA:112,15,1,0
BRDA:124,16,0,0
BRDA:124,16,1,21
BRDA:124,17,0,21
BRDA:124,17,1,21
BRDA:139,18,0,0
BRDA:139,18,1,0
BRF:27
BRH:13
end_of_record
TN:
SF:src/hooks/useWatch.ts
FN:12,(anonymous_0)
FN:13,(anonymous_1)
FN:15,(anonymous_2)
FN:26,(anonymous_3)
FN:36,(anonymous_4)
FN:42,(anonymous_5)
FN:46,(anonymous_6)
FN:55,(anonymous_7)
FNF:8
FNH:0
FNDA:0,(anonymous_0)
FNDA:0,(anonymous_1)
FNDA:0,(anonymous_2)
FNDA:0,(anonymous_3)
FNDA:0,(anonymous_4)
FNDA:0,(anonymous_5)
FNDA:0,(anonymous_6)
FNDA:0,(anonymous_7)
DA:2,6
DA:3,6
DA:4,6
DA:5,6
DA:6,6
DA:12,6
DA:13,0
DA:14,0
DA:15,0
DA:17,0
DA:18,0
DA:20,0
DA:21,0
DA:22,0
DA:26,0
DA:27,0
DA:28,0
DA:31,0
DA:36,6
DA:37,0
DA:38,0
DA:42,6
DA:43,0
DA:44,0
DA:46,0
DA:47,0
DA:48,0
DA:49,0
DA:51,0
DA:52,0
DA:53,0
DA:55,0
DA:56,0
DA:57,0
DA:64,6
LF:35
LH:9
BRDA:14,0,0,0
BRDA:14,1,0,0
BRDA:14,1,1,0
BRDA:17,2,0,0
BRDA:21,3,0,0
BRDA:48,4,0,0
BRDA:52,5,0,0
BRDA:57,6,0,0
BRDA:57,6,1,0
BRDA:57,7,0,0
BRDA:57,7,1,0
BRF:11
BRH:0
end_of_record
TN:
SF:src/plugins/reactive.ts
FN:10,(anonymous_0)
FN:20,(anonymous_1)
FN:24,(anonymous_2)
FN:30,(anonymous_3)
FN:51,(anonymous_4)
FN:63,(anonymous_5)
FN:75,(anonymous_6)
FN:82,(anonymous_7)
FN:88,(anonymous_8)
FN:100,(anonymous_9)
FN:108,(anonymous_10)
FN:115,(anonymous_11)
FN:16,(anonymous_12)
FNF:13
FNH:13
FNDA:6,(anonymous_0)
FNDA:6,(anonymous_1)
FNDA:75,(anonymous_2)
FNDA:75,(anonymous_3)
FNDA:61,(anonymous_4)
FNDA:22,(anonymous_5)
FNDA:17,(anonymous_6)
FNDA:4,(anonymous_7)
FNDA:14,(anonymous_8)
FNDA:5,(anonymous_9)
FNDA:4,(anonymous_10)
FNDA:4,(anonymous_11)
FNDA:6,(anonymous_12)
DA:4,6
DA:6,6
DA:12,6
DA:13,6
DA:14,6
DA:17,6
DA:20,6
DA:21,6
DA:24,6
DA:25,75
DA:26,75
DA:27,75
DA:30,6
DA:31,75
DA:33,75
DA:34,75
DA:35,75
DA:36,75
DA:37,0
DA:39,75
DA:40,75
DA:41,75
DA:44,75
DA:45,75
DA:46,75
DA:47,75
DA:48,75
DA:51,6
DA:54,61
DA:56,61
DA:57,0
DA:60,61
DA:63,6
DA:66,22
DA:67,22
DA:69,22
DA:71,22
DA:72,22
DA:74,22
DA:75,18
DA:76,17
DA:80,22
DA:81,22
DA:82,4
DA:83,4
DA:88,6
DA:91,14
DA:93,14
DA:94,0
DA:97,14
DA:100,6
DA:103,5
DA:105,5
DA:106,5
DA:107,5
DA:108,4
DA:109,4
DA:113,5
DA:114,5
DA:115,4
DA:116,4
DA:122,6
LF:62
LH:59
BRDA:25,0,0,0
BRDA:25,0,1,75
BRDA:25,1,0,75
BRDA:25,1,1,75
BRDA:33,2,0,75
BRDA:33,2,1,8
BRDA:34,3,0,75
BRDA:34,3,1,18
BRDA:36,4,0,0
BRDA:44,5,0,75
BRDA:44,5,1,21
BRDA:45,6,0,75
BRDA:45,6,1,32
BRDA:56,7,0,0
BRDA:72,8,0,0
BRDA:72,8,1,22
BRDA:72,9,0,22
BRDA:72,9,1,22
BRDA:74,10,0,18
BRDA:74,11,0,22
BRDA:74,11,1,22
BRDA:80,12,0,0
BRDA:80,12,1,22
BRDA:80,13,0,22
BRDA:80,13,1,22
BRDA:81,14,0,4
BRDA:81,15,0,22
BRDA:81,15,1,5
BRDA:93,16,0,0
BRDA:106,17,0,0
BRDA:106,17,1,5
BRDA:106,18,0,5
BRDA:106,18,1,5
BRDA:107,19,0,4
BRDA:107,20,0,5
BRDA:107,20,1,5
BRDA:113,21,0,0
BRDA:113,21,1,5
BRDA:113,22,0,5
BRDA:113,22,1,5
BRDA:114,23,0,4
BRF:41
BRH:33
end_of_record
TN:
SF:src/plugins/subscribe.ts
FN:11,(anonymous_0)
FN:20,(anonymous_1)
FN:35,(anonymous_2)
FN:47,(anonymous_3)
FN:58,(anonymous_4)
FN:64,(anonymous_5)
FN:65,(anonymous_6)
FN:66,(anonymous_7)
FN:16,(anonymous_8)
FN:74,(anonymous_9)
FN:92,(anonymous_10)
FN:99,(anonymous_11)
FNF:12
FNH:5
FNDA:6,(anonymous_0)
FNDA:0,(anonymous_1)
FNDA:36,(anonymous_2)
FNDA:61,(anonymous_3)
FNDA:22,(anonymous_4)
FNDA:0,(anonymous_5)
FNDA:0,(anonymous_6)
FNDA:0,(anonymous_7)
FNDA:6,(anonymous_8)
FNDA:0,(anonymous_9)
FNDA:0,(anonymous_10)
FNDA:0,(anonymous_11)
DA:3,6
DA:5,6
DA:10,6
DA:13,6
DA:14,6
DA:17,6
DA:20,6
DA:21,0
DA:22,0
DA:24,0
DA:25,0
DA:26,0
DA:28,0
DA:29,0
DA:32,0
DA:35,6
DA:36,36
DA:37,36
DA:38,36
DA:39,19
DA:41,36
DA:42,22
DA:44,36
DA:47,6
DA:48,61
DA:50,61
DA:51,14
DA:52,14
DA:54,14
DA:58,6
DA:59,22
DA:60,22
DA:63,22
DA:64,22
DA:65,22
DA:66,0
DA:67,0
DA:74,6
DA:75,0
DA:76,0
DA:77,0
DA:78,0
DA:79,0
DA:80,0
DA:84,0
DA:85,0
DA:87,0
DA:88,0
DA:89,0
DA:90,0
DA:92,0
DA:93,0
DA:94,0
DA:95,0
DA:99,0
DA:102,6
LF:56
LH:29
BRDA:25,0,0,0
BRDA:28,1,0,0
BRDA:38,2,0,19
BRDA:41,3,0,22
BRDA:42,4,0,19
BRDA:42,4,1,3
BRDA:50,5,0,14
BRDA:52,6,0,0
BRDA:52,6,1,14
BRDA:63,7,0,22
BRDA:64,8,0,0
BRDA:64,8,1,0
BRDA:66,9,0,0
BRDA:66,9,1,0
BRDA:66,10,0,0
BRDA:66,10,1,0
BRDA:74,11,0,0
BRDA:79,12,0,0
BRDA:79,13,0,0
BRDA:79,13,1,0
BRDA:84,14,0,0
BRDA:85,15,0,0
BRDA:85,15,1,0
BRDA:89,16,0,0
BRDA:94,17,0,0
BRF:25
BRH:7
end_of_record
TN:
SF:src/utils/tools.ts
FN:1,(anonymous_0)
FN:3,(anonymous_1)
FN:5,(anonymous_2)
FN:11,(anonymous_3)
FN:15,(anonymous_4)
FN:19,(anonymous_5)
FN:25,(anonymous_6)
FNF:7
FNH:6
FNDA:123,(anonymous_0)
FNDA:188,(anonymous_1)
FNDA:25,(anonymous_2)
FNDA:6,(anonymous_3)
FNDA:0,(anonymous_4)
FNDA:108,(anonymous_5)
FNDA:77,(anonymous_6)
DA:1,123
DA:3,188
DA:5,25
DA:11,6
DA:12,6
DA:15,6
DA:16,0
DA:19,6
DA:20,108
DA:23,6
DA:25,6
DA:26,77
DA:27,8
DA:29,69
DA:32,6
LF:15
LH:14
BRDA:3,0,0,188
BRDA:3,0,1,72
BRDA:12,1,0,6
BRDA:12,1,1,6
BRDA:12,1,2,6
BRDA:16,2,0,0
BRDA:16,2,1,0
BRDA:16,2,2,0
BRDA:26,3,0,8
BRDA:26,4,0,77
BRDA:26,4,1,55
BRDA:26,4,2,8
BRF:12
BRH:9
end_of_record
TN:
SF:tests/unit/array/change/app.tsx
FN:5,(anonymous_0)
FN:15,(anonymous_1)
FN:21,(anonymous_2)
FN:22,(anonymous_3)
FN:28,(anonymous_4)
FN:29,(anonymous_5)
FN:35,(anonymous_6)
FN:36,(anonymous_7)
FN:42,(anonymous_8)
FN:43,(anonymous_9)
FN:49,(anonymous_10)
FN:50,(anonymous_11)
FN:56,(anonymous_12)
FN:57,(anonymous_13)
FN:63,(anonymous_14)
FN:64,(anonymous_15)
FNF:16
FNH:16
FNDA:8,(anonymous_0)
FNDA:28,(anonymous_1)
FNDA:1,(anonymous_2)
FNDA:1,(anonymous_3)
FNDA:1,(anonymous_4)
FNDA:1,(anonymous_5)
FNDA:1,(anonymous_6)
FNDA:1,(anonymous_7)
FNDA:1,(anonymous_8)
FNDA:1,(anonymous_9)
FNDA:1,(anonymous_10)
FNDA:1,(anonymous_11)
FNDA:1,(anonymous_12)
FNDA:1,(anonymous_13)
FNDA:1,(anonymous_14)
FNDA:1,(anonymous_15)
DA:2,1
DA:3,1
DA:5,1
DA:6,8
DA:8,8
DA:12,8
DA:16,28
DA:22,1
DA:29,1
DA:36,1
DA:43,1
DA:50,1
DA:57,1
DA:64,1
DA:72,1
LF:15
LH:15
BRF:0
BRH:0
end_of_record
TN:
SF:tests/unit/array/recycleDispatch/app.tsx
FN:5,(anonymous_0)
FN:18,(anonymous_1)
FN:19,(anonymous_2)
FN:27,(anonymous_3)
FNF:4
FNH:4
FNDA:3,(anonymous_0)
FNDA:2,(anonymous_1)
FNDA:2,(anonymous_2)
FNDA:1,(anonymous_3)
DA:1,1
DA:2,1
DA:3,1
DA:5,1
DA:6,3
DA:8,3
DA:9,3
DA:13,3
DA:19,2
DA:20,2
DA:28,1
DA:36,1
LF:12
LH:12
BRF:0
BRH:0
end_of_record
TN:
SF:tests/unit/object/delKey/app.tsx
FN:4,(anonymous_0)
FN:17,(anonymous_1)
FN:18,(anonymous_2)
FNF:3
FNH:3
FNDA:2,(anonymous_0)
FNDA:1,(anonymous_1)
FNDA:1,(anonymous_2)
DA:1,1
DA:2,1
DA:4,1
DA:5,2
DA:7,2
DA:12,2
DA:18,1
DA:26,1
LF:8
LH:8
BRF:0
BRH:0
end_of_record
TN:
SF:tests/unit/object/getNonKey/app.tsx
FN:4,(anonymous_0)
FN:16,(anonymous_1)
FN:17,(anonymous_2)
FNF:3
FNH:3
FNDA:2,(anonymous_0)
FNDA:1,(anonymous_1)
FNDA:1,(anonymous_2)
DA:1,1
DA:2,1
DA:4,1
DA:5,2
DA:7,2
DA:11,2
DA:17,1
DA:25,1
LF:8
LH:8
BRF:0
BRH:0
end_of_record
TN:
SF:tests/unit/object/keys/app.tsx
FN:4,(anonymous_0)
FN:15,(anonymous_1)
FN:21,(anonymous_2)
FN:22,(anonymous_3)
FN:28,(anonymous_4)
FN:29,(anonymous_5)
FNF:6
FNH:6
FNDA:3,(anonymous_0)
FNDA:7,(anonymous_1)
FNDA:1,(anonymous_2)
FNDA:1,(anonymous_3)
FNDA:1,(anonymous_4)
FNDA:1,(anonymous_5)
DA:1,1
DA:2,1
DA:4,1
DA:5,3
DA:7,3
DA:12,3
DA:16,7
DA:22,1
DA:29,1
DA:37,1
LF:10
LH:10
BRF:0
BRH:0
end_of_record
TN:
SF:tests/unit/object/values/app.tsx
FN:4,(anonymous_0)
FN:15,(anonymous_1)
FN:21,(anonymous_2)
FN:22,(anonymous_3)
FN:28,(anonymous_4)
FN:29,(anonymous_5)
FNF:6
FNH:6
FNDA:3,(anonymous_0)
FNDA:7,(anonymous_1)
FNDA:1,(anonymous_2)
FNDA:1,(anonymous_3)
FNDA:1,(anonymous_4)
FNDA:1,(anonymous_5)
DA:1,1
DA:2,1
DA:4,1
DA:5,3
DA:7,3
DA:12,3
DA:16,7
DA:22,1
DA:29,1
DA:37,1
LF:10
LH:10
BRF:0
BRH:0
end_of_record
