TN:
SF:src/core/index.ts
FN:13,(anonymous_0)
FN:18,(anonymous_1)
FN:20,(anonymous_2)
FN:25,(anonymous_3)
FN:26,(anonymous_4)
FN:29,(anonymous_5)
FN:31,(anonymous_6)
FN:42,(anonymous_7)
FN:46,(anonymous_8)
FN:48,(anonymous_9)
FN:53,(anonymous_10)
FN:56,(anonymous_11)
FN:64,(anonymous_12)
FN:76,(anonymous_13)
FN:84,(anonymous_14)
FN:96,(anonymous_15)
FN:100,(anonymous_16)
FN:104,(anonymous_17)
FN:122,(anonymous_18)
FN:138,(anonymous_19)
FN:159,(anonymous_20)
FN:162,(anonymous_21)
FN:166,(anonymous_22)
FN:185,(anonymous_23)
FN:189,(anonymous_24)
FN:193,(anonymous_25)
FNF:26
FNH:10
FNDA:1,(anonymous_0)
FNDA:1,(anonymous_1)
FNDA:2,(anonymous_2)
FNDA:0,(anonymous_3)
FNDA:0,(anonymous_4)
FNDA:2,(anonymous_5)
FNDA:12,(anonymous_6)
FNDA:0,(anonymous_7)
FNDA:0,(anonymous_8)
FNDA:0,(anonymous_9)
FNDA:2,(anonymous_10)
FNDA:0,(anonymous_11)
FNDA:1,(anonymous_12)
FNDA:0,(anonymous_13)
FNDA:1,(anonymous_14)
FNDA:0,(anonymous_15)
FNDA:0,(anonymous_16)
FNDA:0,(anonymous_17)
FNDA:1,(anonymous_18)
FNDA:2,(anonymous_19)
FNDA:0,(anonymous_20)
FNDA:0,(anonymous_21)
FNDA:0,(anonymous_22)
FNDA:0,(anonymous_23)
FNDA:0,(anonymous_24)
FNDA:0,(anonymous_25)
DA:1,1
DA:2,1
DA:4,1
DA:7,1
DA:8,1
DA:9,1
DA:13,1
DA:14,1
DA:15,1
DA:19,1
DA:20,1
DA:21,2
DA:26,0
DA:30,2
DA:31,2
DA:32,12
DA:33,12
DA:34,12
DA:35,6
DA:36,6
DA:37,6
DA:43,0
DA:44,0
DA:45,0
DA:46,0
DA:47,0
DA:48,0
DA:54,2
DA:55,1
DA:57,0
DA:65,1
DA:66,0
DA:68,1
DA:70,1
DA:71,1
DA:72,0
DA:75,1
DA:77,0
DA:78,0
DA:79,0
DA:80,0
DA:82,0
DA:85,1
DA:86,0
DA:88,1
DA:90,1
DA:91,0
DA:93,1
DA:94,1
DA:97,0
DA:98,0
DA:101,0
DA:102,0
DA:105,0
DA:106,0
DA:109,1
DA:111,1
DA:112,1
DA:115,1
DA:116,1
DA:118,1
DA:123,1
DA:124,0
DA:127,1
DA:129,1
DA:130,0
DA:131,0
DA:132,0
DA:133,0
DA:137,1
DA:139,2
DA:140,0
DA:141,2
DA:142,0
DA:143,2
DA:144,0
DA:145,2
DA:146,0
DA:147,0
DA:148,2
DA:149,0
DA:152,2
DA:153,2
DA:154,0
DA:155,0
DA:157,2
DA:160,0
DA:163,0
DA:164,0
DA:167,0
DA:170,1
DA:171,1
DA:172,1
DA:175,1
DA:176,1
DA:177,1
DA:178,1
DA:179,1
DA:181,1
DA:185,1
DA:186,0
DA:189,1
DA:190,0
DA:193,1
DA:194,0
DA:197,1
DA:199,1
LF:107
LH:64
BRDA:34,0,0,6
BRDA:44,1,0,0
BRDA:54,2,0,1
BRDA:65,3,0,0
BRDA:71,4,0,0
BRDA:78,5,0,0
BRDA:85,6,0,0
BRDA:90,7,0,0
BRDA:111,8,0,1
BRDA:123,9,0,0
BRDA:129,10,0,0
BRDA:131,11,0,0
BRDA:131,11,1,0
BRDA:131,12,0,0
BRDA:131,12,1,0
BRDA:132,13,0,0
BRDA:139,14,0,0
BRDA:139,14,1,2
BRDA:141,15,0,0
BRDA:141,15,1,2
BRDA:143,16,0,0
BRDA:143,16,1,2
BRDA:145,17,0,0
BRDA:145,17,1,2
BRDA:148,18,0,0
BRDA:153,19,0,0
BRDA:171,20,0,1
BRDA:176,21,0,1
BRDA:176,21,1,1
BRF:29
BRH:10
end_of_record
TN:
SF:src/core/plugins.ts
FN:41,(anonymous_0)
FN:42,(anonymous_1)
FN:45,(anonymous_2)
FN:48,(anonymous_3)
FN:51,(anonymous_4)
FN:54,(anonymous_5)
FN:57,(anonymous_6)
FN:71,(anonymous_7)
FN:72,(anonymous_8)
FN:73,dispatch
FN:78,(anonymous_10)
FNF:11
FNH:8
FNDA:1,(anonymous_0)
FNDA:2,(anonymous_1)
FNDA:1,(anonymous_2)
FNDA:0,(anonymous_3)
FNDA:0,(anonymous_4)
FNDA:0,(anonymous_5)
FNDA:1,(anonymous_6)
FNDA:4,(anonymous_7)
FNDA:4,(anonymous_8)
FNDA:10,dispatch
FNDA:6,(anonymous_10)
DA:41,1
DA:42,1
DA:43,2
DA:45,1
DA:46,1
DA:48,1
DA:49,0
DA:51,1
DA:52,0
DA:54,1
DA:55,0
DA:57,1
DA:58,1
DA:61,1
DA:71,1
DA:72,4
DA:74,10
DA:75,10
DA:76,10
DA:79,6
DA:85,4
DA:87,4
DA:88,4
DA:89,4
DA:100,1
LF:25
LH:22
BRDA:75,0,0,10
BRF:1
BRH:1
end_of_record
TN:
SF:src/hooks/useReactive.ts
FN:10,(anonymous_6)
FN:11,(anonymous_7)
FN:14,(anonymous_8)
FN:16,(anonymous_9)
FN:21,(anonymous_10)
FN:28,(anonymous_11)
FN:30,(anonymous_12)
FN:39,(anonymous_13)
FN:48,(anonymous_14)
FN:49,(anonymous_15)
FN:51,(anonymous_16)
FN:54,(anonymous_17)
FNF:12
FNH:8
FNDA:2,(anonymous_6)
FNDA:1,(anonymous_7)
FNDA:1,(anonymous_8)
FNDA:1,(anonymous_9)
FNDA:1,(anonymous_10)
FNDA:2,(anonymous_11)
FNDA:1,(anonymous_12)
FNDA:1,(anonymous_13)
FNDA:0,(anonymous_14)
FNDA:0,(anonymous_15)
FNDA:0,(anonymous_16)
FNDA:0,(anonymous_17)
DA:1,1
DA:3,1
DA:4,1
DA:5,1
DA:10,1
DA:11,2
DA:12,2
DA:14,2
DA:15,1
DA:16,1
DA:17,1
DA:21,2
DA:22,1
DA:23,1
DA:28,1
DA:29,2
DA:30,2
DA:31,1
DA:32,1
DA:33,1
DA:34,1
DA:35,1
DA:36,1
DA:37,1
DA:39,1
DA:40,1
DA:42,1
DA:45,2
DA:48,1
DA:49,0
DA:50,0
DA:51,0
DA:52,0
DA:54,0
DA:55,0
DA:56,0
DA:57,0
DA:58,0
DA:59,0
DA:60,0
DA:61,0
DA:62,0
DA:63,0
DA:65,0
DA:67,0
DA:70,0
DA:74,1
LF:47
LH:30
BRDA:22,0,0,1
BRDA:55,1,0,0
BRDA:55,1,1,0
BRF:3
BRH:1
end_of_record
TN:
SF:src/plugins/reactive.ts
FN:10,(anonymous_0)
FN:19,(anonymous_1)
FN:23,(anonymous_2)
FN:29,(anonymous_3)
FN:47,(anonymous_4)
FN:58,(anonymous_5)
FN:65,(anonymous_6)
FN:71,(anonymous_7)
FN:87,(anonymous_8)
FN:95,(anonymous_9)
FN:102,(anonymous_10)
FN:15,(anonymous_11)
FNF:12
FNH:7
FNDA:1,(anonymous_0)
FNDA:1,(anonymous_1)
FNDA:2,(anonymous_2)
FNDA:2,(anonymous_3)
FNDA:1,(anonymous_4)
FNDA:1,(anonymous_5)
FNDA:0,(anonymous_6)
FNDA:0,(anonymous_7)
FNDA:0,(anonymous_8)
FNDA:0,(anonymous_9)
FNDA:0,(anonymous_10)
FNDA:1,(anonymous_11)
DA:4,1
DA:6,1
DA:12,1
DA:13,1
DA:16,1
DA:19,1
DA:20,1
DA:23,1
DA:24,2
DA:25,2
DA:26,2
DA:29,1
DA:30,2
DA:32,2
DA:34,2
DA:35,0
DA:37,2
DA:38,2
DA:39,2
DA:40,2
DA:41,2
DA:43,2
DA:44,2
DA:47,1
DA:48,1
DA:50,1
DA:51,1
DA:53,1
DA:55,1
DA:56,1
DA:57,1
DA:58,1
DA:59,1
DA:63,1
DA:64,1
DA:65,0
DA:66,0
DA:71,1
DA:72,0
DA:74,0
DA:76,0
DA:77,0
DA:79,0
DA:80,0
DA:81,0
DA:82,0
DA:83,0
DA:84,0
DA:87,1
DA:88,0
DA:90,0
DA:92,0
DA:93,0
DA:94,0
DA:95,0
DA:96,0
DA:100,0
DA:101,0
DA:102,0
DA:103,0
DA:109,1
LF:61
LH:37
BRDA:24,0,0,0
BRDA:24,0,1,2
BRDA:24,1,0,2
BRDA:24,1,1,2
BRDA:34,2,0,0
BRDA:37,3,0,2
BRDA:37,3,1,1
BRDA:38,4,0,2
BRDA:38,4,1,1
BRDA:40,5,0,2
BRDA:56,6,0,0
BRDA:56,6,1,1
BRDA:56,7,0,1
BRDA:56,7,1,1
BRDA:57,8,0,1
BRDA:57,9,0,1
BRDA:57,9,1,1
BRDA:63,10,0,0
BRDA:63,10,1,1
BRDA:63,11,0,1
BRDA:63,11,1,1
BRDA:64,12,0,0
BRDA:64,13,0,1
BRDA:64,13,1,1
BRDA:76,14,0,0
BRDA:79,15,0,0
BRDA:79,15,1,0
BRDA:80,16,0,0
BRDA:80,16,1,0
BRDA:93,17,0,0
BRDA:93,17,1,0
BRDA:93,18,0,0
BRDA:93,18,1,0
BRDA:94,19,0,0
BRDA:94,20,0,0
BRDA:94,20,1,0
BRDA:100,21,0,0
BRDA:100,21,1,0
BRDA:100,22,0,0
BRDA:100,22,1,0
BRDA:101,23,0,0
BRF:41
BRH:19
end_of_record
TN:
SF:src/plugins/subscribe.ts
FN:11,(anonymous_0)
FN:20,(anonymous_1)
FN:35,(anonymous_2)
FN:45,(anonymous_3)
FN:49,(anonymous_4)
FN:50,(anonymous_5)
FN:51,(anonymous_6)
FN:16,(anonymous_7)
FN:60,(anonymous_8)
FNF:9
FNH:5
FNDA:1,(anonymous_0)
FNDA:1,(anonymous_1)
FNDA:2,(anonymous_2)
FNDA:1,(anonymous_3)
FNDA:0,(anonymous_4)
FNDA:0,(anonymous_5)
FNDA:0,(anonymous_6)
FNDA:1,(anonymous_7)
FNDA:0,(anonymous_8)
DA:4,1
DA:6,1
DA:13,1
DA:14,1
DA:17,1
DA:20,1
DA:21,1
DA:22,1
DA:23,1
DA:24,1
DA:25,1
DA:27,1
DA:29,0
DA:30,0
DA:31,0
DA:32,0
DA:35,1
DA:36,2
DA:38,2
DA:40,0
DA:41,0
DA:45,1
DA:46,1
DA:47,1
DA:48,1
DA:49,1
DA:50,1
DA:51,0
DA:52,0
DA:60,1
DA:61,0
DA:62,0
DA:63,0
DA:64,0
DA:65,0
DA:66,0
DA:67,0
DA:71,1
LF:38
LH:23
BRDA:21,0,0,1
BRDA:21,0,1,1
BRDA:22,1,0,1
BRDA:24,2,0,1
BRDA:31,3,0,0
BRDA:31,3,1,0
BRDA:38,4,0,0
BRDA:48,5,0,1
BRDA:51,6,0,0
BRDA:51,6,1,0
BRDA:51,7,0,0
BRDA:51,7,1,0
BRDA:64,8,0,0
BRDA:65,9,0,0
BRDA:65,9,1,0
BRF:15
BRH:5
end_of_record
TN:
SF:src/utils/tools.ts
FN:1,(anonymous_0)
FN:3,(anonymous_1)
FN:5,(anonymous_2)
FN:7,(anonymous_3)
FN:11,(anonymous_4)
FN:17,(anonymous_5)
FNF:6
FNH:5
FNDA:2,(anonymous_0)
FNDA:6,(anonymous_1)
FNDA:1,(anonymous_2)
FNDA:0,(anonymous_3)
FNDA:2,(anonymous_4)
FNDA:2,(anonymous_5)
DA:1,2
DA:3,6
DA:5,1
DA:7,1
DA:8,0
DA:11,1
DA:12,2
DA:15,1
DA:17,1
DA:18,2
DA:19,0
DA:21,2
DA:24,1
LF:13
LH:11
BRDA:3,0,0,6
BRDA:3,0,1,2
BRDA:8,1,0,0
BRDA:8,1,1,0
BRDA:8,1,2,0
BRDA:18,2,0,0
BRDA:18,3,0,2
BRDA:18,3,1,0
BRDA:18,3,2,0
BRF:9
BRH:3
end_of_record
